# test_ramfs.sh /mnt/ebs_raid1_4
## ram -> disk
### Round 1 / 3
	Command being timed: "cp /mnt/tmpfs/data.tmp /mnt/ebs_raid1_4/data.tmp"
	User time (seconds): 0.00
	System time (seconds): 0.68
	Percent of CPU this job got: 36%
	Elapsed (wall clock) time (h:mm:ss or m:ss): 0:01.88
	Average shared text size (kbytes): 0
	Average unshared data size (kbytes): 0
	Average stack size (kbytes): 0
	Average total size (kbytes): 0
	Maximum resident set size (kbytes): 3712
	Average resident set size (kbytes): 0
	Major (requiring I/O) page faults: 0
	Minor (reclaiming a frame) page faults: 283
	Voluntary context switches: 44
	Involuntary context switches: 110
	Swaps: 0
	File system inputs: 16
	File system outputs: 1048576
	Socket messages sent: 0
	Socket messages received: 0
	Signals delivered: 0
	Page size (bytes): 4096
	Exit status: 0
### Round 2 / 3
	Command being timed: "cp /mnt/tmpfs/data.tmp /mnt/ebs_raid1_4/data.tmp"
	User time (seconds): 0.00
	System time (seconds): 0.96
	Percent of CPU this job got: 1%
	Elapsed (wall clock) time (h:mm:ss or m:ss): 1:02.05
	Average shared text size (kbytes): 0
	Average unshared data size (kbytes): 0
	Average stack size (kbytes): 0
	Average total size (kbytes): 0
	Maximum resident set size (kbytes): 3712
	Average resident set size (kbytes): 0
	Major (requiring I/O) page faults: 0
	Minor (reclaiming a frame) page faults: 282
	Voluntary context switches: 10225
	Involuntary context switches: 382
	Swaps: 0
	File system inputs: 16
	File system outputs: 1048576
	Socket messages sent: 0
	Socket messages received: 0
	Signals delivered: 0
	Page size (bytes): 4096
	Exit status: 0
### Round 3 / 3
	Command being timed: "cp /mnt/tmpfs/data.tmp /mnt/ebs_raid1_4/data.tmp"
	User time (seconds): 0.02
	System time (seconds): 0.82
	Percent of CPU this job got: 2%
	Elapsed (wall clock) time (h:mm:ss or m:ss): 0:30.23
	Average shared text size (kbytes): 0
	Average unshared data size (kbytes): 0
	Average stack size (kbytes): 0
	Average total size (kbytes): 0
	Maximum resident set size (kbytes): 3712
	Average resident set size (kbytes): 0
	Major (requiring I/O) page faults: 0
	Minor (reclaiming a frame) page faults: 282
	Voluntary context switches: 4919
	Involuntary context switches: 330
	Swaps: 0
	File system inputs: 0
	File system outputs: 1048576
	Socket messages sent: 0
	Socket messages received: 0
	Signals delivered: 0
	Page size (bytes): 4096
	Exit status: 0
## disk -> ram
### Round 1 / 3
	Command being timed: "cp /mnt/ebs_raid1_4/data.tmp /mnt/tmpfs/data.tmp"
	User time (seconds): 0.01
	System time (seconds): 0.48
	Percent of CPU this job got: 97%
	Elapsed (wall clock) time (h:mm:ss or m:ss): 0:00.50
	Average shared text size (kbytes): 0
	Average unshared data size (kbytes): 0
	Average stack size (kbytes): 0
	Average total size (kbytes): 0
	Maximum resident set size (kbytes): 3728
	Average resident set size (kbytes): 0
	Major (requiring I/O) page faults: 0
	Minor (reclaiming a frame) page faults: 284
	Voluntary context switches: 1
	Involuntary context switches: 227
	Swaps: 0
	File system inputs: 0
	File system outputs: 0
	Socket messages sent: 0
	Socket messages received: 0
	Signals delivered: 0
	Page size (bytes): 4096
	Exit status: 0
### Round 2 / 3
	Command being timed: "cp /mnt/ebs_raid1_4/data.tmp /mnt/tmpfs/data.tmp"
	User time (seconds): 0.00
	System time (seconds): 0.47
	Percent of CPU this job got: 97%
	Elapsed (wall clock) time (h:mm:ss or m:ss): 0:00.49
	Average shared text size (kbytes): 0
	Average unshared data size (kbytes): 0
	Average stack size (kbytes): 0
	Average total size (kbytes): 0
	Maximum resident set size (kbytes): 3712
	Average resident set size (kbytes): 0
	Major (requiring I/O) page faults: 0
	Minor (reclaiming a frame) page faults: 282
	Voluntary context switches: 1
	Involuntary context switches: 266
	Swaps: 0
	File system inputs: 0
	File system outputs: 0
	Socket messages sent: 0
	Socket messages received: 0
	Signals delivered: 0
	Page size (bytes): 4096
	Exit status: 0
### Round 3 / 3
	Command being timed: "cp /mnt/ebs_raid1_4/data.tmp /mnt/tmpfs/data.tmp"
	User time (seconds): 0.00
	System time (seconds): 0.47
	Percent of CPU this job got: 97%
	Elapsed (wall clock) time (h:mm:ss or m:ss): 0:00.49
	Average shared text size (kbytes): 0
	Average unshared data size (kbytes): 0
	Average stack size (kbytes): 0
	Average total size (kbytes): 0
	Maximum resident set size (kbytes): 3712
	Average resident set size (kbytes): 0
	Major (requiring I/O) page faults: 0
	Minor (reclaiming a frame) page faults: 282
	Voluntary context switches: 1
	Involuntary context switches: 267
	Swaps: 0
	File system inputs: 0
	File system outputs: 0
	Socket messages sent: 0
	Socket messages received: 0
	Signals delivered: 0
	Page size (bytes): 4096
	Exit status: 0
# test_fio.sh /mnt/ebs_raid1_4
## BS:1k, SCR:fio-rand-read, NUM: 4, SIZE: 256m
rand-read: (g=0): rw=randread, bs=1K-1K/1K-1K/1K-1K, ioengine=sync, iodepth=1
...
rand-read: (g=0): rw=randread, bs=1K-1K/1K-1K/1K-1K, ioengine=sync, iodepth=1
fio-2.0.13
Starting 4 processes
rand-read: Laying out IO file(s) (1 file(s) / 256MB)
rand-read: Laying out IO file(s) (1 file(s) / 256MB)
rand-read: Laying out IO file(s) (1 file(s) / 256MB)
rand-read: Laying out IO file(s) (1 file(s) / 256MB)

rand-read: (groupid=0, jobs=4): err= 0: pid=18855: Fri Oct 18 08:15:43 2013
  read : io=59928KB, bw=1996.5KB/s, iops=1996 , runt= 30018msec
    clat (usec): min=295 , max=1745.3K, avg=1998.41, stdev=24597.19
     lat (usec): min=295 , max=1745.3K, avg=1998.55, stdev=24597.19
    clat percentiles (usec):
     |  1.00th=[  334],  5.00th=[  358], 10.00th=[  374], 20.00th=[  398],
     | 30.00th=[  422], 40.00th=[  450], 50.00th=[  498], 60.00th=[  556],
     | 70.00th=[  644], 80.00th=[  764], 90.00th=[ 1176], 95.00th=[ 7392],
     | 99.00th=[24960], 99.50th=[35072], 99.90th=[65280], 99.95th=[115200],
     | 99.99th=[1712128]
    bw (KB/s)  : min=    5, max= 2036, per=29.12%, avg=581.14, stdev=641.59
    lat (usec) : 500=50.52%, 750=28.48%, 1000=8.14%
    lat (msec) : 2=4.86%, 4=0.99%, 10=3.51%, 20=2.10%, 50=1.22%
    lat (msec) : 100=0.12%, 250=0.01%, 750=0.01%, 1000=0.02%, 2000=0.01%
  cpu          : usr=0.19%, sys=1.48%, ctx=69890, majf=0, minf=108
  IO depths    : 1=100.0%, 2=0.0%, 4=0.0%, 8=0.0%, 16=0.0%, 32=0.0%, >=64=0.0%
     submit    : 0=0.0%, 4=100.0%, 8=0.0%, 16=0.0%, 32=0.0%, 64=0.0%, >=64=0.0%
     complete  : 0=0.0%, 4=100.0%, 8=0.0%, 16=0.0%, 32=0.0%, 64=0.0%, >=64=0.0%
     issued    : total=r=59928/w=0/d=0, short=r=0/w=0/d=0

Run status group 0 (all jobs):
   READ: io=59928KB, aggrb=1996KB/s, minb=1996KB/s, maxb=1996KB/s, mint=30018msec, maxt=30018msec

Disk stats (read/write):
    md1: ios=59902/158, merge=0/0, ticks=0/0, in_queue=0, util=0.00%, aggrios=15173/734, aggrmerge=0/8, aggrticks=19541/10587, aggrin_queue=29951, aggrutil=83.87%
  xvdf: ios=60694/150, merge=0/8, ticks=78164/6952, in_queue=85288, util=83.87%
  xvdg: ios=0/932, merge=0/8, ticks=0/7092, in_queue=6824, util=8.24%
  xvdh: ios=0/933, merge=0/8, ticks=0/20784, in_queue=20384, util=17.38%
  xvdi: ios=0/924, merge=0/8, ticks=0/7520, in_queue=7308, util=10.14%
## BS:2k, SCR:fio-rand-read, NUM: 4, SIZE: 256m
rand-read: (g=0): rw=randread, bs=2K-2K/2K-2K/2K-2K, ioengine=sync, iodepth=1
...
rand-read: (g=0): rw=randread, bs=2K-2K/2K-2K/2K-2K, ioengine=sync, iodepth=1
fio-2.0.13
Starting 4 processes

rand-read: (groupid=0, jobs=4): err= 0: pid=18861: Fri Oct 18 08:16:14 2013
  read : io=100612KB, bw=3349.4KB/s, iops=1674 , runt= 30039msec
    clat (usec): min=325 , max=1583.2K, avg=2382.87, stdev=19941.19
     lat (usec): min=325 , max=1583.2K, avg=2383.01, stdev=19941.19
    clat percentiles (usec):
     |  1.00th=[  374],  5.00th=[  406], 10.00th=[  426], 20.00th=[  462],
     | 30.00th=[  506], 40.00th=[  564], 50.00th=[  628], 60.00th=[  708],
     | 70.00th=[  828], 80.00th=[ 1096], 90.00th=[ 5792], 95.00th=[10432],
     | 99.00th=[23936], 99.50th=[31616], 99.90th=[46336], 99.95th=[54016],
     | 99.99th=[1122304]
    bw (KB/s)  : min=   21, max= 2654, per=27.01%, avg=904.62, stdev=583.96
    lat (usec) : 500=29.13%, 750=35.13%, 1000=12.73%
    lat (msec) : 2=8.51%, 4=2.19%, 10=6.93%, 20=3.94%, 50=1.37%
    lat (msec) : 100=0.05%, 750=0.01%, 1000=0.01%, 2000=0.02%
  cpu          : usr=0.24%, sys=1.23%, ctx=57276, majf=0, minf=116
  IO depths    : 1=100.0%, 2=0.0%, 4=0.0%, 8=0.0%, 16=0.0%, 32=0.0%, >=64=0.0%
     submit    : 0=0.0%, 4=100.0%, 8=0.0%, 16=0.0%, 32=0.0%, 64=0.0%, >=64=0.0%
     complete  : 0=0.0%, 4=100.0%, 8=0.0%, 16=0.0%, 32=0.0%, 64=0.0%, >=64=0.0%
     issued    : total=r=50306/w=0/d=0, short=r=0/w=0/d=0

Run status group 0 (all jobs):
   READ: io=100612KB, aggrb=3349KB/s, minb=3349KB/s, maxb=3349KB/s, mint=30039msec, maxt=30039msec

Disk stats (read/write):
    md1: ios=50166/0, merge=0/0, ticks=0/0, in_queue=0, util=0.00%, aggrios=12704/384, aggrmerge=0/0, aggrticks=25629/1420, aggrin_queue=27048, aggrutil=91.59%
  xvdf: ios=50819/0, merge=0/0, ticks=102516/0, in_queue=102512, util=91.59%
  xvdg: ios=0/513, merge=0/0, ticks=0/1640, in_queue=1640, util=5.32%
  xvdh: ios=0/513, merge=0/0, ticks=0/2480, in_queue=2480, util=7.99%
  xvdi: ios=0/513, merge=0/0, ticks=0/1560, in_queue=1560, util=5.02%
## BS:4k, SCR:fio-rand-read, NUM: 4, SIZE: 256m
rand-read: (g=0): rw=randread, bs=4K-4K/4K-4K/4K-4K, ioengine=sync, iodepth=1
...
rand-read: (g=0): rw=randread, bs=4K-4K/4K-4K/4K-4K, ioengine=sync, iodepth=1
fio-2.0.13
Starting 4 processes

rand-read: (groupid=0, jobs=4): err= 0: pid=18867: Fri Oct 18 08:16:46 2013
  read : io=88124KB, bw=2782.9KB/s, iops=695 , runt= 31667msec
    clat (usec): min=362 , max=1779.1K, avg=5518.20, stdev=41107.66
     lat (usec): min=362 , max=1779.1K, avg=5518.34, stdev=41107.66
    clat percentiles (usec):
     |  1.00th=[  402],  5.00th=[  434], 10.00th=[  458], 20.00th=[  506],
     | 30.00th=[  588], 40.00th=[  692], 50.00th=[  820], 60.00th=[ 1096],
     | 70.00th=[ 3920], 80.00th=[ 6944], 90.00th=[12608], 95.00th=[17792],
     | 99.00th=[36608], 99.50th=[46336], 99.90th=[798720], 99.95th=[1138688],
     | 99.99th=[1581056]
    bw (KB/s)  : min=    4, max= 1765, per=30.48%, avg=847.91, stdev=486.89
    lat (usec) : 500=19.31%, 750=25.65%, 1000=12.13%
    lat (msec) : 2=9.49%, 4=3.52%, 10=16.20%, 20=9.68%, 50=3.64%
    lat (msec) : 100=0.26%, 250=0.01%, 1000=0.05%, 2000=0.06%
  cpu          : usr=0.12%, sys=0.51%, ctx=30761, majf=0, minf=116
  IO depths    : 1=100.0%, 2=0.0%, 4=0.0%, 8=0.0%, 16=0.0%, 32=0.0%, >=64=0.0%
     submit    : 0=0.0%, 4=100.0%, 8=0.0%, 16=0.0%, 32=0.0%, 64=0.0%, >=64=0.0%
     complete  : 0=0.0%, 4=100.0%, 8=0.0%, 16=0.0%, 32=0.0%, 64=0.0%, >=64=0.0%
     issued    : total=r=22031/w=0/d=0, short=r=0/w=0/d=0

Run status group 0 (all jobs):
   READ: io=88124KB, aggrb=2782KB/s, minb=2782KB/s, maxb=2782KB/s, mint=31667msec, maxt=31667msec

Disk stats (read/write):
    md1: ios=22031/0, merge=0/0, ticks=0/0, in_queue=0, util=0.00%, aggrios=5676/502, aggrmerge=0/0, aggrticks=22616/1798, aggrin_queue=24524, aggrutil=91.39%
  xvdf: ios=22705/0, merge=0/0, ticks=90464/0, in_queue=90880, util=91.39%
  xvdg: ios=0/670, merge=0/0, ticks=0/2392, in_queue=2400, util=7.54%
  xvdh: ios=0/670, merge=0/0, ticks=0/2592, in_queue=2600, util=8.17%
  xvdi: ios=0/670, merge=0/0, ticks=0/2208, in_queue=2216, util=6.96%
## BS:8k, SCR:fio-rand-read, NUM: 4, SIZE: 256m
rand-read: (g=0): rw=randread, bs=8K-8K/8K-8K/8K-8K, ioengine=sync, iodepth=1
...
rand-read: (g=0): rw=randread, bs=8K-8K/8K-8K/8K-8K, ioengine=sync, iodepth=1
fio-2.0.13
Starting 4 processes

rand-read: (groupid=0, jobs=4): err= 0: pid=18873: Fri Oct 18 08:17:16 2013
  read : io=46456KB, bw=1547.7KB/s, iops=193 , runt= 30017msec
    clat (usec): min=446 , max=1618.8K, avg=20664.30, stdev=81808.97
     lat (usec): min=447 , max=1618.8K, avg=20664.47, stdev=81808.97
    clat percentiles (usec):
     |  1.00th=[  524],  5.00th=[  692], 10.00th=[  932], 20.00th=[ 4384],
     | 30.00th=[ 6752], 40.00th=[ 9280], 50.00th=[12352], 60.00th=[15296],
     | 70.00th=[19328], 80.00th=[24960], 90.00th=[34048], 95.00th=[45312],
     | 99.00th=[66048], 99.50th=[94720], 99.90th=[1433600], 99.95th=[1581056],
     | 99.99th=[1613824]
    bw (KB/s)  : min=   10, max= 1251, per=29.74%, avg=460.10, stdev=234.89
    lat (usec) : 500=0.48%, 750=6.16%, 1000=4.06%
    lat (msec) : 2=4.22%, 4=4.43%, 10=23.20%, 20=28.78%, 50=25.23%
    lat (msec) : 100=2.94%, 250=0.09%, 1000=0.07%, 2000=0.34%
  cpu          : usr=0.12%, sys=0.09%, ctx=13295, majf=0, minf=120
  IO depths    : 1=100.0%, 2=0.0%, 4=0.0%, 8=0.0%, 16=0.0%, 32=0.0%, >=64=0.0%
     submit    : 0=0.0%, 4=100.0%, 8=0.0%, 16=0.0%, 32=0.0%, 64=0.0%, >=64=0.0%
     complete  : 0=0.0%, 4=100.0%, 8=0.0%, 16=0.0%, 32=0.0%, 64=0.0%, >=64=0.0%
     issued    : total=r=5807/w=0/d=0, short=r=0/w=0/d=0

Run status group 0 (all jobs):
   READ: io=46456KB, aggrb=1547KB/s, minb=1547KB/s, maxb=1547KB/s, mint=30017msec, maxt=30017msec

Disk stats (read/write):
    md1: ios=5795/0, merge=0/0, ticks=0/0, in_queue=0, util=0.00%, aggrios=1618/492, aggrmerge=0/0, aggrticks=21816/3397, aggrin_queue=25068, aggrutil=92.02%
  xvdf: ios=6474/0, merge=0/0, ticks=87264/0, in_queue=87272, util=92.02%
  xvdg: ios=0/655, merge=0/0, ticks=0/3908, in_queue=3892, util=6.29%
  xvdh: ios=0/671, merge=0/0, ticks=0/7512, in_queue=6824, util=8.28%
  xvdi: ios=0/644, merge=0/0, ticks=0/2168, in_queue=2284, util=5.81%
## BS:16k, SCR:fio-rand-read, NUM: 4, SIZE: 256m
rand-read: (g=0): rw=randread, bs=16K-16K/16K-16K/16K-16K, ioengine=sync, iodepth=1
...
rand-read: (g=0): rw=randread, bs=16K-16K/16K-16K/16K-16K, ioengine=sync, iodepth=1
fio-2.0.13
Starting 4 processes

rand-read: (groupid=0, jobs=4): err= 0: pid=18879: Fri Oct 18 08:17:47 2013
  read : io=79280KB, bw=2641.3KB/s, iops=165 , runt= 30016msec
    clat (usec): min=585 , max=1466.3K, avg=24221.29, stdev=81451.45
     lat (usec): min=585 , max=1466.3K, avg=24221.49, stdev=81451.45
    clat percentiles (usec):
     |  1.00th=[  780],  5.00th=[ 1144], 10.00th=[ 2704], 20.00th=[ 6304],
     | 30.00th=[ 9536], 40.00th=[12736], 50.00th=[15936], 60.00th=[19328],
     | 70.00th=[23680], 80.00th=[29824], 90.00th=[39680], 95.00th=[49408],
     | 99.00th=[68096], 99.50th=[123392], 99.90th=[1335296], 99.95th=[1466368],
     | 99.99th=[1466368]
    bw (KB/s)  : min=   12, max= 1448, per=28.86%, avg=762.21, stdev=361.46
    lat (usec) : 750=0.63%, 1000=3.03%
    lat (msec) : 2=5.09%, 4=4.04%, 10=18.97%, 20=29.91%, 50=33.50%
    lat (msec) : 100=4.34%, 250=0.02%, 500=0.08%, 2000=0.40%
  cpu          : usr=0.05%, sys=0.15%, ctx=11627, majf=0, minf=128
  IO depths    : 1=100.0%, 2=0.0%, 4=0.0%, 8=0.0%, 16=0.0%, 32=0.0%, >=64=0.0%
     submit    : 0=0.0%, 4=100.0%, 8=0.0%, 16=0.0%, 32=0.0%, 64=0.0%, >=64=0.0%
     complete  : 0=0.0%, 4=100.0%, 8=0.0%, 16=0.0%, 32=0.0%, 64=0.0%, >=64=0.0%
     issued    : total=r=4955/w=0/d=0, short=r=0/w=0/d=0

Run status group 0 (all jobs):
   READ: io=79280KB, aggrb=2641KB/s, minb=2641KB/s, maxb=2641KB/s, mint=30016msec, maxt=30016msec

Disk stats (read/write):
    md1: ios=4943/0, merge=0/0, ticks=0/0, in_queue=0, util=0.00%, aggrios=1358/359, aggrmerge=0/0, aggrticks=18915/1283, aggrin_queue=20198, aggrutil=92.74%
  xvdf: ios=5434/0, merge=0/0, ticks=75660/0, in_queue=75660, util=92.74%
  xvdg: ios=0/479, merge=0/0, ticks=0/1608, in_queue=1608, util=5.34%
  xvdh: ios=0/479, merge=0/0, ticks=0/2020, in_queue=2020, util=6.71%
  xvdi: ios=0/479, merge=0/0, ticks=0/1504, in_queue=1504, util=5.00%
## BS:32k, SCR:fio-rand-read, NUM: 4, SIZE: 256m
rand-read: (g=0): rw=randread, bs=32K-32K/32K-32K/32K-32K, ioengine=sync, iodepth=1
...
rand-read: (g=0): rw=randread, bs=32K-32K/32K-32K/32K-32K, ioengine=sync, iodepth=1
fio-2.0.13
Starting 4 processes

rand-read: (groupid=0, jobs=4): err= 0: pid=18885: Fri Oct 18 08:18:17 2013
  read : io=129280KB, bw=4306.4KB/s, iops=134 , runt= 30023msec
    clat (usec): min=822 , max=1559.3K, avg=29705.12, stdev=79499.10
     lat (usec): min=822 , max=1559.3K, avg=29705.33, stdev=79499.09
    clat percentiles (usec):
     |  1.00th=[ 1208],  5.00th=[ 4384], 10.00th=[ 6752], 20.00th=[10560],
     | 30.00th=[14400], 40.00th=[17792], 50.00th=[21376], 60.00th=[25472],
     | 70.00th=[30080], 80.00th=[36096], 90.00th=[46848], 95.00th=[57600],
     | 99.00th=[79360], 99.50th=[127488], 99.90th=[1187840], 99.95th=[1531904],
     | 99.99th=[1564672]
    bw (KB/s)  : min=   68, max= 2276, per=28.07%, avg=1208.79, stdev=482.09
    lat (usec) : 1000=0.20%
    lat (msec) : 2=2.40%, 4=2.15%, 10=13.86%, 20=27.82%, 50=45.50%
    lat (msec) : 100=7.45%, 250=0.12%, 1000=0.20%, 2000=0.30%
  cpu          : usr=0.02%, sys=0.16%, ctx=12967, majf=0, minf=144
  IO depths    : 1=100.0%, 2=0.0%, 4=0.0%, 8=0.0%, 16=0.0%, 32=0.0%, >=64=0.0%
     submit    : 0=0.0%, 4=100.0%, 8=0.0%, 16=0.0%, 32=0.0%, 64=0.0%, >=64=0.0%
     complete  : 0=0.0%, 4=100.0%, 8=0.0%, 16=0.0%, 32=0.0%, 64=0.0%, >=64=0.0%
     issued    : total=r=4040/w=0/d=0, short=r=0/w=0/d=0

Run status group 0 (all jobs):
   READ: io=129280KB, aggrb=4306KB/s, minb=4306KB/s, maxb=4306KB/s, mint=30023msec, maxt=30023msec

Disk stats (read/write):
    md1: ios=4031/0, merge=0/0, ticks=0/0, in_queue=0, util=0.00%, aggrios=1175/485, aggrmerge=0/0, aggrticks=16934/1729, aggrin_queue=18754, aggrutil=91.25%
  xvdf: ios=4703/0, merge=0/0, ticks=67736/0, in_queue=67856, util=91.25%
  xvdg: ios=0/649, merge=0/0, ticks=0/2256, in_queue=2316, util=7.31%
  xvdh: ios=0/643, merge=0/0, ticks=0/2524, in_queue=2640, util=8.31%
  xvdi: ios=0/648, merge=0/0, ticks=0/2136, in_queue=2204, util=6.92%
## BS:64k, SCR:fio-rand-read, NUM: 4, SIZE: 256m
rand-read: (g=0): rw=randread, bs=64K-64K/64K-64K/64K-64K, ioengine=sync, iodepth=1
...
rand-read: (g=0): rw=randread, bs=64K-64K/64K-64K/64K-64K, ioengine=sync, iodepth=1
fio-2.0.13
Starting 4 processes

rand-read: (groupid=0, jobs=4): err= 0: pid=18891: Fri Oct 18 08:18:48 2013
  read : io=195584KB, bw=6480.4KB/s, iops=101 , runt= 30181msec
    clat (msec): min=1 , max=1856 , avg=39.48, stdev=135.49
     lat (msec): min=1 , max=1856 , avg=39.48, stdev=135.49
    clat percentiles (usec):
     |  1.00th=[ 1736],  5.00th=[ 3248], 10.00th=[ 6816], 20.00th=[10816],
     | 30.00th=[15296], 40.00th=[19072], 50.00th=[22912], 60.00th=[27264],
     | 70.00th=[33024], 80.00th=[40704], 90.00th=[50944], 95.00th=[62720],
     | 99.00th=[757760], 99.50th=[1417216], 99.90th=[1810432], 99.95th=[1843200],
     | 99.99th=[1859584]
    bw (KB/s)  : min=  113, max= 4334, per=32.05%, avg=2076.63, stdev=1096.53
    lat (msec) : 2=2.00%, 4=3.83%, 10=11.88%, 20=24.25%, 50=47.51%
    lat (msec) : 100=9.26%, 250=0.23%, 750=0.03%, 1000=0.23%, 2000=0.79%
  cpu          : usr=0.04%, sys=0.11%, ctx=9499, majf=0, minf=176
  IO depths    : 1=100.0%, 2=0.0%, 4=0.0%, 8=0.0%, 16=0.0%, 32=0.0%, >=64=0.0%
     submit    : 0=0.0%, 4=100.0%, 8=0.0%, 16=0.0%, 32=0.0%, 64=0.0%, >=64=0.0%
     complete  : 0=0.0%, 4=100.0%, 8=0.0%, 16=0.0%, 32=0.0%, 64=0.0%, >=64=0.0%
     issued    : total=r=3056/w=0/d=0, short=r=0/w=0/d=0

Run status group 0 (all jobs):
   READ: io=195584KB, aggrb=6480KB/s, minb=6480KB/s, maxb=6480KB/s, mint=30181msec, maxt=30181msec

Disk stats (read/write):
    md1: ios=6106/0, merge=0/0, ticks=0/0, in_queue=0, util=0.00%, aggrios=1648/352, aggrmerge=0/0, aggrticks=32218/1330, aggrin_queue=33633, aggrutil=93.44%
  xvdf: ios=6595/0, merge=0/0, ticks=128872/0, in_queue=129036, util=93.44%
  xvdg: ios=0/469, merge=0/0, ticks=0/1736, in_queue=1800, util=5.61%
  xvdh: ios=0/469, merge=0/0, ticks=0/1924, in_queue=1988, util=6.20%
  xvdi: ios=0/471, merge=0/0, ticks=0/1660, in_queue=1708, util=5.34%
## BS:128k, SCR:fio-rand-read, NUM: 4, SIZE: 256m
rand-read: (g=0): rw=randread, bs=128K-128K/128K-128K/128K-128K, ioengine=sync, iodepth=1
...
rand-read: (g=0): rw=randread, bs=128K-128K/128K-128K/128K-128K, ioengine=sync, iodepth=1
fio-2.0.13
Starting 4 processes

rand-read: (groupid=0, jobs=4): err= 0: pid=18897: Fri Oct 18 08:19:19 2013
  read : io=312064KB, bw=10242KB/s, iops=80 , runt= 30470msec
    clat (msec): min=2 , max=1378 , avg=49.94, stdev=118.42
     lat (msec): min=2 , max=1378 , avg=49.94, stdev=118.42
    clat percentiles (msec):
     |  1.00th=[    6],  5.00th=[    8], 10.00th=[   11], 20.00th=[   18],
     | 30.00th=[   23], 40.00th=[   28], 50.00th=[   34], 60.00th=[   40],
     | 70.00th=[   47], 80.00th=[   57], 90.00th=[   72], 95.00th=[   86],
     | 99.00th=[  783], 99.50th=[ 1221], 99.90th=[ 1336], 99.95th=[ 1336],
     | 99.99th=[ 1385]
    bw (KB/s)  : min=   95, max= 5576, per=29.32%, avg=3002.27, stdev=1132.23
    lat (msec) : 4=0.33%, 10=8.37%, 20=16.12%, 50=49.55%, 100=22.97%
    lat (msec) : 250=1.35%, 500=0.04%, 750=0.12%, 1000=0.49%, 2000=0.66%
  cpu          : usr=0.04%, sys=0.12%, ctx=12740, majf=0, minf=240
  IO depths    : 1=100.0%, 2=0.0%, 4=0.0%, 8=0.0%, 16=0.0%, 32=0.0%, >=64=0.0%
     submit    : 0=0.0%, 4=100.0%, 8=0.0%, 16=0.0%, 32=0.0%, 64=0.0%, >=64=0.0%
     complete  : 0=0.0%, 4=100.0%, 8=0.0%, 16=0.0%, 32=0.0%, 64=0.0%, >=64=0.0%
     issued    : total=r=2438/w=0/d=0, short=r=0/w=0/d=0

Run status group 0 (all jobs):
   READ: io=312064KB, aggrb=10241KB/s, minb=10241KB/s, maxb=10241KB/s, mint=30470msec, maxt=30470msec

Disk stats (read/write):
    md1: ios=7314/0, merge=0/0, ticks=0/0, in_queue=0, util=0.00%, aggrios=1966/412, aggrmerge=0/0, aggrticks=39446/1554, aggrin_queue=41063, aggrutil=91.86%
  xvdf: ios=7865/0, merge=0/0, ticks=157784/0, in_queue=158012, util=91.86%
  xvdg: ios=0/551, merge=0/0, ticks=0/1980, in_queue=1980, util=6.43%
  xvdh: ios=0/548, merge=0/0, ticks=0/2328, in_queue=2352, util=7.62%
  xvdi: ios=0/551, merge=0/0, ticks=0/1908, in_queue=1908, util=6.20%
## BS:256k, SCR:fio-rand-read, NUM: 4, SIZE: 256m
rand-read: (g=0): rw=randread, bs=256K-256K/256K-256K/256K-256K, ioengine=sync, iodepth=1
...
rand-read: (g=0): rw=randread, bs=256K-256K/256K-256K/256K-256K, ioengine=sync, iodepth=1
fio-2.0.13
Starting 4 processes

rand-read: (groupid=0, jobs=4): err= 0: pid=18903: Fri Oct 18 08:19:49 2013
  read : io=849152KB, bw=28285KB/s, iops=110 , runt= 30021msec
    clat (msec): min=6 , max=1548 , avg=36.19, stdev=102.21
     lat (msec): min=6 , max=1548 , avg=36.19, stdev=102.21
    clat percentiles (msec):
     |  1.00th=[    7],  5.00th=[    8], 10.00th=[    9], 20.00th=[   11],
     | 30.00th=[   14], 40.00th=[   18], 50.00th=[   22], 60.00th=[   26],
     | 70.00th=[   32], 80.00th=[   41], 90.00th=[   56], 95.00th=[   69],
     | 99.00th=[  225], 99.50th=[  971], 99.90th=[ 1532], 99.95th=[ 1532],
     | 99.99th=[ 1549]
    bw (KB/s)  : min=  208, max=19037, per=28.92%, avg=8180.07, stdev=3803.49
    lat (msec) : 10=19.23%, 20=27.95%, 50=40.13%, 100=10.85%, 250=0.87%
    lat (msec) : 500=0.12%, 750=0.09%, 1000=0.36%, 2000=0.39%
  cpu          : usr=0.01%, sys=0.27%, ctx=18730, majf=0, minf=368
  IO depths    : 1=100.0%, 2=0.0%, 4=0.0%, 8=0.0%, 16=0.0%, 32=0.0%, >=64=0.0%
     submit    : 0=0.0%, 4=100.0%, 8=0.0%, 16=0.0%, 32=0.0%, 64=0.0%, >=64=0.0%
     complete  : 0=0.0%, 4=100.0%, 8=0.0%, 16=0.0%, 32=0.0%, 64=0.0%, >=64=0.0%
     issued    : total=r=3317/w=0/d=0, short=r=0/w=0/d=0

Run status group 0 (all jobs):
   READ: io=849152KB, aggrb=28285KB/s, minb=28285KB/s, maxb=28285KB/s, mint=30021msec, maxt=30021msec

Disk stats (read/write):
    md1: ios=19854/0, merge=0/0, ticks=0/0, in_queue=0, util=0.00%, aggrios=5140/495, aggrmerge=0/0, aggrticks=98191/1835, aggrin_queue=100144, aggrutil=91.38%
  xvdf: ios=20563/0, merge=0/0, ticks=392764/0, in_queue=393236, util=91.38%
  xvdg: ios=0/661, merge=0/0, ticks=0/2160, in_queue=2160, util=6.50%
  xvdh: ios=0/661, merge=0/0, ticks=0/3076, in_queue=3076, util=8.08%
  xvdi: ios=0/661, merge=0/0, ticks=0/2104, in_queue=2104, util=6.41%
## BS:1k, SCR:fio-rand-rw, NUM: 4, SIZE: 256m
rand-rw: (g=0): rw=randrw, bs=1K-1K/1K-1K/1K-1K, ioengine=sync, iodepth=1
...
rand-rw: (g=0): rw=randrw, bs=1K-1K/1K-1K/1K-1K, ioengine=sync, iodepth=1
fio-2.0.13
Starting 4 processes
rand-rw: Laying out IO file(s) (1 file(s) / 256MB)
rand-rw: Laying out IO file(s) (1 file(s) / 256MB)
rand-rw: Laying out IO file(s) (1 file(s) / 256MB)
rand-rw: Laying out IO file(s) (1 file(s) / 256MB)

rand-rw: (groupid=0, jobs=4): err= 0: pid=18909: Fri Oct 18 08:21:09 2013
  read : io=32354KB, bw=1078.2KB/s, iops=1078 , runt= 30009msec
    clat (usec): min=291 , max=498144 , avg=1184.59, stdev=6997.39
     lat (usec): min=291 , max=498144 , avg=1184.77, stdev=6997.39
    clat percentiles (usec):
     |  1.00th=[  334],  5.00th=[  358], 10.00th=[  374], 20.00th=[  398],
     | 30.00th=[  426], 40.00th=[  470], 50.00th=[  548], 60.00th=[  668],
     | 70.00th=[  804], 80.00th=[ 1048], 90.00th=[ 1528], 95.00th=[ 4384],
     | 99.00th=[ 9152], 99.50th=[14144], 99.90th=[32128], 99.95th=[42240],
     | 99.99th=[497664]
    bw (KB/s)  : min=   13, max=  461, per=25.38%, avg=273.60, stdev=124.22
  write: io=31997KB, bw=1066.3KB/s, iops=1066 , runt= 30009msec
    clat (usec): min=945 , max=383293 , avg=2542.12, stdev=3558.07
     lat (usec): min=945 , max=383293 , avg=2542.34, stdev=3558.07
    clat percentiles (usec):
     |  1.00th=[ 1048],  5.00th=[ 1144], 10.00th=[ 1272], 20.00th=[ 1464],
     | 30.00th=[ 1624], 40.00th=[ 1768], 50.00th=[ 1928], 60.00th=[ 2096],
     | 70.00th=[ 2320], 80.00th=[ 2704], 90.00th=[ 3504], 95.00th=[ 6304],
     | 99.00th=[13248], 99.50th=[21120], 99.90th=[38144], 99.95th=[43776],
     | 99.99th=[74240]
    bw (KB/s)  : min=   11, max=  429, per=25.41%, avg=270.85, stdev=119.17
    lat (usec) : 500=22.31%, 750=11.07%, 1000=5.92%
    lat (msec) : 2=34.58%, 4=19.66%, 10=5.18%, 20=0.85%, 50=0.40%
    lat (msec) : 100=0.02%, 250=0.01%, 500=0.01%
  cpu          : usr=0.39%, sys=1.67%, ctx=74490, majf=0, minf=104
  IO depths    : 1=100.0%, 2=0.0%, 4=0.0%, 8=0.0%, 16=0.0%, 32=0.0%, >=64=0.0%
     submit    : 0=0.0%, 4=100.0%, 8=0.0%, 16=0.0%, 32=0.0%, 64=0.0%, >=64=0.0%
     complete  : 0=0.0%, 4=100.0%, 8=0.0%, 16=0.0%, 32=0.0%, 64=0.0%, >=64=0.0%
     issued    : total=r=32354/w=31997/d=0, short=r=0/w=0/d=0

Run status group 0 (all jobs):
   READ: io=32354KB, aggrb=1078KB/s, minb=1078KB/s, maxb=1078KB/s, mint=30009msec, maxt=30009msec
  WRITE: io=31997KB, aggrb=1066KB/s, minb=1066KB/s, maxb=1066KB/s, mint=30009msec, maxt=30009msec

Disk stats (read/write):
    md1: ios=32354/32035, merge=0/0, ticks=0/0, in_queue=0, util=0.00%, aggrios=8279/32591, aggrmerge=0/21, aggrticks=6407/46942, aggrin_queue=53292, aggrutil=86.66%
  xvdf: ios=33119/32015, merge=0/21, ticks=25628/53236, in_queue=78844, util=86.66%
  xvdg: ios=0/32780, merge=0/21, ticks=0/38408, in_queue=38396, util=70.53%
  xvdh: ios=0/32789, merge=0/21, ticks=0/59264, in_queue=59076, util=83.05%
  xvdi: ios=0/32780, merge=0/21, ticks=0/36860, in_queue=36852, util=70.37%
## BS:2k, SCR:fio-rand-rw, NUM: 4, SIZE: 256m
rand-rw: (g=0): rw=randrw, bs=2K-2K/2K-2K/2K-2K, ioengine=sync, iodepth=1
...
rand-rw: (g=0): rw=randrw, bs=2K-2K/2K-2K/2K-2K, ioengine=sync, iodepth=1
fio-2.0.13
Starting 4 processes

rand-rw: (groupid=0, jobs=4): err= 0: pid=18915: Fri Oct 18 08:21:40 2013
  read : io=28114KB, bw=958378 B/s, iops=467 , runt= 30039msec
    clat (usec): min=333 , max=1226.3K, avg=2285.09, stdev=12049.98
     lat (usec): min=333 , max=1226.3K, avg=2285.26, stdev=12049.99
    clat percentiles (usec):
     |  1.00th=[  362],  5.00th=[  382], 10.00th=[  402], 20.00th=[  442],
     | 30.00th=[  524], 40.00th=[  620], 50.00th=[  732], 60.00th=[  884],
     | 70.00th=[ 1080], 80.00th=[ 1480], 90.00th=[ 3056], 95.00th=[ 9792],
     | 99.00th=[30336], 99.50th=[41216], 99.90th=[66048], 99.95th=[78336],
     | 99.99th=[209920]
    bw (KB/s)  : min=   11, max=  772, per=25.98%, avg=242.95, stdev=191.35
  write: io=28232KB, bw=962401 B/s, iops=469 , runt= 30039msec
    clat (msec): min=1 , max=1096 , avg= 6.23, stdev=19.40
     lat (msec): min=1 , max=1096 , avg= 6.23, stdev=19.40
    clat percentiles (usec):
     |  1.00th=[ 1176],  5.00th=[ 1448], 10.00th=[ 1672], 20.00th=[ 1976],
     | 30.00th=[ 2256], 40.00th=[ 2608], 50.00th=[ 2960], 60.00th=[ 3376],
     | 70.00th=[ 4080], 80.00th=[ 5920], 90.00th=[13504], 95.00th=[21120],
     | 99.00th=[49408], 99.50th=[65280], 99.90th=[130560], 99.95th=[187392],
     | 99.99th=[1089536]
    bw (KB/s)  : min=   13, max=  708, per=25.97%, avg=243.84, stdev=184.49
    lat (usec) : 500=13.81%, 750=11.82%, 1000=7.28%
    lat (msec) : 2=20.53%, 4=26.63%, 10=10.78%, 20=5.44%, 50=3.07%
    lat (msec) : 100=0.53%, 250=0.10%, 500=0.01%, 2000=0.01%
  cpu          : usr=0.10%, sys=0.83%, ctx=34953, majf=0, minf=113
  IO depths    : 1=100.0%, 2=0.0%, 4=0.0%, 8=0.0%, 16=0.0%, 32=0.0%, >=64=0.0%
     submit    : 0=0.0%, 4=100.0%, 8=0.0%, 16=0.0%, 32=0.0%, 64=0.0%, >=64=0.0%
     complete  : 0=0.0%, 4=100.0%, 8=0.0%, 16=0.0%, 32=0.0%, 64=0.0%, >=64=0.0%
     issued    : total=r=14057/w=14116/d=0, short=r=0/w=0/d=0

Run status group 0 (all jobs):
   READ: io=28114KB, aggrb=935KB/s, minb=935KB/s, maxb=935KB/s, mint=30039msec, maxt=30039msec
  WRITE: io=28232KB, aggrb=939KB/s, minb=939KB/s, maxb=939KB/s, mint=30039msec, maxt=30039msec

Disk stats (read/write):
    md1: ios=14051/14134, merge=0/0, ticks=0/0, in_queue=0, util=0.00%, aggrios=3637/14493, aggrmerge=0/10, aggrticks=4787/33883, aggrin_queue=38691, aggrutil=84.47%
  xvdf: ios=14551/14126, merge=0/10, ticks=19148/33092, in_queue=52300, util=72.50%
  xvdg: ios=0/14616, merge=0/10, ticks=0/19484, in_queue=19492, util=43.52%
  xvdh: ios=0/14616, merge=0/10, ticks=0/64728, in_queue=64736, util=84.47%
  xvdi: ios=0/14616, merge=0/10, ticks=0/18228, in_queue=18236, util=41.40%
## BS:4k, SCR:fio-rand-rw, NUM: 4, SIZE: 256m
rand-rw: (g=0): rw=randrw, bs=4K-4K/4K-4K/4K-4K, ioengine=sync, iodepth=1
...
rand-rw: (g=0): rw=randrw, bs=4K-4K/4K-4K/4K-4K, ioengine=sync, iodepth=1
fio-2.0.13
Starting 4 processes

rand-rw: (groupid=0, jobs=4): err= 0: pid=18921: Fri Oct 18 08:22:10 2013
  read : io=26196KB, bw=893680 B/s, iops=218 , runt= 30016msec
    clat (usec): min=349 , max=1759.8K, avg=8430.24, stdev=47428.40
     lat (usec): min=349 , max=1759.8K, avg=8430.40, stdev=47428.41
    clat percentiles (usec):
     |  1.00th=[  382],  5.00th=[  410], 10.00th=[  442], 20.00th=[  580],
     | 30.00th=[  756], 40.00th=[ 1004], 50.00th=[ 1368], 60.00th=[ 2320],
     | 70.00th=[ 7648], 80.00th=[11712], 90.00th=[18048], 95.00th=[27264],
     | 99.00th=[51968], 99.50th=[63744], 99.90th=[872448], 99.95th=[1155072],
     | 99.99th=[1761280]
    bw (KB/s)  : min=    6, max=  632, per=27.75%, avg=241.97, stdev=162.66
  write: io=26076KB, bw=889586 B/s, iops=217 , runt= 30016msec
    clat (msec): min=1 , max=1357 , avg= 9.93, stdev=32.39
     lat (msec): min=1 , max=1357 , avg= 9.94, stdev=32.39
    clat percentiles (msec):
     |  1.00th=[    3],  5.00th=[    3], 10.00th=[    4], 20.00th=[    5],
     | 30.00th=[    5], 40.00th=[    6], 50.00th=[    7], 60.00th=[    8],
     | 70.00th=[    9], 80.00th=[   13], 90.00th=[   19], 95.00th=[   24],
     | 99.00th=[   43], 99.50th=[   58], 99.90th=[  635], 99.95th=[  865],
     | 99.99th=[ 1352]
    bw (KB/s)  : min=    3, max=  599, per=27.57%, avg=239.34, stdev=160.08
    lat (usec) : 500=7.35%, 750=7.63%, 1000=5.00%
    lat (msec) : 2=9.07%, 4=13.60%, 10=32.56%, 20=16.45%, 50=7.42%
    lat (msec) : 100=0.76%, 250=0.02%, 750=0.05%, 1000=0.05%, 2000=0.06%
  cpu          : usr=0.06%, sys=0.39%, ctx=21852, majf=0, minf=109
  IO depths    : 1=100.0%, 2=0.0%, 4=0.0%, 8=0.0%, 16=0.0%, 32=0.0%, >=64=0.0%
     submit    : 0=0.0%, 4=100.0%, 8=0.0%, 16=0.0%, 32=0.0%, 64=0.0%, >=64=0.0%
     complete  : 0=0.0%, 4=100.0%, 8=0.0%, 16=0.0%, 32=0.0%, 64=0.0%, >=64=0.0%
     issued    : total=r=6549/w=6519/d=0, short=r=0/w=0/d=0

Run status group 0 (all jobs):
   READ: io=26196KB, aggrb=872KB/s, minb=872KB/s, maxb=872KB/s, mint=30016msec, maxt=30016msec
  WRITE: io=26076KB, aggrb=868KB/s, minb=868KB/s, maxb=868KB/s, mint=30016msec, maxt=30016msec

Disk stats (read/write):
    md1: ios=6543/6537, merge=0/0, ticks=0/0, in_queue=0, util=0.00%, aggrios=1809/7041, aggrmerge=0/12, aggrticks=9171/21986, aggrin_queue=31264, aggrutil=77.06%
  xvdf: ios=7238/6531, merge=0/12, ticks=36684/21700, in_queue=58672, util=77.06%
  xvdg: ios=0/7212, merge=0/12, ticks=0/12404, in_queue=12436, util=30.81%
  xvdh: ios=0/7207, merge=0/12, ticks=0/41936, in_queue=42020, util=64.14%
  xvdi: ios=0/7214, merge=0/12, ticks=0/11904, in_queue=11928, util=29.80%
## BS:8k, SCR:fio-rand-rw, NUM: 4, SIZE: 256m
rand-rw: (g=0): rw=randrw, bs=8K-8K/8K-8K/8K-8K, ioengine=sync, iodepth=1
...
rand-rw: (g=0): rw=randrw, bs=8K-8K/8K-8K/8K-8K, ioengine=sync, iodepth=1
fio-2.0.13
Starting 4 processes

rand-rw: (groupid=0, jobs=4): err= 0: pid=18927: Fri Oct 18 08:22:42 2013
  read : io=35816KB, bw=1155.9KB/s, iops=144 , runt= 30988msec
    clat (usec): min=428 , max=1505.7K, avg=15103.14, stdev=48321.71
     lat (usec): min=428 , max=1505.7K, avg=15103.33, stdev=48321.71
    clat percentiles (usec):
     |  1.00th=[  478],  5.00th=[  676], 10.00th=[  916], 20.00th=[ 1656],
     | 30.00th=[ 3536], 40.00th=[ 6816], 50.00th=[ 9408], 60.00th=[12608],
     | 70.00th=[16512], 80.00th=[22400], 90.00th=[33024], 95.00th=[43264],
     | 99.00th=[64256], 99.50th=[71168], 99.90th=[1335296], 99.95th=[1384448],
     | 99.99th=[1499136]
    bw (KB/s)  : min=   31, max=  710, per=26.36%, avg=304.43, stdev=165.59
  write: io=34832KB, bw=1124.5KB/s, iops=140 , runt= 30988msec
    clat (msec): min=1 , max=1375 , avg=12.90, stdev=36.38
     lat (msec): min=1 , max=1375 , avg=12.91, stdev=36.38
    clat percentiles (msec):
     |  1.00th=[    3],  5.00th=[    4], 10.00th=[    5], 20.00th=[    6],
     | 30.00th=[    7], 40.00th=[    8], 50.00th=[    9], 60.00th=[   11],
     | 70.00th=[   13], 80.00th=[   18], 90.00th=[   25], 95.00th=[   32],
     | 99.00th=[   52], 99.50th=[   58], 99.90th=[   89], 99.95th=[ 1336],
     | 99.99th=[ 1369]
    bw (KB/s)  : min=   45, max=  690, per=26.37%, avg=296.43, stdev=167.03
    lat (usec) : 500=0.68%, 750=2.76%, 1000=2.32%
    lat (msec) : 2=5.83%, 4=9.30%, 10=34.29%, 20=24.63%, 50=18.20%
    lat (msec) : 100=1.86%, 250=0.05%, 2000=0.09%
  cpu          : usr=0.10%, sys=0.22%, ctx=19036, majf=0, minf=109
  IO depths    : 1=100.0%, 2=0.0%, 4=0.0%, 8=0.0%, 16=0.0%, 32=0.0%, >=64=0.0%
     submit    : 0=0.0%, 4=100.0%, 8=0.0%, 16=0.0%, 32=0.0%, 64=0.0%, >=64=0.0%
     complete  : 0=0.0%, 4=100.0%, 8=0.0%, 16=0.0%, 32=0.0%, 64=0.0%, >=64=0.0%
     issued    : total=r=4477/w=4354/d=0, short=r=0/w=0/d=0

Run status group 0 (all jobs):
   READ: io=35816KB, aggrb=1155KB/s, minb=1155KB/s, maxb=1155KB/s, mint=30988msec, maxt=30988msec
  WRITE: io=34832KB, aggrb=1124KB/s, minb=1124KB/s, maxb=1124KB/s, mint=30988msec, maxt=30988msec

Disk stats (read/write):
    md1: ios=4477/4374, merge=0/0, ticks=0/0, in_queue=0, util=0.00%, aggrios=1304/4922, aggrmerge=0/12, aggrticks=11296/18299, aggrin_queue=29595, aggrutil=82.39%
  xvdf: ios=5219/4366, merge=0/12, ticks=45184/22256, in_queue=67440, util=82.39%
  xvdg: ios=0/5108, merge=0/12, ticks=0/10588, in_queue=10588, util=26.31%
  xvdh: ios=0/5108, merge=0/12, ticks=0/30016, in_queue=30016, util=53.55%
  xvdi: ios=0/5108, merge=0/12, ticks=0/10336, in_queue=10336, util=25.70%
## BS:16k, SCR:fio-rand-rw, NUM: 4, SIZE: 256m
rand-rw: (g=0): rw=randrw, bs=16K-16K/16K-16K/16K-16K, ioengine=sync, iodepth=1
...
rand-rw: (g=0): rw=randrw, bs=16K-16K/16K-16K/16K-16K, ioengine=sync, iodepth=1
fio-2.0.13
Starting 4 processes

rand-rw: (groupid=0, jobs=4): err= 0: pid=18933: Fri Oct 18 08:23:12 2013
  read : io=51200KB, bw=1705.4KB/s, iops=106 , runt= 30023msec
    clat (usec): min=517 , max=2587.5K, avg=21664.20, stdev=87755.34
     lat (usec): min=517 , max=2587.5K, avg=21664.42, stdev=87755.34
    clat percentiles (usec):
     |  1.00th=[  860],  5.00th=[ 1528], 10.00th=[ 2384], 20.00th=[ 4640],
     | 30.00th=[ 8096], 40.00th=[10688], 50.00th=[13888], 60.00th=[17792],
     | 70.00th=[21888], 80.00th=[28800], 90.00th=[39680], 95.00th=[49408],
     | 99.00th=[70144], 99.50th=[79360], 99.90th=[1613824], 99.95th=[2572288],
     | 99.99th=[2572288]
    bw (KB/s)  : min=   16, max= 1167, per=29.78%, avg=507.81, stdev=270.67
  write: io=49840KB, bw=1660.7KB/s, iops=103 , runt= 30023msec
    clat (msec): min=1 , max=2592 , avg=16.26, stdev=86.10
     lat (msec): min=1 , max=2592 , avg=16.27, stdev=86.10
    clat percentiles (msec):
     |  1.00th=[    3],  5.00th=[    3], 10.00th=[    4], 20.00th=[    5],
     | 30.00th=[    6], 40.00th=[    7], 50.00th=[    8], 60.00th=[   11],
     | 70.00th=[   15], 80.00th=[   20], 90.00th=[   29], 95.00th=[   38],
     | 99.00th=[   60], 99.50th=[   76], 99.90th=[ 2114], 99.95th=[ 2114],
     | 99.99th=[ 2606]
    bw (KB/s)  : min=   10, max= 1206, per=30.03%, avg=498.43, stdev=264.35
    lat (usec) : 750=0.22%, 1000=0.57%
    lat (msec) : 2=3.20%, 4=13.38%, 10=29.64%, 20=25.89%, 50=23.55%
    lat (msec) : 100=3.26%, 250=0.08%, 1000=0.02%, 2000=0.08%, >=2000=0.11%
  cpu          : usr=0.01%, sys=0.28%, ctx=13284, majf=0, minf=112
  IO depths    : 1=100.0%, 2=0.0%, 4=0.0%, 8=0.0%, 16=0.0%, 32=0.0%, >=64=0.0%
     submit    : 0=0.0%, 4=100.0%, 8=0.0%, 16=0.0%, 32=0.0%, 64=0.0%, >=64=0.0%
     complete  : 0=0.0%, 4=100.0%, 8=0.0%, 16=0.0%, 32=0.0%, 64=0.0%, >=64=0.0%
     issued    : total=r=3200/w=3115/d=0, short=r=0/w=0/d=0

Run status group 0 (all jobs):
   READ: io=51200KB, aggrb=1705KB/s, minb=1705KB/s, maxb=1705KB/s, mint=30023msec, maxt=30023msec
  WRITE: io=49840KB, aggrb=1660KB/s, minb=1660KB/s, maxb=1660KB/s, mint=30023msec, maxt=30023msec

Disk stats (read/write):
    md1: ios=3193/3131, merge=0/0, ticks=0/0, in_queue=0, util=0.00%, aggrios=927/3506, aggrmerge=0/10, aggrticks=12026/13639, aggrin_queue=25784, aggrutil=89.00%
  xvdf: ios=3709/3125, merge=0/10, ticks=48104/19412, in_queue=67992, util=89.00%
  xvdg: ios=0/3634, merge=0/10, ticks=0/8964, in_queue=8964, util=22.72%
  xvdh: ios=0/3634, merge=0/10, ticks=0/17564, in_queue=17564, util=37.55%
  xvdi: ios=0/3634, merge=0/10, ticks=0/8616, in_queue=8616, util=22.06%
## BS:32k, SCR:fio-rand-rw, NUM: 4, SIZE: 256m
rand-rw: (g=0): rw=randrw, bs=32K-32K/32K-32K/32K-32K, ioengine=sync, iodepth=1
...
rand-rw: (g=0): rw=randrw, bs=32K-32K/32K-32K/32K-32K, ioengine=sync, iodepth=1
fio-2.0.13
Starting 4 processes

rand-rw: (groupid=0, jobs=4): err= 0: pid=18939: Fri Oct 18 08:23:43 2013
  read : io=114624KB, bw=3819.2KB/s, iops=119 , runt= 30014msec
    clat (usec): min=712 , max=1734.8K, avg=20757.07, stdev=76480.80
     lat (usec): min=713 , max=1734.8K, avg=20757.25, stdev=76480.79
    clat percentiles (usec):
     |  1.00th=[ 1224],  5.00th=[ 2024], 10.00th=[ 2832], 20.00th=[ 5024],
     | 30.00th=[ 7840], 40.00th=[10432], 50.00th=[12992], 60.00th=[16064],
     | 70.00th=[20096], 80.00th=[25216], 90.00th=[35584], 95.00th=[45312],
     | 99.00th=[66048], 99.50th=[83456], 99.90th=[1384448], 99.95th=[1646592],
     | 99.99th=[1728512]
    bw (KB/s)  : min=   23, max= 2572, per=28.51%, avg=1088.67, stdev=529.62
  write: io=117248KB, bw=3906.5KB/s, iops=122 , runt= 30014msec
    clat (msec): min=2 , max=1649 , avg=12.45, stdev=47.79
     lat (msec): min=2 , max=1649 , avg=12.46, stdev=47.79
    clat percentiles (msec):
     |  1.00th=[    3],  5.00th=[    4], 10.00th=[    4], 20.00th=[    5],
     | 30.00th=[    5], 40.00th=[    6], 50.00th=[    7], 60.00th=[   10],
     | 70.00th=[   13], 80.00th=[   17], 90.00th=[   23], 95.00th=[   31],
     | 99.00th=[   52], 99.50th=[   61], 99.90th=[ 1319], 99.95th=[ 1369],
     | 99.99th=[ 1647]
    bw (KB/s)  : min=   32, max= 2217, per=28.57%, avg=1116.07, stdev=539.95
    lat (usec) : 750=0.01%, 1000=0.08%
    lat (msec) : 2=2.30%, 4=14.19%, 10=33.59%, 20=28.24%, 50=19.27%
    lat (msec) : 100=2.06%, 250=0.04%, 1000=0.06%, 2000=0.17%
  cpu          : usr=0.08%, sys=0.23%, ctx=14229, majf=0, minf=110
  IO depths    : 1=100.0%, 2=0.0%, 4=0.0%, 8=0.0%, 16=0.0%, 32=0.0%, >=64=0.0%
     submit    : 0=0.0%, 4=100.0%, 8=0.0%, 16=0.0%, 32=0.0%, 64=0.0%, >=64=0.0%
     complete  : 0=0.0%, 4=100.0%, 8=0.0%, 16=0.0%, 32=0.0%, 64=0.0%, >=64=0.0%
     issued    : total=r=3582/w=3664/d=0, short=r=0/w=0/d=0

Run status group 0 (all jobs):
   READ: io=114624KB, aggrb=3819KB/s, minb=3819KB/s, maxb=3819KB/s, mint=30014msec, maxt=30014msec
  WRITE: io=117248KB, aggrb=3906KB/s, minb=3906KB/s, maxb=3906KB/s, mint=30014msec, maxt=30014msec

Disk stats (read/write):
    md1: ios=3577/3682, merge=0/0, ticks=0/0, in_queue=0, util=0.00%, aggrios=1023/4056, aggrmerge=0/12, aggrticks=15208/17249, aggrin_queue=32476, aggrutil=90.45%
  xvdf: ios=4092/3676, merge=0/12, ticks=60832/25576, in_queue=86408, util=90.45%
  xvdg: ios=0/4186, merge=0/12, ticks=0/12236, in_queue=12232, util=28.31%
  xvdh: ios=0/4179, merge=0/12, ticks=0/19544, in_queue=19628, util=40.34%
  xvdi: ios=0/4186, merge=0/12, ticks=0/11640, in_queue=11636, util=27.27%
## BS:64k, SCR:fio-rand-rw, NUM: 4, SIZE: 256m
rand-rw: (g=0): rw=randrw, bs=64K-64K/64K-64K/64K-64K, ioengine=sync, iodepth=1
...
rand-rw: (g=0): rw=randrw, bs=64K-64K/64K-64K/64K-64K, ioengine=sync, iodepth=1
fio-2.0.13
Starting 4 processes

rand-rw: (groupid=0, jobs=4): err= 0: pid=18945: Fri Oct 18 08:24:14 2013
  read : io=194496KB, bw=6360.3KB/s, iops=99 , runt= 30580msec
    clat (msec): min=1 , max=1126 , avg=21.66, stdev=36.96
     lat (msec): min=1 , max=1126 , avg=21.66, stdev=36.96
    clat percentiles (usec):
     |  1.00th=[ 1896],  5.00th=[ 3504], 10.00th=[ 4896], 20.00th=[ 7520],
     | 30.00th=[10560], 40.00th=[13504], 50.00th=[16512], 60.00th=[20096],
     | 70.00th=[24704], 80.00th=[30848], 90.00th=[41216], 95.00th=[51456],
     | 99.00th=[74240], 99.50th=[85504], 99.90th=[667648], 99.95th=[921600],
     | 99.99th=[1122304]
    bw (KB/s)  : min=  164, max= 3844, per=25.63%, avg=1630.18, stdev=707.73
  write: io=204096KB, bw=6674.2KB/s, iops=104 , runt= 30580msec
    clat (msec): min=4 , max=924 , avg=17.68, stdev=27.99
     lat (msec): min=4 , max=924 , avg=17.70, stdev=27.99
    clat percentiles (msec):
     |  1.00th=[    5],  5.00th=[    6], 10.00th=[    7], 20.00th=[    8],
     | 30.00th=[    9], 40.00th=[   11], 50.00th=[   14], 60.00th=[   17],
     | 70.00th=[   20], 80.00th=[   25], 90.00th=[   33], 95.00th=[   42],
     | 99.00th=[   62], 99.50th=[   71], 99.90th=[  135], 99.95th=[  922],
     | 99.99th=[  922]
    bw (KB/s)  : min=  219, max= 4071, per=25.72%, avg=1716.48, stdev=785.70
    lat (msec) : 2=0.59%, 4=2.62%, 10=29.19%, 20=33.17%, 50=30.49%
    lat (msec) : 100=3.66%, 250=0.14%, 750=0.05%, 1000=0.06%, 2000=0.02%
  cpu          : usr=0.05%, sys=0.29%, ctx=15763, majf=0, minf=109
  IO depths    : 1=100.0%, 2=0.0%, 4=0.0%, 8=0.0%, 16=0.0%, 32=0.0%, >=64=0.0%
     submit    : 0=0.0%, 4=100.0%, 8=0.0%, 16=0.0%, 32=0.0%, 64=0.0%, >=64=0.0%
     complete  : 0=0.0%, 4=100.0%, 8=0.0%, 16=0.0%, 32=0.0%, 64=0.0%, >=64=0.0%
     issued    : total=r=3039/w=3189/d=0, short=r=0/w=0/d=0

Run status group 0 (all jobs):
   READ: io=194496KB, aggrb=6360KB/s, minb=6360KB/s, maxb=6360KB/s, mint=30580msec, maxt=30580msec
  WRITE: io=204096KB, aggrb=6674KB/s, minb=6674KB/s, maxb=6674KB/s, mint=30580msec, maxt=30580msec

Disk stats (read/write):
    md1: ios=6078/6402, merge=0/0, ticks=0/0, in_queue=0, util=0.00%, aggrios=1689/6900, aggrmerge=0/12, aggrticks=23626/43964, aggrin_queue=67680, aggrutil=87.74%
  xvdf: ios=6757/6391, merge=0/12, ticks=94504/64736, in_queue=159608, util=87.74%
  xvdg: ios=0/7070, merge=0/12, ticks=0/31200, in_queue=31200, util=37.18%
  xvdh: ios=0/7070, merge=0/12, ticks=0/49000, in_queue=48996, util=51.10%
  xvdi: ios=0/7070, merge=0/12, ticks=0/30920, in_queue=30916, util=37.06%
## BS:128k, SCR:fio-rand-rw, NUM: 4, SIZE: 256m
rand-rw: (g=0): rw=randrw, bs=128K-128K/128K-128K/128K-128K, ioengine=sync, iodepth=1
...
rand-rw: (g=0): rw=randrw, bs=128K-128K/128K-128K/128K-128K, ioengine=sync, iodepth=1
fio-2.0.13
Starting 4 processes

rand-rw: (groupid=0, jobs=4): err= 0: pid=18951: Fri Oct 18 08:24:44 2013
  read : io=225664KB, bw=7514.4KB/s, iops=58 , runt= 30031msec
    clat (msec): min=1 , max=1323 , avg=35.26, stdev=99.12
     lat (msec): min=1 , max=1323 , avg=35.26, stdev=99.12
    clat percentiles (msec):
     |  1.00th=[    4],  5.00th=[    8], 10.00th=[    9], 20.00th=[   13],
     | 30.00th=[   16], 40.00th=[   19], 50.00th=[   22], 60.00th=[   26],
     | 70.00th=[   31], 80.00th=[   39], 90.00th=[   51], 95.00th=[   67],
     | 99.00th=[  221], 99.50th=[ 1004], 99.90th=[ 1319], 99.95th=[ 1319],
     | 99.99th=[ 1319]
    bw (KB/s)  : min=  131, max= 6083, per=28.52%, avg=2143.31, stdev=958.29
  write: io=222208KB, bw=7399.3KB/s, iops=57 , runt= 30031msec
    clat (msec): min=6 , max=1323 , avg=33.33, stdev=75.96
     lat (msec): min=6 , max=1323 , avg=33.35, stdev=75.96
    clat percentiles (msec):
     |  1.00th=[    9],  5.00th=[   12], 10.00th=[   13], 20.00th=[   17],
     | 30.00th=[   20], 40.00th=[   23], 50.00th=[   25], 60.00th=[   29],
     | 70.00th=[   33], 80.00th=[   39], 90.00th=[   48], 95.00th=[   59],
     | 99.00th=[   88], 99.50th=[  227], 99.90th=[ 1319], 99.95th=[ 1319],
     | 99.99th=[ 1319]
    bw (KB/s)  : min=  224, max= 4608, per=28.73%, avg=2126.06, stdev=985.22
    lat (msec) : 2=0.06%, 4=0.74%, 10=7.37%, 20=31.55%, 50=50.99%
    lat (msec) : 100=8.32%, 250=0.29%, 1000=0.23%, 2000=0.46%
  cpu          : usr=0.04%, sys=0.24%, ctx=15238, majf=0, minf=110
  IO depths    : 1=100.0%, 2=0.0%, 4=0.0%, 8=0.0%, 16=0.0%, 32=0.0%, >=64=0.0%
     submit    : 0=0.0%, 4=100.0%, 8=0.0%, 16=0.0%, 32=0.0%, 64=0.0%, >=64=0.0%
     complete  : 0=0.0%, 4=100.0%, 8=0.0%, 16=0.0%, 32=0.0%, 64=0.0%, >=64=0.0%
     issued    : total=r=1763/w=1736/d=0, short=r=0/w=0/d=0

Run status group 0 (all jobs):
   READ: io=225664KB, aggrb=7514KB/s, minb=7514KB/s, maxb=7514KB/s, mint=30031msec, maxt=30031msec
  WRITE: io=222208KB, aggrb=7399KB/s, minb=7399KB/s, maxb=7399KB/s, mint=30031msec, maxt=30031msec

Disk stats (read/write):
    md1: ios=5277/5226, merge=0/0, ticks=0/0, in_queue=0, util=0.00%, aggrios=1478/5688, aggrmerge=0/12, aggrticks=28118/56894, aggrin_queue=85103, aggrutil=87.22%
  xvdf: ios=5914/5220, merge=0/12, ticks=112472/92848, in_queue=205688, util=87.22%
  xvdg: ios=0/5845, merge=0/12, ticks=0/36584, in_queue=36584, util=32.53%
  xvdh: ios=0/5845, merge=0/12, ticks=0/60772, in_queue=60768, util=47.62%
  xvdi: ios=0/5845, merge=0/12, ticks=0/37372, in_queue=37372, util=33.06%
## BS:256k, SCR:fio-rand-rw, NUM: 4, SIZE: 256m
rand-rw: (g=0): rw=randrw, bs=256K-256K/256K-256K/256K-256K, ioengine=sync, iodepth=1
...
rand-rw: (g=0): rw=randrw, bs=256K-256K/256K-256K/256K-256K, ioengine=sync, iodepth=1
fio-2.0.13
Starting 4 processes

rand-rw: (groupid=0, jobs=4): err= 0: pid=18957: Fri Oct 18 08:25:15 2013
  read : io=337920KB, bw=11253KB/s, iops=43 , runt= 30029msec
    clat (msec): min=2 , max=1438 , avg=42.80, stdev=110.75
     lat (msec): min=2 , max=1438 , avg=42.80, stdev=110.75
    clat percentiles (msec):
     |  1.00th=[    5],  5.00th=[   10], 10.00th=[   11], 20.00th=[   15],
     | 30.00th=[   18], 40.00th=[   22], 50.00th=[   25], 60.00th=[   30],
     | 70.00th=[   36], 80.00th=[   43], 90.00th=[   55], 95.00th=[   70],
     | 99.00th=[  603], 99.50th=[  914], 99.90th=[ 1434], 99.95th=[ 1434],
     | 99.99th=[ 1434]
    bw (KB/s)  : min=  228, max= 9088, per=28.18%, avg=3170.89, stdev=1536.19
  write: io=346368KB, bw=11534KB/s, iops=45 , runt= 30029msec
    clat (msec): min=10 , max=1420 , avg=46.90, stdev=76.85
     lat (msec): min=10 , max=1420 , avg=46.96, stdev=76.85
    clat percentiles (msec):
     |  1.00th=[   15],  5.00th=[   19], 10.00th=[   22], 20.00th=[   26],
     | 30.00th=[   29], 40.00th=[   33], 50.00th=[   37], 60.00th=[   42],
     | 70.00th=[   47], 80.00th=[   52], 90.00th=[   64], 95.00th=[   79],
     | 99.00th=[  285], 99.50th=[  709], 99.90th=[ 1123], 99.95th=[ 1418],
     | 99.99th=[ 1418]
    bw (KB/s)  : min=  259, max= 7111, per=28.11%, avg=3242.04, stdev=1461.39
    lat (msec) : 4=0.41%, 10=3.33%, 20=17.99%, 50=60.42%, 100=15.60%
    lat (msec) : 250=0.60%, 500=0.60%, 750=0.45%, 1000=0.30%, 2000=0.30%
  cpu          : usr=0.11%, sys=0.21%, ctx=14194, majf=0, minf=110
  IO depths    : 1=100.0%, 2=0.0%, 4=0.0%, 8=0.0%, 16=0.0%, 32=0.0%, >=64=0.0%
     submit    : 0=0.0%, 4=100.0%, 8=0.0%, 16=0.0%, 32=0.0%, 64=0.0%, >=64=0.0%
     complete  : 0=0.0%, 4=100.0%, 8=0.0%, 16=0.0%, 32=0.0%, 64=0.0%, >=64=0.0%
     issued    : total=r=1320/w=1353/d=0, short=r=0/w=0/d=0

Run status group 0 (all jobs):
   READ: io=337920KB, aggrb=11253KB/s, minb=11253KB/s, maxb=11253KB/s, mint=30029msec, maxt=30029msec
  WRITE: io=346368KB, aggrb=11534KB/s, minb=11534KB/s, maxb=11534KB/s, mint=30029msec, maxt=30029msec

Disk stats (read/write):
    md1: ios=7890/8118, merge=0/0, ticks=0/0, in_queue=0, util=0.00%, aggrios=2101/8492, aggrmerge=0/12, aggrticks=51599/137736, aggrin_queue=189409, aggrutil=85.00%
  xvdf: ios=8404/8130, merge=0/12, ticks=206396/218980, in_queue=425652, util=85.00%
  xvdg: ios=0/8614, merge=0/12, ticks=0/89844, in_queue=89836, util=39.50%
  xvdh: ios=0/8610, merge=0/12, ticks=0/151192, in_queue=151220, util=58.42%
  xvdi: ios=0/8614, merge=0/12, ticks=0/90928, in_queue=90928, util=40.07%
## BS:1k, SCR:fio-seq-read, NUM: 4, SIZE: 256m
seq-read: (g=0): rw=read, bs=1K-1K/1K-1K/1K-1K, ioengine=sync, iodepth=1
...
seq-read: (g=0): rw=read, bs=1K-1K/1K-1K/1K-1K, ioengine=sync, iodepth=1
fio-2.0.13
Starting 4 processes
seq-read: Laying out IO file(s) (1 file(s) / 256MB)
seq-read: Laying out IO file(s) (1 file(s) / 256MB)
seq-read: Laying out IO file(s) (1 file(s) / 256MB)
seq-read: Laying out IO file(s) (1 file(s) / 256MB)

seq-read: (groupid=0, jobs=4): err= 0: pid=18963: Fri Oct 18 08:26:35 2013
  read : io=176593KB, bw=5886.3KB/s, iops=5886 , runt= 30001msec
    clat (usec): min=288 , max=1428.1K, avg=677.31, stdev=7748.66
     lat (usec): min=288 , max=1428.1K, avg=677.46, stdev=7748.66
    clat percentiles (usec):
     |  1.00th=[  334],  5.00th=[  362], 10.00th=[  378], 20.00th=[  398],
     | 30.00th=[  414], 40.00th=[  430], 50.00th=[  450], 60.00th=[  478],
     | 70.00th=[  524], 80.00th=[  604], 90.00th=[  748], 95.00th=[  932],
     | 99.00th=[ 5920], 99.50th=[ 7648], 99.90th=[15296], 99.95th=[23936],
     | 99.99th=[57088]
    bw (KB/s)  : min=   23, max= 2242, per=26.53%, avg=1561.73, stdev=635.37
    lat (usec) : 500=65.60%, 750=24.74%, 1000=5.42%
    lat (msec) : 2=2.56%, 4=0.17%, 10=1.32%, 20=0.11%, 50=0.06%
    lat (msec) : 100=0.01%, 750=0.01%, 2000=0.01%
  cpu          : usr=0.96%, sys=3.36%, ctx=187728, majf=0, minf=104
  IO depths    : 1=100.0%, 2=0.0%, 4=0.0%, 8=0.0%, 16=0.0%, 32=0.0%, >=64=0.0%
     submit    : 0=0.0%, 4=100.0%, 8=0.0%, 16=0.0%, 32=0.0%, 64=0.0%, >=64=0.0%
     complete  : 0=0.0%, 4=100.0%, 8=0.0%, 16=0.0%, 32=0.0%, 64=0.0%, >=64=0.0%
     issued    : total=r=176593/w=0/d=0, short=r=0/w=0/d=0

Run status group 0 (all jobs):
   READ: io=176593KB, aggrb=5886KB/s, minb=5886KB/s, maxb=5886KB/s, mint=30001msec, maxt=30001msec

Disk stats (read/write):
    md1: ios=176259/3, merge=0/0, ticks=0/0, in_queue=0, util=0.00%, aggrios=44344/606, aggrmerge=0/1, aggrticks=33485/3760, aggrin_queue=36976, aggrutil=89.27%
  xvdf: ios=177377/2, merge=0/1, ticks=133940/4, in_queue=133916, util=89.27%
  xvdg: ios=0/797, merge=0/1, ticks=0/3412, in_queue=3296, util=8.63%
  xvdh: ios=0/817, merge=0/1, ticks=0/7824, in_queue=7240, util=11.32%
  xvdi: ios=0/808, merge=0/1, ticks=0/3800, in_queue=3452, util=8.21%
## BS:2k, SCR:fio-seq-read, NUM: 4, SIZE: 256m
seq-read: (g=0): rw=read, bs=2K-2K/2K-2K/2K-2K, ioengine=sync, iodepth=1
...
seq-read: (g=0): rw=read, bs=2K-2K/2K-2K/2K-2K, ioengine=sync, iodepth=1
fio-2.0.13
Starting 4 processes

seq-read: (groupid=0, jobs=4): err= 0: pid=18969: Fri Oct 18 08:27:06 2013
  read : io=345570KB, bw=11517KB/s, iops=5758 , runt= 30004msec
    clat (usec): min=310 , max=92432 , avg=692.31, stdev=1425.41
     lat (usec): min=310 , max=92432 , avg=692.45, stdev=1425.41
    clat percentiles (usec):
     |  1.00th=[  370],  5.00th=[  398], 10.00th=[  414], 20.00th=[  438],
     | 30.00th=[  462], 40.00th=[  482], 50.00th=[  510], 60.00th=[  540],
     | 70.00th=[  588], 80.00th=[  668], 90.00th=[  796], 95.00th=[  996],
     | 99.00th=[ 5856], 99.50th=[ 7968], 99.90th=[17792], 99.95th=[27264],
     | 99.99th=[51456]
    bw (KB/s)  : min=  149, max= 4104, per=25.08%, avg=2888.69, stdev=993.99
    lat (usec) : 500=46.67%, 750=40.45%, 1000=7.99%
    lat (msec) : 2=3.05%, 4=0.35%, 10=1.25%, 20=0.16%, 50=0.07%
    lat (msec) : 100=0.01%
  cpu          : usr=1.19%, sys=3.03%, ctx=183344, majf=0, minf=112
  IO depths    : 1=100.0%, 2=0.0%, 4=0.0%, 8=0.0%, 16=0.0%, 32=0.0%, >=64=0.0%
     submit    : 0=0.0%, 4=100.0%, 8=0.0%, 16=0.0%, 32=0.0%, 64=0.0%, >=64=0.0%
     complete  : 0=0.0%, 4=100.0%, 8=0.0%, 16=0.0%, 32=0.0%, 64=0.0%, >=64=0.0%
     issued    : total=r=172785/w=0/d=0, short=r=0/w=0/d=0

Run status group 0 (all jobs):
   READ: io=345570KB, aggrb=11517KB/s, minb=11517KB/s, maxb=11517KB/s, mint=30004msec, maxt=30004msec

Disk stats (read/write):
    md1: ios=172459/0, merge=0/0, ticks=0/0, in_queue=0, util=0.00%, aggrios=43356/479, aggrmerge=0/0, aggrticks=25945/2831, aggrin_queue=28772, aggrutil=89.78%
  xvdf: ios=173424/0, merge=0/0, ticks=103780/0, in_queue=103764, util=89.78%
  xvdg: ios=0/639, merge=0/0, ticks=0/3480, in_queue=3480, util=8.51%
  xvdh: ios=0/639, merge=0/0, ticks=0/4616, in_queue=4616, util=9.80%
  xvdi: ios=0/639, merge=0/0, ticks=0/3228, in_queue=3228, util=8.29%
## BS:4k, SCR:fio-seq-read, NUM: 4, SIZE: 256m
seq-read: (g=0): rw=read, bs=4K-4K/4K-4K/4K-4K, ioengine=sync, iodepth=1
...
seq-read: (g=0): rw=read, bs=4K-4K/4K-4K/4K-4K, ioengine=sync, iodepth=1
fio-2.0.13
Starting 4 processes

seq-read: (groupid=0, jobs=4): err= 0: pid=18975: Fri Oct 18 08:27:36 2013
  read : io=514140KB, bw=17137KB/s, iops=4284 , runt= 30002msec
    clat (usec): min=349 , max=1558.9K, avg=931.38, stdev=9415.37
     lat (usec): min=349 , max=1558.9K, avg=931.53, stdev=9415.38
    clat percentiles (usec):
     |  1.00th=[  422],  5.00th=[  462], 10.00th=[  486], 20.00th=[  516],
     | 30.00th=[  540], 40.00th=[  564], 50.00th=[  588], 60.00th=[  628],
     | 70.00th=[  684], 80.00th=[  764], 90.00th=[  900], 95.00th=[ 1096],
     | 99.00th=[ 6432], 99.50th=[ 9792], 99.90th=[36608], 99.95th=[42752],
     | 99.99th=[505856]
    bw (KB/s)  : min=   72, max= 6864, per=26.76%, avg=4586.02, stdev=2098.29
    lat (usec) : 500=14.71%, 750=63.67%, 1000=14.94%
    lat (msec) : 2=4.03%, 4=0.34%, 10=1.83%, 20=0.28%, 50=0.18%
    lat (msec) : 100=0.01%, 750=0.01%, 1000=0.01%, 2000=0.01%
  cpu          : usr=0.61%, sys=2.52%, ctx=136585, majf=0, minf=112
  IO depths    : 1=100.0%, 2=0.0%, 4=0.0%, 8=0.0%, 16=0.0%, 32=0.0%, >=64=0.0%
     submit    : 0=0.0%, 4=100.0%, 8=0.0%, 16=0.0%, 32=0.0%, 64=0.0%, >=64=0.0%
     complete  : 0=0.0%, 4=100.0%, 8=0.0%, 16=0.0%, 32=0.0%, 64=0.0%, >=64=0.0%
     issued    : total=r=128535/w=0/d=0, short=r=0/w=0/d=0

Run status group 0 (all jobs):
   READ: io=514140KB, aggrb=17136KB/s, minb=17136KB/s, maxb=17136KB/s, mint=30002msec, maxt=30002msec

Disk stats (read/write):
    md1: ios=128297/0, merge=0/0, ticks=0/0, in_queue=0, util=0.00%, aggrios=32282/445, aggrmerge=0/0, aggrticks=25154/1630, aggrin_queue=26782, aggrutil=92.76%
  xvdf: ios=129129/0, merge=0/0, ticks=100616/0, in_queue=100608, util=92.76%
  xvdg: ios=0/594, merge=0/0, ticks=0/2296, in_queue=2296, util=6.38%
  xvdh: ios=0/594, merge=0/0, ticks=0/2292, in_queue=2292, util=6.53%
  xvdi: ios=0/594, merge=0/0, ticks=0/1932, in_queue=1932, util=5.69%
## BS:8k, SCR:fio-seq-read, NUM: 4, SIZE: 256m
seq-read: (g=0): rw=read, bs=8K-8K/8K-8K/8K-8K, ioengine=sync, iodepth=1
...
seq-read: (g=0): rw=read, bs=8K-8K/8K-8K/8K-8K, ioengine=sync, iodepth=1
fio-2.0.13
Starting 4 processes

seq-read: (groupid=0, jobs=4): err= 0: pid=18981: Fri Oct 18 08:28:07 2013
  read : io=766816KB, bw=25293KB/s, iops=3161 , runt= 30317msec
    clat (usec): min=392 , max=1150.3K, avg=1253.43, stdev=12460.10
     lat (usec): min=392 , max=1150.3K, avg=1253.57, stdev=12460.10
    clat percentiles (usec):
     |  1.00th=[  470],  5.00th=[  510], 10.00th=[  532], 20.00th=[  580],
     | 30.00th=[  620], 40.00th=[  668], 50.00th=[  708], 60.00th=[  748],
     | 70.00th=[  836], 80.00th=[  924], 90.00th=[ 1128], 95.00th=[ 1816],
     | 99.00th=[ 8384], 99.50th=[15040], 99.90th=[42240], 99.95th=[51456],
     | 99.99th=[905216]
    bw (KB/s)  : min=  225, max=12128, per=27.07%, avg=6848.00, stdev=3893.74
    lat (usec) : 500=3.83%, 750=55.97%, 1000=25.38%
    lat (msec) : 2=10.02%, 4=0.58%, 10=3.36%, 20=0.56%, 50=0.22%
    lat (msec) : 100=0.04%, 500=0.01%, 1000=0.01%, 2000=0.01%
  cpu          : usr=0.26%, sys=2.14%, ctx=106547, majf=0, minf=116
  IO depths    : 1=100.0%, 2=0.0%, 4=0.0%, 8=0.0%, 16=0.0%, 32=0.0%, >=64=0.0%
     submit    : 0=0.0%, 4=100.0%, 8=0.0%, 16=0.0%, 32=0.0%, 64=0.0%, >=64=0.0%
     complete  : 0=0.0%, 4=100.0%, 8=0.0%, 16=0.0%, 32=0.0%, 64=0.0%, >=64=0.0%
     issued    : total=r=95852/w=0/d=0, short=r=0/w=0/d=0

Run status group 0 (all jobs):
   READ: io=766816KB, aggrb=25293KB/s, minb=25293KB/s, maxb=25293KB/s, mint=30317msec, maxt=30317msec

Disk stats (read/write):
    md1: ios=95852/0, merge=0/0, ticks=0/0, in_queue=0, util=0.00%, aggrios=24154/572, aggrmerge=0/0, aggrticks=23279/1934, aggrin_queue=25265, aggrutil=89.89%
  xvdf: ios=96618/0, merge=0/0, ticks=93116/0, in_queue=93284, util=89.89%
  xvdg: ios=0/764, merge=0/0, ticks=0/2472, in_queue=2480, util=7.96%
  xvdh: ios=0/762, merge=0/0, ticks=0/2640, in_queue=2664, util=8.54%
  xvdi: ios=0/764, merge=0/0, ticks=0/2624, in_queue=2632, util=8.47%
## BS:16k, SCR:fio-seq-read, NUM: 4, SIZE: 256m
seq-read: (g=0): rw=read, bs=16K-16K/16K-16K/16K-16K, ioengine=sync, iodepth=1
...
seq-read: (g=0): rw=read, bs=16K-16K/16K-16K/16K-16K, ioengine=sync, iodepth=1
fio-2.0.13
Starting 4 processes

seq-read: (groupid=0, jobs=4): err= 0: pid=18987: Fri Oct 18 08:28:37 2013
  read : io=1024.0MB, bw=35730KB/s, iops=2233 , runt= 29347msec
    clat (usec): min=474 , max=1586.3K, avg=1771.31, stdev=15741.27
     lat (usec): min=474 , max=1586.3K, avg=1771.45, stdev=15741.28
    clat percentiles (usec):
     |  1.00th=[  588],  5.00th=[  692], 10.00th=[  748], 20.00th=[  820],
     | 30.00th=[  876], 40.00th=[  932], 50.00th=[  996], 60.00th=[ 1064],
     | 70.00th=[ 1144], 80.00th=[ 1272], 90.00th=[ 1592], 95.00th=[ 5792],
     | 99.00th=[13504], 99.50th=[18304], 99.90th=[46848], 99.95th=[52480],
     | 99.99th=[1011712]
    bw (KB/s)  : min=  646, max=17696, per=26.86%, avg=9596.53, stdev=4513.57
    lat (usec) : 500=0.03%, 750=10.01%, 1000=41.09%
    lat (msec) : 2=41.68%, 4=1.13%, 10=4.38%, 20=1.27%, 50=0.33%
    lat (msec) : 100=0.06%, 250=0.01%, 2000=0.01%
  cpu          : usr=0.18%, sys=1.74%, ctx=73257, majf=0, minf=124
  IO depths    : 1=100.0%, 2=0.0%, 4=0.0%, 8=0.0%, 16=0.0%, 32=0.0%, >=64=0.0%
     submit    : 0=0.0%, 4=100.0%, 8=0.0%, 16=0.0%, 32=0.0%, 64=0.0%, >=64=0.0%
     complete  : 0=0.0%, 4=100.0%, 8=0.0%, 16=0.0%, 32=0.0%, 64=0.0%, >=64=0.0%
     issued    : total=r=65536/w=0/d=0, short=r=0/w=0/d=0

Run status group 0 (all jobs):
   READ: io=1024.0MB, aggrb=35730KB/s, minb=35730KB/s, maxb=35730KB/s, mint=29347msec, maxt=29347msec

Disk stats (read/write):
    md1: ios=65379/0, merge=0/0, ticks=0/0, in_queue=0, util=0.00%, aggrios=16525/423, aggrmerge=0/0, aggrticks=24934/1786, aggrin_queue=26716, aggrutil=90.77%
  xvdf: ios=66100/0, merge=0/0, ticks=99736/0, in_queue=99720, util=90.77%
  xvdg: ios=0/564, merge=0/0, ticks=0/2200, in_queue=2200, util=6.99%
  xvdh: ios=0/564, merge=0/0, ticks=0/2820, in_queue=2820, util=8.74%
  xvdi: ios=0/564, merge=0/0, ticks=0/2124, in_queue=2124, util=6.76%
## BS:32k, SCR:fio-seq-read, NUM: 4, SIZE: 256m
seq-read: (g=0): rw=read, bs=32K-32K/32K-32K/32K-32K, ioengine=sync, iodepth=1
...
seq-read: (g=0): rw=read, bs=32K-32K/32K-32K/32K-32K, ioengine=sync, iodepth=1
fio-2.0.13
Starting 4 processes

seq-read: (groupid=0, jobs=4): err= 0: pid=18993: Fri Oct 18 08:28:53 2013
  read : io=1024.0MB, bw=66387KB/s, iops=2074 , runt= 15795msec
    clat (usec): min=662 , max=938170 , avg=1924.86, stdev=10541.61
     lat (usec): min=662 , max=938170 , avg=1925.01, stdev=10541.62
    clat percentiles (usec):
     |  1.00th=[  924],  5.00th=[ 1032], 10.00th=[ 1080], 20.00th=[ 1128],
     | 30.00th=[ 1176], 40.00th=[ 1224], 50.00th=[ 1320], 60.00th=[ 1496],
     | 70.00th=[ 1592], 80.00th=[ 1720], 90.00th=[ 1928], 95.00th=[ 6240],
     | 99.00th=[ 9920], 99.50th=[12608], 99.90th=[25472], 99.95th=[32640],
     | 99.99th=[937984]
    bw (KB/s)  : min= 2226, max=26570, per=26.08%, avg=17311.71, stdev=7594.23
    lat (usec) : 750=0.06%, 1000=3.32%
    lat (msec) : 2=88.21%, 4=2.71%, 10=4.75%, 20=0.72%, 50=0.20%
    lat (msec) : 100=0.01%, 1000=0.01%
  cpu          : usr=0.14%, sys=1.68%, ctx=39330, majf=0, minf=140
  IO depths    : 1=100.0%, 2=0.0%, 4=0.0%, 8=0.0%, 16=0.0%, 32=0.0%, >=64=0.0%
     submit    : 0=0.0%, 4=100.0%, 8=0.0%, 16=0.0%, 32=0.0%, 64=0.0%, >=64=0.0%
     complete  : 0=0.0%, 4=100.0%, 8=0.0%, 16=0.0%, 32=0.0%, 64=0.0%, >=64=0.0%
     issued    : total=r=32768/w=0/d=0, short=r=0/w=0/d=0

Run status group 0 (all jobs):
   READ: io=1024.0MB, aggrb=66386KB/s, minb=66386KB/s, maxb=66386KB/s, mint=15795msec, maxt=15795msec

Disk stats (read/write):
    md1: ios=32489/0, merge=0/0, ticks=0/0, in_queue=0, util=0.00%, aggrios=8315/369, aggrmerge=0/0, aggrticks=12150/1581, aggrin_queue=13731, aggrutil=85.47%
  xvdf: ios=33260/0, merge=0/0, ticks=48600/0, in_queue=48600, util=85.47%
  xvdg: ios=0/492, merge=0/0, ticks=0/1836, in_queue=1836, util=10.20%
  xvdh: ios=0/492, merge=0/0, ticks=0/2720, in_queue=2720, util=14.35%
  xvdi: ios=0/492, merge=0/0, ticks=0/1768, in_queue=1768, util=9.90%
## BS:64k, SCR:fio-seq-read, NUM: 4, SIZE: 256m
seq-read: (g=0): rw=read, bs=64K-64K/64K-64K/64K-64K, ioengine=sync, iodepth=1
...
seq-read: (g=0): rw=read, bs=64K-64K/64K-64K/64K-64K, ioengine=sync, iodepth=1
fio-2.0.13
Starting 4 processes

seq-read: (groupid=0, jobs=4): err= 0: pid=18999: Fri Oct 18 08:29:11 2013
  read : io=1024.0MB, bw=60235KB/s, iops=941 , runt= 17408msec
    clat (msec): min=1 , max=1789 , avg= 4.25, stdev=28.08
     lat (msec): min=1 , max=1789 , avg= 4.25, stdev=28.08
    clat percentiles (usec):
     |  1.00th=[ 1672],  5.00th=[ 2128], 10.00th=[ 2224], 20.00th=[ 2288],
     | 30.00th=[ 2480], 40.00th=[ 2704], 50.00th=[ 2896], 60.00th=[ 3056],
     | 70.00th=[ 3280], 80.00th=[ 3920], 90.00th=[ 7008], 95.00th=[ 9280],
     | 99.00th=[16512], 99.50th=[19840], 99.90th=[45824], 99.95th=[56576],
     | 99.99th=[1794048]
    bw (KB/s)  : min=   35, max=24832, per=27.03%, avg=16282.63, stdev=6474.02
    lat (msec) : 2=3.02%, 4=77.51%, 10=15.36%, 20=3.62%, 50=0.39%
    lat (msec) : 100=0.07%, 2000=0.02%
  cpu          : usr=0.14%, sys=0.95%, ctx=22011, majf=0, minf=172
  IO depths    : 1=100.0%, 2=0.0%, 4=0.0%, 8=0.0%, 16=0.0%, 32=0.0%, >=64=0.0%
     submit    : 0=0.0%, 4=100.0%, 8=0.0%, 16=0.0%, 32=0.0%, 64=0.0%, >=64=0.0%
     complete  : 0=0.0%, 4=100.0%, 8=0.0%, 16=0.0%, 32=0.0%, 64=0.0%, >=64=0.0%
     issued    : total=r=16384/w=0/d=0, short=r=0/w=0/d=0

Run status group 0 (all jobs):
   READ: io=1024.0MB, aggrb=60235KB/s, minb=60235KB/s, maxb=60235KB/s, mint=17408msec, maxt=17408msec

Disk stats (read/write):
    md1: ios=32278/0, merge=0/0, ticks=0/0, in_queue=0, util=0.00%, aggrios=8295/310, aggrmerge=0/0, aggrticks=37149/1236, aggrin_queue=36609, aggrutil=90.87%
  xvdf: ios=33182/0, merge=0/0, ticks=148596/0, in_queue=141492, util=90.87%
  xvdg: ios=0/414, merge=0/0, ticks=0/1552, in_queue=1552, util=7.86%
  xvdh: ios=0/414, merge=0/0, ticks=0/1924, in_queue=1924, util=8.78%
  xvdi: ios=0/414, merge=0/0, ticks=0/1468, in_queue=1468, util=7.75%
## BS:128k, SCR:fio-seq-read, NUM: 4, SIZE: 256m
seq-read: (g=0): rw=read, bs=128K-128K/128K-128K/128K-128K, ioengine=sync, iodepth=1
...
seq-read: (g=0): rw=read, bs=128K-128K/128K-128K/128K-128K, ioengine=sync, iodepth=1
fio-2.0.13
Starting 4 processes

seq-read: (groupid=0, jobs=4): err= 0: pid=19005: Fri Oct 18 08:29:24 2013
  read : io=1024.0MB, bw=83102KB/s, iops=649 , runt= 12618msec
    clat (msec): min=2 , max=230 , avg= 6.16, stdev= 5.80
     lat (msec): min=2 , max=230 , avg= 6.16, stdev= 5.80
    clat percentiles (msec):
     |  1.00th=[    4],  5.00th=[    5], 10.00th=[    5], 20.00th=[    5],
     | 30.00th=[    5], 40.00th=[    5], 50.00th=[    6], 60.00th=[    6],
     | 70.00th=[    6], 80.00th=[    6], 90.00th=[   10], 95.00th=[   14],
     | 99.00th=[   17], 99.50th=[   21], 99.90th=[   40], 99.95th=[   59],
     | 99.99th=[  231]
    bw (KB/s)  : min=10199, max=24380, per=25.03%, avg=20799.80, stdev=3692.10
    lat (msec) : 4=1.04%, 10=89.56%, 20=8.89%, 50=0.42%, 100=0.05%
    lat (msec) : 250=0.05%
  cpu          : usr=0.04%, sys=0.81%, ctx=10099, majf=0, minf=236
  IO depths    : 1=100.0%, 2=0.0%, 4=0.0%, 8=0.0%, 16=0.0%, 32=0.0%, >=64=0.0%
     submit    : 0=0.0%, 4=100.0%, 8=0.0%, 16=0.0%, 32=0.0%, 64=0.0%, >=64=0.0%
     complete  : 0=0.0%, 4=100.0%, 8=0.0%, 16=0.0%, 32=0.0%, 64=0.0%, >=64=0.0%
     issued    : total=r=8192/w=0/d=0, short=r=0/w=0/d=0

Run status group 0 (all jobs):
   READ: io=1024.0MB, aggrb=83101KB/s, minb=83101KB/s, maxb=83101KB/s, mint=12618msec, maxt=12618msec

Disk stats (read/write):
    md1: ios=24186/0, merge=0/0, ticks=0/0, in_queue=0, util=0.00%, aggrios=6167/71, aggrmerge=0/0, aggrticks=33247/277, aggrin_queue=33523, aggrutil=95.71%
  xvdf: ios=24671/0, merge=0/0, ticks=132988/0, in_queue=132984, util=95.71%
  xvdg: ios=0/95, merge=0/0, ticks=0/340, in_queue=340, util=2.67%
  xvdh: ios=0/95, merge=0/0, ticks=0/416, in_queue=416, util=3.27%
  xvdi: ios=0/95, merge=0/0, ticks=0/352, in_queue=352, util=2.77%
## BS:256k, SCR:fio-seq-read, NUM: 4, SIZE: 256m
seq-read: (g=0): rw=read, bs=256K-256K/256K-256K/256K-256K, ioengine=sync, iodepth=1
...
seq-read: (g=0): rw=read, bs=256K-256K/256K-256K/256K-256K, ioengine=sync, iodepth=1
fio-2.0.13
Starting 4 processes

seq-read: (groupid=0, jobs=4): err= 0: pid=19011: Fri Oct 18 08:29:38 2013
  read : io=1024.0MB, bw=75879KB/s, iops=296 , runt= 13819msec
    clat (msec): min=3 , max=232 , avg=13.49, stdev= 8.99
     lat (msec): min=3 , max=232 , avg=13.49, stdev= 8.99
    clat percentiles (msec):
     |  1.00th=[    8],  5.00th=[    9], 10.00th=[    9], 20.00th=[   10],
     | 30.00th=[   10], 40.00th=[   11], 50.00th=[   12], 60.00th=[   12],
     | 70.00th=[   15], 80.00th=[   18], 90.00th=[   22], 95.00th=[   25],
     | 99.00th=[   35], 99.50th=[   45], 99.90th=[   76], 99.95th=[  229],
     | 99.99th=[  233]
    bw (KB/s)  : min=12749, max=25853, per=25.00%, avg=18973.11, stdev=3921.01
    lat (msec) : 4=0.02%, 10=37.30%, 20=50.34%, 50=11.96%, 100=0.27%
    lat (msec) : 250=0.10%
  cpu          : usr=0.06%, sys=0.60%, ctx=13146, majf=0, minf=364
  IO depths    : 1=100.0%, 2=0.0%, 4=0.0%, 8=0.0%, 16=0.0%, 32=0.0%, >=64=0.0%
     submit    : 0=0.0%, 4=100.0%, 8=0.0%, 16=0.0%, 32=0.0%, 64=0.0%, >=64=0.0%
     complete  : 0=0.0%, 4=100.0%, 8=0.0%, 16=0.0%, 32=0.0%, 64=0.0%, >=64=0.0%
     issued    : total=r=4096/w=0/d=0, short=r=0/w=0/d=0

Run status group 0 (all jobs):
   READ: io=1024.0MB, aggrb=75879KB/s, minb=75879KB/s, maxb=75879KB/s, mint=13819msec, maxt=13819msec

Disk stats (read/write):
    md1: ios=24192/0, merge=0/0, ticks=0/0, in_queue=0, util=0.00%, aggrios=6231/262, aggrmerge=0/0, aggrticks=56202/967, aggrin_queue=57169, aggrutil=88.78%
  xvdf: ios=24926/0, merge=0/0, ticks=224808/0, in_queue=224808, util=88.78%
  xvdg: ios=0/350, merge=0/0, ticks=0/1260, in_queue=1260, util=9.05%
  xvdh: ios=0/350, merge=0/0, ticks=0/1376, in_queue=1376, util=9.89%
  xvdi: ios=0/350, merge=0/0, ticks=0/1232, in_queue=1232, util=8.85%
## BS:1k, SCR:fio-seq-rw, NUM: 4, SIZE: 256m
seq-read: (g=0): rw=rw, bs=1K-1K/1K-1K/1K-1K, ioengine=sync, iodepth=1
...
seq-read: (g=0): rw=rw, bs=1K-1K/1K-1K/1K-1K, ioengine=sync, iodepth=1
fio-2.0.13
Starting 4 processes

seq-read: (groupid=0, jobs=4): err= 0: pid=19017: Fri Oct 18 08:30:08 2013
  read : io=24350KB, bw=829846 B/s, iops=810 , runt= 30047msec
    clat (usec): min=292 , max=1068.8K, avg=1242.06, stdev=10958.29
     lat (usec): min=292 , max=1068.8K, avg=1242.23, stdev=10958.29
    clat percentiles (usec):
     |  1.00th=[  322],  5.00th=[  342], 10.00th=[  358], 20.00th=[  378],
     | 30.00th=[  398], 40.00th=[  422], 50.00th=[  470], 60.00th=[  556],
     | 70.00th=[  684], 80.00th=[  868], 90.00th=[ 1288], 95.00th=[ 4704],
     | 99.00th=[13120], 99.50th=[20352], 99.90th=[45312], 99.95th=[52992],
     | 99.99th=[411648]
    bw (KB/s)  : min=    4, max=  399, per=26.23%, avg=212.46, stdev=111.06
  write: io=24513KB, bw=835401 B/s, iops=815 , runt= 30047msec
    clat (usec): min=966 , max=1654.8K, avg=3659.92, stdev=17261.26
     lat (usec): min=966 , max=1654.8K, avg=3660.17, stdev=17261.26
    clat percentiles (usec):
     |  1.00th=[ 1064],  5.00th=[ 1144], 10.00th=[ 1240], 20.00th=[ 1432],
     | 30.00th=[ 1624], 40.00th=[ 1768], 50.00th=[ 1944], 60.00th=[ 2128],
     | 70.00th=[ 2448], 80.00th=[ 3056], 90.00th=[ 6752], 95.00th=[12224],
     | 99.00th=[26496], 99.50th=[35072], 99.90th=[70144], 99.95th=[120320],
     | 99.99th=[1073152]
    bw (KB/s)  : min=    6, max=  388, per=26.25%, avg=213.90, stdev=109.44
    lat (usec) : 500=26.96%, 750=10.09%, 1000=5.15%
    lat (msec) : 2=31.27%, 4=16.64%, 10=5.99%, 20=2.69%, 50=1.05%
    lat (msec) : 100=0.10%, 250=0.02%, 500=0.02%, 2000=0.01%
  cpu          : usr=0.19%, sys=1.29%, ctx=57722, majf=0, minf=109
  IO depths    : 1=100.0%, 2=0.0%, 4=0.0%, 8=0.0%, 16=0.0%, 32=0.0%, >=64=0.0%
     submit    : 0=0.0%, 4=100.0%, 8=0.0%, 16=0.0%, 32=0.0%, 64=0.0%, >=64=0.0%
     complete  : 0=0.0%, 4=100.0%, 8=0.0%, 16=0.0%, 32=0.0%, 64=0.0%, >=64=0.0%
     issued    : total=r=24350/w=24513/d=0, short=r=0/w=0/d=0

Run status group 0 (all jobs):
   READ: io=24350KB, aggrb=810KB/s, minb=810KB/s, maxb=810KB/s, mint=30047msec, maxt=30047msec
  WRITE: io=24513KB, aggrb=815KB/s, minb=815KB/s, maxb=815KB/s, mint=30047msec, maxt=30047msec

Disk stats (read/write):
    md1: ios=24318/24491, merge=0/0, ticks=0/0, in_queue=0, util=0.00%, aggrios=6246/24999, aggrmerge=0/5, aggrticks=4138/42177, aggrin_queue=46310, aggrutil=76.79%
  xvdf: ios=24985/24523, merge=0/5, ticks=16552/38208, in_queue=54748, util=71.39%
  xvdg: ios=0/25158, merge=0/5, ticks=0/47828, in_queue=47828, util=76.79%
  xvdh: ios=0/25158, merge=0/5, ticks=0/54076, in_queue=54068, util=76.71%
  xvdi: ios=0/25158, merge=0/5, ticks=0/28596, in_queue=28596, util=57.55%
## BS:2k, SCR:fio-seq-rw, NUM: 4, SIZE: 256m
seq-read: (g=0): rw=rw, bs=2K-2K/2K-2K/2K-2K, ioengine=sync, iodepth=1
...
seq-read: (g=0): rw=rw, bs=2K-2K/2K-2K/2K-2K, ioengine=sync, iodepth=1
fio-2.0.13
Starting 4 processes

seq-read: (groupid=0, jobs=4): err= 0: pid=19023: Fri Oct 18 08:30:39 2013
  read : io=48440KB, bw=1614.6KB/s, iops=807 , runt= 30003msec
    clat (usec): min=331 , max=849613 , avg=1326.36, stdev=8313.13
     lat (usec): min=332 , max=849613 , avg=1326.53, stdev=8313.13
    clat percentiles (usec):
     |  1.00th=[  358],  5.00th=[  378], 10.00th=[  394], 20.00th=[  414],
     | 30.00th=[  438], 40.00th=[  470], 50.00th=[  532], 60.00th=[  628],
     | 70.00th=[  756], 80.00th=[  964], 90.00th=[ 1512], 95.00th=[ 5920],
     | 99.00th=[13504], 99.50th=[20096], 99.90th=[42752], 99.95th=[57088],
     | 99.99th=[103936]
    bw (KB/s)  : min=   47, max=  876, per=25.62%, avg=413.57, stdev=220.70
  write: io=48590KB, bw=1619.6KB/s, iops=809 , runt= 30003msec
    clat (msec): min=1 , max=1781 , avg= 3.61, stdev=13.73
     lat (msec): min=1 , max=1781 , avg= 3.61, stdev=13.73
    clat percentiles (usec):
     |  1.00th=[ 1128],  5.00th=[ 1224], 10.00th=[ 1320], 20.00th=[ 1512],
     | 30.00th=[ 1704], 40.00th=[ 1864], 50.00th=[ 2040], 60.00th=[ 2224],
     | 70.00th=[ 2544], 80.00th=[ 3152], 90.00th=[ 7072], 95.00th=[11456],
     | 99.00th=[28288], 99.50th=[37632], 99.90th=[56064], 99.95th=[63744],
     | 99.99th=[120320]
    bw (KB/s)  : min=   51, max=  798, per=25.63%, avg=414.89, stdev=217.93
    lat (usec) : 500=22.62%, 750=12.10%, 1000=5.75%
    lat (msec) : 2=29.60%, 4=19.03%, 10=7.18%, 20=2.41%, 50=1.18%
    lat (msec) : 100=0.11%, 250=0.01%, 1000=0.01%, 2000=0.01%
  cpu          : usr=0.16%, sys=1.34%, ctx=59038, majf=0, minf=110
  IO depths    : 1=100.0%, 2=0.0%, 4=0.0%, 8=0.0%, 16=0.0%, 32=0.0%, >=64=0.0%
     submit    : 0=0.0%, 4=100.0%, 8=0.0%, 16=0.0%, 32=0.0%, 64=0.0%, >=64=0.0%
     complete  : 0=0.0%, 4=100.0%, 8=0.0%, 16=0.0%, 32=0.0%, 64=0.0%, >=64=0.0%
     issued    : total=r=24220/w=24295/d=0, short=r=0/w=0/d=0

Run status group 0 (all jobs):
   READ: io=48440KB, aggrb=1614KB/s, minb=1614KB/s, maxb=1614KB/s, mint=30003msec, maxt=30003msec
  WRITE: io=48590KB, aggrb=1619KB/s, minb=1619KB/s, maxb=1619KB/s, mint=30003msec, maxt=30003msec

Disk stats (read/write):
    md1: ios=24186/24279, merge=0/0, ticks=0/0, in_queue=0, util=0.00%, aggrios=6250/24893, aggrmerge=0/6, aggrticks=4490/44682, aggrin_queue=49169, aggrutil=78.54%
  xvdf: ios=25002/24307, merge=0/6, ticks=17960/41424, in_queue=59380, util=74.31%
  xvdg: ios=0/25089, merge=0/6, ticks=0/47260, in_queue=47256, util=76.15%
  xvdh: ios=0/25089, merge=0/6, ticks=0/54312, in_queue=54308, util=78.54%
  xvdi: ios=0/25089, merge=0/6, ticks=0/35732, in_queue=35732, util=65.99%
## BS:4k, SCR:fio-seq-rw, NUM: 4, SIZE: 256m
seq-read: (g=0): rw=rw, bs=4K-4K/4K-4K/4K-4K, ioengine=sync, iodepth=1
...
seq-read: (g=0): rw=rw, bs=4K-4K/4K-4K/4K-4K, ioengine=sync, iodepth=1
fio-2.0.13
Starting 4 processes

seq-read: (groupid=0, jobs=4): err= 0: pid=19029: Fri Oct 18 08:31:09 2013
  read : io=147084KB, bw=4902.5KB/s, iops=1225 , runt= 30002msec
    clat (usec): min=340 , max=55740 , avg=962.01, stdev=1749.55
     lat (usec): min=340 , max=55741 , avg=962.18, stdev=1749.55
    clat percentiles (usec):
     |  1.00th=[  378],  5.00th=[  406], 10.00th=[  426], 20.00th=[  462],
     | 30.00th=[  506], 40.00th=[  556], 50.00th=[  628], 60.00th=[  724],
     | 70.00th=[  836], 80.00th=[ 1012], 90.00th=[ 1352], 95.00th=[ 1832],
     | 99.00th=[ 7456], 99.50th=[ 9280], 99.90th=[23936], 99.95th=[40192],
     | 99.99th=[48896]
    bw (KB/s)  : min=  166, max= 1821, per=24.93%, avg=1222.28, stdev=385.25
  write: io=146196KB, bw=4872.9KB/s, iops=1218 , runt= 30002msec
    clat (msec): min=1 , max=58 , avg= 2.31, stdev= 2.24
     lat (msec): min=1 , max=58 , avg= 2.31, stdev= 2.24
    clat percentiles (usec):
     |  1.00th=[ 1160],  5.00th=[ 1240], 10.00th=[ 1304], 20.00th=[ 1464],
     | 30.00th=[ 1624], 40.00th=[ 1784], 50.00th=[ 1928], 60.00th=[ 2064],
     | 70.00th=[ 2256], 80.00th=[ 2544], 90.00th=[ 3152], 95.00th=[ 4048],
     | 99.00th=[ 9664], 99.50th=[12224], 99.90th=[39680], 99.95th=[42240],
     | 99.99th=[51968]
    bw (KB/s)  : min=  160, max= 1668, per=24.93%, avg=1214.76, stdev=363.31
    lat (usec) : 500=14.48%, 750=16.90%, 1000=8.34%
    lat (msec) : 2=35.67%, 4=20.72%, 10=3.24%, 20=0.44%, 50=0.19%
    lat (msec) : 100=0.01%
  cpu          : usr=0.34%, sys=1.84%, ctx=79835, majf=0, minf=108
  IO depths    : 1=100.0%, 2=0.0%, 4=0.0%, 8=0.0%, 16=0.0%, 32=0.0%, >=64=0.0%
     submit    : 0=0.0%, 4=100.0%, 8=0.0%, 16=0.0%, 32=0.0%, 64=0.0%, >=64=0.0%
     complete  : 0=0.0%, 4=100.0%, 8=0.0%, 16=0.0%, 32=0.0%, 64=0.0%, >=64=0.0%
     issued    : total=r=36771/w=36549/d=0, short=r=0/w=0/d=0

Run status group 0 (all jobs):
   READ: io=147084KB, aggrb=4902KB/s, minb=4902KB/s, maxb=4902KB/s, mint=30002msec, maxt=30002msec
  WRITE: io=146196KB, aggrb=4872KB/s, minb=4872KB/s, maxb=4872KB/s, mint=30002msec, maxt=30002msec

Disk stats (read/write):
    md1: ios=36705/36490, merge=0/0, ticks=0/0, in_queue=0, util=0.00%, aggrios=9310/36916, aggrmerge=0/7, aggrticks=7243/56075, aggrin_queue=63312, aggrutil=91.97%
  xvdf: ios=37242/36563, merge=0/7, ticks=28972/61468, in_queue=90428, util=91.97%
  xvdg: ios=0/37034, merge=0/7, ticks=0/51184, in_queue=51180, util=81.87%
  xvdh: ios=0/37034, merge=0/7, ticks=0/65228, in_queue=65224, util=87.94%
  xvdi: ios=0/37034, merge=0/7, ticks=0/46420, in_queue=46416, util=79.66%
## BS:8k, SCR:fio-seq-rw, NUM: 4, SIZE: 256m
seq-read: (g=0): rw=rw, bs=8K-8K/8K-8K/8K-8K, ioengine=sync, iodepth=1
...
seq-read: (g=0): rw=rw, bs=8K-8K/8K-8K/8K-8K, ioengine=sync, iodepth=1
fio-2.0.13
Starting 4 processes

seq-read: (groupid=0, jobs=4): err= 0: pid=19035: Fri Oct 18 08:31:40 2013
  read : io=246440KB, bw=8213.6KB/s, iops=1026 , runt= 30004msec
    clat (usec): min=391 , max=1283.8K, avg=1282.28, stdev=12781.68
     lat (usec): min=391 , max=1283.8K, avg=1282.45, stdev=12781.68
    clat percentiles (usec):
     |  1.00th=[  430],  5.00th=[  466], 10.00th=[  498], 20.00th=[  556],
     | 30.00th=[  620], 40.00th=[  692], 50.00th=[  772], 60.00th=[  868],
     | 70.00th=[ 1004], 80.00th=[ 1192], 90.00th=[ 1560], 95.00th=[ 2320],
     | 99.00th=[ 8256], 99.50th=[10176], 99.90th=[19584], 99.95th=[29568],
     | 99.99th=[54528]
    bw (KB/s)  : min=  349, max= 3203, per=25.86%, avg=2123.66, stdev=747.87
  write: io=242344KB, bw=8077.6KB/s, iops=1009 , runt= 30004msec
    clat (msec): min=1 , max=1282 , avg= 2.65, stdev= 7.64
     lat (msec): min=1 , max=1282 , avg= 2.65, stdev= 7.64
    clat percentiles (usec):
     |  1.00th=[ 1368],  5.00th=[ 1464], 10.00th=[ 1528], 20.00th=[ 1688],
     | 30.00th=[ 1864], 40.00th=[ 2024], 50.00th=[ 2160], 60.00th=[ 2320],
     | 70.00th=[ 2512], 80.00th=[ 2832], 90.00th=[ 3600], 95.00th=[ 5408],
     | 99.00th=[10432], 99.50th=[12480], 99.90th=[29056], 99.95th=[39680],
     | 99.99th=[54016]
    bw (KB/s)  : min=  343, max= 2896, per=25.80%, avg=2083.81, stdev=714.64
    lat (usec) : 500=5.36%, 750=18.62%, 1000=11.19%
    lat (msec) : 2=31.49%, 4=27.46%, 10=5.04%, 20=0.72%, 50=0.10%
    lat (msec) : 100=0.02%, 2000=0.01%
  cpu          : usr=0.24%, sys=1.69%, ctx=69547, majf=0, minf=109
  IO depths    : 1=100.0%, 2=0.0%, 4=0.0%, 8=0.0%, 16=0.0%, 32=0.0%, >=64=0.0%
     submit    : 0=0.0%, 4=100.0%, 8=0.0%, 16=0.0%, 32=0.0%, 64=0.0%, >=64=0.0%
     complete  : 0=0.0%, 4=100.0%, 8=0.0%, 16=0.0%, 32=0.0%, 64=0.0%, >=64=0.0%
     issued    : total=r=30805/w=30293/d=0, short=r=0/w=0/d=0

Run status group 0 (all jobs):
   READ: io=246440KB, aggrb=8213KB/s, minb=8213KB/s, maxb=8213KB/s, mint=30004msec, maxt=30004msec
  WRITE: io=242344KB, aggrb=8077KB/s, minb=8077KB/s, maxb=8077KB/s, mint=30004msec, maxt=30004msec

Disk stats (read/write):
    md1: ios=30741/30239, merge=0/0, ticks=0/0, in_queue=0, util=0.00%, aggrios=7854/30766, aggrmerge=0/5, aggrticks=7256/53088, aggrin_queue=60296, aggrutil=89.50%
  xvdf: ios=31418/30303, merge=0/5, ticks=29024/54616, in_queue=83640, util=89.50%
  xvdg: ios=0/30918, merge=0/5, ticks=0/48464, in_queue=48448, util=80.20%
  xvdh: ios=0/30926, merge=0/5, ticks=0/63684, in_queue=63524, util=86.77%
  xvdi: ios=0/30918, merge=0/5, ticks=0/45588, in_queue=45572, util=78.90%
## BS:16k, SCR:fio-seq-rw, NUM: 4, SIZE: 256m
seq-read: (g=0): rw=rw, bs=16K-16K/16K-16K/16K-16K, ioengine=sync, iodepth=1
...
seq-read: (g=0): rw=rw, bs=16K-16K/16K-16K/16K-16K, ioengine=sync, iodepth=1
fio-2.0.13
Starting 4 processes

seq-read: (groupid=0, jobs=4): err= 0: pid=19041: Fri Oct 18 08:32:10 2013
  read : io=329600KB, bw=10986KB/s, iops=686 , runt= 30003msec
    clat (usec): min=470 , max=1276.1K, avg=2172.49, stdev=15191.90
     lat (usec): min=470 , max=1276.1K, avg=2172.67, stdev=15191.90
    clat percentiles (usec):
     |  1.00th=[  540],  5.00th=[  636], 10.00th=[  732], 20.00th=[  884],
     | 30.00th=[ 1012], 40.00th=[ 1144], 50.00th=[ 1288], 60.00th=[ 1448],
     | 70.00th=[ 1672], 80.00th=[ 2008], 90.00th=[ 3024], 95.00th=[ 6496],
     | 99.00th=[10816], 99.50th=[15936], 99.90th=[42752], 99.95th=[52480],
     | 99.99th=[856064]
    bw (KB/s)  : min=  202, max= 4768, per=26.27%, avg=2885.71, stdev=1146.63
  write: io=335968KB, bw=11198KB/s, iops=699 , runt= 30003msec
    clat (msec): min=1 , max=1278 , avg= 3.57, stdev=13.30
     lat (msec): min=1 , max=1278 , avg= 3.58, stdev=13.30
    clat percentiles (usec):
     |  1.00th=[ 1816],  5.00th=[ 1976], 10.00th=[ 2096], 20.00th=[ 2256],
     | 30.00th=[ 2416], 40.00th=[ 2544], 50.00th=[ 2704], 60.00th=[ 2896],
     | 70.00th=[ 3152], 80.00th=[ 3600], 90.00th=[ 4832], 95.00th=[ 8384],
     | 99.00th=[12352], 99.50th=[15424], 99.90th=[42240], 99.95th=[54016],
     | 99.99th=[518144]
    bw (KB/s)  : min=  237, max= 4352, per=26.27%, avg=2941.27, stdev=1138.36
    lat (usec) : 500=0.08%, 750=5.51%, 1000=8.72%
    lat (msec) : 2=28.45%, 4=45.66%, 10=9.70%, 20=1.52%, 50=0.31%
    lat (msec) : 100=0.03%, 250=0.01%, 500=0.01%, 750=0.01%, 1000=0.01%
    lat (msec) : 2000=0.01%
  cpu          : usr=0.28%, sys=1.20%, ctx=51730, majf=0, minf=110
  IO depths    : 1=100.0%, 2=0.0%, 4=0.0%, 8=0.0%, 16=0.0%, 32=0.0%, >=64=0.0%
     submit    : 0=0.0%, 4=100.0%, 8=0.0%, 16=0.0%, 32=0.0%, 64=0.0%, >=64=0.0%
     complete  : 0=0.0%, 4=100.0%, 8=0.0%, 16=0.0%, 32=0.0%, 64=0.0%, >=64=0.0%
     issued    : total=r=20600/w=20998/d=0, short=r=0/w=0/d=0

Run status group 0 (all jobs):
   READ: io=329600KB, aggrb=10985KB/s, minb=10985KB/s, maxb=10985KB/s, mint=30003msec, maxt=30003msec
  WRITE: io=335968KB, aggrb=11197KB/s, minb=11197KB/s, maxb=11197KB/s, mint=30003msec, maxt=30003msec

Disk stats (read/write):
    md1: ios=20564/20978, merge=0/0, ticks=0/0, in_queue=0, util=0.00%, aggrios=5345/21599, aggrmerge=0/7, aggrticks=8594/49278, aggrin_queue=57874, aggrutil=89.05%
  xvdf: ios=21383/21012, merge=0/7, ticks=34376/49996, in_queue=84384, util=89.05%
  xvdg: ios=0/21795, merge=0/7, ticks=0/47432, in_queue=47428, util=77.79%
  xvdh: ios=0/21795, merge=0/7, ticks=0/57840, in_queue=57840, util=83.17%
  xvdi: ios=0/21795, merge=0/7, ticks=0/41844, in_queue=41844, util=75.26%
## BS:32k, SCR:fio-seq-rw, NUM: 4, SIZE: 256m
seq-read: (g=0): rw=rw, bs=32K-32K/32K-32K/32K-32K, ioengine=sync, iodepth=1
...
seq-read: (g=0): rw=rw, bs=32K-32K/32K-32K/32K-32K, ioengine=sync, iodepth=1
fio-2.0.13
Starting 4 processes

seq-read: (groupid=0, jobs=4): err= 0: pid=19047: Fri Oct 18 08:32:41 2013
  read : io=413792KB, bw=13789KB/s, iops=430 , runt= 30009msec
    clat (usec): min=643 , max=1655.3K, avg=4320.12, stdev=36640.30
     lat (usec): min=643 , max=1655.3K, avg=4320.30, stdev=36640.30
    clat percentiles (usec):
     |  1.00th=[  788],  5.00th=[ 1032], 10.00th=[ 1208], 20.00th=[ 1480],
     | 30.00th=[ 1704], 40.00th=[ 1944], 50.00th=[ 2224], 60.00th=[ 2576],
     | 70.00th=[ 3024], 80.00th=[ 3760], 90.00th=[ 6816], 95.00th=[ 9280],
     | 99.00th=[23424], 99.50th=[32128], 99.90th=[71168], 99.95th=[1056768],
     | 99.99th=[1646592]
    bw (KB/s)  : min=   42, max= 6374, per=27.12%, avg=3739.00, stdev=1468.33
  write: io=416544KB, bw=13881KB/s, iops=433 , runt= 30009msec
    clat (msec): min=2 , max=97 , avg= 4.91, stdev= 3.95
     lat (msec): min=2 , max=97 , avg= 4.92, stdev= 3.95
    clat percentiles (usec):
     |  1.00th=[ 2640],  5.00th=[ 2896], 10.00th=[ 3056], 20.00th=[ 3312],
     | 30.00th=[ 3504], 40.00th=[ 3728], 50.00th=[ 3952], 60.00th=[ 4256],
     | 70.00th=[ 4576], 80.00th=[ 5152], 90.00th=[ 7904], 95.00th=[10688],
     | 99.00th=[17024], 99.50th=[25984], 99.90th=[53504], 99.95th=[69120],
     | 99.99th=[97792]
    bw (KB/s)  : min=   85, max= 5952, per=27.05%, avg=3754.06, stdev=1439.72
    lat (usec) : 750=0.31%, 1000=1.77%
    lat (msec) : 2=19.04%, 4=45.68%, 10=28.08%, 20=4.12%, 50=0.84%
    lat (msec) : 100=0.13%, 250=0.01%, 750=0.01%, 2000=0.03%
  cpu          : usr=0.26%, sys=0.75%, ctx=34322, majf=0, minf=108
  IO depths    : 1=100.0%, 2=0.0%, 4=0.0%, 8=0.0%, 16=0.0%, 32=0.0%, >=64=0.0%
     submit    : 0=0.0%, 4=100.0%, 8=0.0%, 16=0.0%, 32=0.0%, 64=0.0%, >=64=0.0%
     complete  : 0=0.0%, 4=100.0%, 8=0.0%, 16=0.0%, 32=0.0%, 64=0.0%, >=64=0.0%
     issued    : total=r=12931/w=13017/d=0, short=r=0/w=0/d=0

Run status group 0 (all jobs):
   READ: io=413792KB, aggrb=13788KB/s, minb=13788KB/s, maxb=13788KB/s, mint=30009msec, maxt=30009msec
  WRITE: io=416544KB, aggrb=13880KB/s, minb=13880KB/s, maxb=13880KB/s, mint=30009msec, maxt=30009msec

Disk stats (read/write):
    md1: ios=12930/13028, merge=0/0, ticks=0/0, in_queue=0, util=0.00%, aggrios=3383/13473, aggrmerge=0/6, aggrticks=12028/43762, aggrin_queue=55873, aggrutil=91.08%
  xvdf: ios=13535/13029, merge=0/6, ticks=48112/48336, in_queue=96664, util=91.08%
  xvdg: ios=0/13623, merge=0/6, ticks=0/42856, in_queue=42884, util=73.19%
  xvdh: ios=0/13620, merge=0/6, ticks=0/46992, in_queue=47048, util=76.08%
  xvdi: ios=0/13623, merge=0/6, ticks=0/36864, in_queue=36896, util=69.39%
## BS:64k, SCR:fio-seq-rw, NUM: 4, SIZE: 256m
seq-read: (g=0): rw=rw, bs=64K-64K/64K-64K/64K-64K, ioengine=sync, iodepth=1
...
seq-read: (g=0): rw=rw, bs=64K-64K/64K-64K/64K-64K, ioengine=sync, iodepth=1
fio-2.0.13
Starting 4 processes

seq-read: (groupid=0, jobs=4): err= 0: pid=19053: Fri Oct 18 08:33:11 2013
  read : io=491328KB, bw=16369KB/s, iops=255 , runt= 30016msec
    clat (usec): min=970 , max=1114.5K, avg=6259.77, stdev=25296.65
     lat (usec): min=970 , max=1114.5K, avg=6259.95, stdev=25296.66
    clat percentiles (usec):
     |  1.00th=[ 1128],  5.00th=[ 1656], 10.00th=[ 2024], 20.00th=[ 2480],
     | 30.00th=[ 2896], 40.00th=[ 3312], 50.00th=[ 3824], 60.00th=[ 4448],
     | 70.00th=[ 5344], 80.00th=[ 6944], 90.00th=[10432], 95.00th=[15552],
     | 99.00th=[37632], 99.50th=[49408], 99.90th=[68096], 99.95th=[905216],
     | 99.99th=[1122304]
    bw (KB/s)  : min=   64, max= 7664, per=26.42%, avg=4325.09, stdev=1966.01
  write: io=490816KB, bw=16352KB/s, iops=255 , runt= 30016msec
    clat (msec): min=3 , max=923 , avg= 9.37, stdev=22.96
     lat (msec): min=3 , max=923 , avg= 9.38, stdev=22.96
    clat percentiles (msec):
     |  1.00th=[    5],  5.00th=[    5], 10.00th=[    6], 20.00th=[    6],
     | 30.00th=[    7], 40.00th=[    7], 50.00th=[    8], 60.00th=[    8],
     | 70.00th=[    9], 80.00th=[   11], 90.00th=[   15], 95.00th=[   18],
     | 99.00th=[   31], 99.50th=[   45], 99.90th=[   70], 99.95th=[  906],
     | 99.99th=[  922]
    bw (KB/s)  : min=   64, max= 7379, per=26.42%, avg=4319.20, stdev=1908.89
    lat (usec) : 1000=0.03%
    lat (msec) : 2=4.74%, 4=21.87%, 10=57.18%, 20=13.21%, 50=2.53%
    lat (msec) : 100=0.36%, 500=0.02%, 1000=0.05%, 2000=0.01%
  cpu          : usr=0.21%, sys=0.52%, ctx=24041, majf=0, minf=110
  IO depths    : 1=100.0%, 2=0.0%, 4=0.0%, 8=0.0%, 16=0.0%, 32=0.0%, >=64=0.0%
     submit    : 0=0.0%, 4=100.0%, 8=0.0%, 16=0.0%, 32=0.0%, 64=0.0%, >=64=0.0%
     complete  : 0=0.0%, 4=100.0%, 8=0.0%, 16=0.0%, 32=0.0%, 64=0.0%, >=64=0.0%
     issued    : total=r=7677/w=7669/d=0, short=r=0/w=0/d=0

Run status group 0 (all jobs):
   READ: io=491328KB, aggrb=16368KB/s, minb=16368KB/s, maxb=16368KB/s, mint=30016msec, maxt=30016msec
  WRITE: io=490816KB, aggrb=16351KB/s, minb=16351KB/s, maxb=16351KB/s, mint=30016msec, maxt=30016msec

Disk stats (read/write):
    md1: ios=15328/15350, merge=0/0, ticks=0/0, in_queue=0, util=0.00%, aggrios=3997/15816, aggrmerge=0/6, aggrticks=16975/83161, aggrin_queue=100203, aggrutil=90.08%
  xvdf: ios=15988/15351, merge=0/6, ticks=67900/97288, in_queue=165308, util=90.08%
  xvdg: ios=0/15970, merge=0/6, ticks=0/75184, in_queue=75204, util=70.78%
  xvdh: ios=0/15970, merge=0/6, ticks=0/92464, in_queue=92544, util=76.10%
  xvdi: ios=0/15974, merge=0/6, ticks=0/67708, in_queue=67756, util=68.34%
## BS:128k, SCR:fio-seq-rw, NUM: 4, SIZE: 256m
seq-read: (g=0): rw=rw, bs=128K-128K/128K-128K/128K-128K, ioengine=sync, iodepth=1
...
seq-read: (g=0): rw=rw, bs=128K-128K/128K-128K/128K-128K, ioengine=sync, iodepth=1
fio-2.0.13
Starting 4 processes

seq-read: (groupid=0, jobs=4): err= 0: pid=19059: Fri Oct 18 08:33:39 2013
  read : io=524544KB, bw=19100KB/s, iops=149 , runt= 27463msec
    clat (msec): min=1 , max=415 , avg=10.12, stdev=11.98
     lat (msec): min=1 , max=415 , avg=10.12, stdev=11.98
    clat percentiles (usec):
     |  1.00th=[ 1800],  5.00th=[ 3120], 10.00th=[ 4128], 20.00th=[ 5280],
     | 30.00th=[ 6240], 40.00th=[ 7200], 50.00th=[ 8256], 60.00th=[ 9408],
     | 70.00th=[10944], 80.00th=[13376], 90.00th=[17280], 95.00th=[21376],
     | 99.00th=[37120], 99.50th=[46336], 99.90th=[72192], 99.95th=[214016],
     | 99.99th=[415744]
    bw (KB/s)  : min= 1021, max= 9053, per=25.23%, avg=4818.13, stdev=1692.77
  write: io=524032KB, bw=19081KB/s, iops=149 , runt= 27463msec
    clat (msec): min=6 , max=416 , avg=16.54, stdev=12.75
     lat (msec): min=6 , max=416 , avg=16.58, stdev=12.75
    clat percentiles (msec):
     |  1.00th=[    8],  5.00th=[    9], 10.00th=[   10], 20.00th=[   11],
     | 30.00th=[   12], 40.00th=[   14], 50.00th=[   15], 60.00th=[   16],
     | 70.00th=[   18], 80.00th=[   21], 90.00th=[   25], 95.00th=[   30],
     | 99.00th=[   48], 99.50th=[   63], 99.90th=[  120], 99.95th=[  219],
     | 99.99th=[  416]
    bw (KB/s)  : min=  975, max= 7394, per=25.09%, avg=4787.85, stdev=1450.29
    lat (msec) : 2=0.81%, 4=3.88%, 10=35.18%, 20=46.28%, 50=13.17%
    lat (msec) : 100=0.54%, 250=0.10%, 500=0.05%
  cpu          : usr=0.10%, sys=0.54%, ctx=17516, majf=0, minf=112
  IO depths    : 1=100.0%, 2=0.0%, 4=0.0%, 8=0.0%, 16=0.0%, 32=0.0%, >=64=0.0%
     submit    : 0=0.0%, 4=100.0%, 8=0.0%, 16=0.0%, 32=0.0%, 64=0.0%, >=64=0.0%
     complete  : 0=0.0%, 4=100.0%, 8=0.0%, 16=0.0%, 32=0.0%, 64=0.0%, >=64=0.0%
     issued    : total=r=4098/w=4094/d=0, short=r=0/w=0/d=0

Run status group 0 (all jobs):
   READ: io=524544KB, aggrb=19100KB/s, minb=19100KB/s, maxb=19100KB/s, mint=27463msec, maxt=27463msec
  WRITE: io=524032KB, aggrb=19081KB/s, minb=19081KB/s, maxb=19081KB/s, mint=27463msec, maxt=27463msec

Disk stats (read/write):
    md1: ios=12294/12291, merge=0/0, ticks=0/0, in_queue=0, util=0.00%, aggrios=3192/12649, aggrmerge=0/5, aggrticks=21369/105540, aggrin_queue=126902, aggrutil=89.46%
  xvdf: ios=12771/12292, merge=0/5, ticks=85476/126768, in_queue=212240, util=89.46%
  xvdg: ios=0/12769, merge=0/5, ticks=0/92648, in_queue=92636, util=74.94%
  xvdh: ios=0/12769, merge=0/5, ticks=0/122352, in_queue=122348, util=83.97%
  xvdi: ios=0/12769, merge=0/5, ticks=0/80392, in_queue=80384, util=70.55%
## BS:256k, SCR:fio-seq-rw, NUM: 4, SIZE: 256m
seq-read: (g=0): rw=rw, bs=256K-256K/256K-256K/256K-256K, ioengine=sync, iodepth=1
...
seq-read: (g=0): rw=rw, bs=256K-256K/256K-256K/256K-256K, ioengine=sync, iodepth=1
fio-2.0.13
Starting 4 processes

seq-read: (groupid=0, jobs=4): err= 0: pid=19065: Fri Oct 18 08:34:07 2013
  read : io=533760KB, bw=19492KB/s, iops=76 , runt= 27383msec
    clat (msec): min=3 , max=273 , avg=21.41, stdev=12.57
     lat (msec): min=3 , max=273 , avg=21.41, stdev=12.57
    clat percentiles (msec):
     |  1.00th=[    7],  5.00th=[    9], 10.00th=[   10], 20.00th=[   13],
     | 30.00th=[   15], 40.00th=[   17], 50.00th=[   20], 60.00th=[   23],
     | 70.00th=[   26], 80.00th=[   30], 90.00th=[   36], 95.00th=[   40],
     | 99.00th=[   53], 99.50th=[   61], 99.90th=[   83], 99.95th=[  241],
     | 99.99th=[  273]
    bw (KB/s)  : min=  957, max=11219, per=25.17%, avg=4906.15, stdev=1825.31
  write: io=514816KB, bw=18801KB/s, iops=73 , runt= 27383msec
    clat (msec): min=10 , max=269 , avg=32.00, stdev=16.46
     lat (msec): min=10 , max=269 , avg=32.06, stdev=16.46
    clat percentiles (msec):
     |  1.00th=[   14],  5.00th=[   16], 10.00th=[   19], 20.00th=[   23],
     | 30.00th=[   25], 40.00th=[   27], 50.00th=[   30], 60.00th=[   33],
     | 70.00th=[   36], 80.00th=[   40], 90.00th=[   47], 95.00th=[   55],
     | 99.00th=[   74], 99.50th=[   84], 99.90th=[  255], 99.95th=[  262],
     | 99.99th=[  269]
    bw (KB/s)  : min= 1508, max= 8401, per=25.09%, avg=4717.76, stdev=1528.80
    lat (msec) : 4=0.05%, 10=5.69%, 20=27.66%, 50=62.18%, 100=4.22%
    lat (msec) : 250=0.10%, 500=0.10%
  cpu          : usr=0.19%, sys=0.37%, ctx=21581, majf=0, minf=108
  IO depths    : 1=100.0%, 2=0.0%, 4=0.0%, 8=0.0%, 16=0.0%, 32=0.0%, >=64=0.0%
     submit    : 0=0.0%, 4=100.0%, 8=0.0%, 16=0.0%, 32=0.0%, 64=0.0%, >=64=0.0%
     complete  : 0=0.0%, 4=100.0%, 8=0.0%, 16=0.0%, 32=0.0%, 64=0.0%, >=64=0.0%
     issued    : total=r=2085/w=2011/d=0, short=r=0/w=0/d=0

Run status group 0 (all jobs):
   READ: io=533760KB, aggrb=19492KB/s, minb=19492KB/s, maxb=19492KB/s, mint=27383msec, maxt=27383msec
  WRITE: io=514816KB, aggrb=18800KB/s, minb=18800KB/s, maxb=18800KB/s, mint=27383msec, maxt=27383msec

Disk stats (read/write):
    md1: ios=12450/12006, merge=0/0, ticks=0/0, in_queue=0, util=0.00%, aggrios=3318/12649, aggrmerge=0/6, aggrticks=30771/170408, aggrin_queue=201177, aggrutil=84.69%
  xvdf: ios=13272/12078, merge=0/6, ticks=123084/208272, in_queue=331352, util=84.69%
  xvdg: ios=0/12840, merge=0/6, ticks=0/153948, in_queue=153944, util=71.95%
  xvdh: ios=0/12840, merge=0/6, ticks=0/176556, in_queue=176556, util=79.32%
  xvdi: ios=0/12840, merge=0/6, ticks=0/142856, in_queue=142856, util=69.10%
