# test_ramfs.sh /mnt/ebs-raid10-4
## ram -> disk
### Round 1 / 3
	Command being timed: "cp /mnt/tmpfs/data.tmp /mnt/ebs-raid10-4/data.tmp"
	User time (seconds): 0.01
	System time (seconds): 1.58
	Percent of CPU this job got: 10%
	Elapsed (wall clock) time (h:mm:ss or m:ss): 0:16.00
	Average shared text size (kbytes): 0
	Average unshared data size (kbytes): 0
	Average stack size (kbytes): 0
	Average total size (kbytes): 0
	Maximum resident set size (kbytes): 3712
	Average resident set size (kbytes): 0
	Major (requiring I/O) page faults: 0
	Minor (reclaiming a frame) page faults: 283
	Voluntary context switches: 948
	Involuntary context switches: 421
	Swaps: 0
	File system inputs: 56
	File system outputs: 1048576
	Socket messages sent: 0
	Socket messages received: 0
	Signals delivered: 0
	Page size (bytes): 4096
	Exit status: 0
### Round 2 / 3
	Command being timed: "cp /mnt/tmpfs/data.tmp /mnt/ebs-raid10-4/data.tmp"
	User time (seconds): 0.02
	System time (seconds): 1.77
	Percent of CPU this job got: 6%
	Elapsed (wall clock) time (h:mm:ss or m:ss): 0:28.24
	Average shared text size (kbytes): 0
	Average unshared data size (kbytes): 0
	Average stack size (kbytes): 0
	Average total size (kbytes): 0
	Maximum resident set size (kbytes): 3712
	Average resident set size (kbytes): 0
	Major (requiring I/O) page faults: 0
	Minor (reclaiming a frame) page faults: 282
	Voluntary context switches: 2719
	Involuntary context switches: 351
	Swaps: 0
	File system inputs: 32
	File system outputs: 1048576
	Socket messages sent: 0
	Socket messages received: 0
	Signals delivered: 0
	Page size (bytes): 4096
	Exit status: 0
### Round 3 / 3
	Command being timed: "cp /mnt/tmpfs/data.tmp /mnt/ebs-raid10-4/data.tmp"
	User time (seconds): 0.00
	System time (seconds): 1.86
	Percent of CPU this job got: 6%
	Elapsed (wall clock) time (h:mm:ss or m:ss): 0:30.55
	Average shared text size (kbytes): 0
	Average unshared data size (kbytes): 0
	Average stack size (kbytes): 0
	Average total size (kbytes): 0
	Maximum resident set size (kbytes): 3712
	Average resident set size (kbytes): 0
	Major (requiring I/O) page faults: 0
	Minor (reclaiming a frame) page faults: 283
	Voluntary context switches: 2702
	Involuntary context switches: 570
	Swaps: 0
	File system inputs: 0
	File system outputs: 1048576
	Socket messages sent: 0
	Socket messages received: 0
	Signals delivered: 0
	Page size (bytes): 4096
	Exit status: 0
## disk -> ram
### Round 1 / 3
	Command being timed: "cp /mnt/ebs-raid10-4/data.tmp /mnt/tmpfs/data.tmp"
	User time (seconds): 0.00
	System time (seconds): 1.08
	Percent of CPU this job got: 97%
	Elapsed (wall clock) time (h:mm:ss or m:ss): 0:01.11
	Average shared text size (kbytes): 0
	Average unshared data size (kbytes): 0
	Average stack size (kbytes): 0
	Average total size (kbytes): 0
	Maximum resident set size (kbytes): 3712
	Average resident set size (kbytes): 0
	Major (requiring I/O) page faults: 0
	Minor (reclaiming a frame) page faults: 282
	Voluntary context switches: 1
	Involuntary context switches: 185
	Swaps: 0
	File system inputs: 0
	File system outputs: 0
	Socket messages sent: 0
	Socket messages received: 0
	Signals delivered: 0
	Page size (bytes): 4096
	Exit status: 0
### Round 2 / 3
	Command being timed: "cp /mnt/ebs-raid10-4/data.tmp /mnt/tmpfs/data.tmp"
	User time (seconds): 0.01
	System time (seconds): 1.00
	Percent of CPU this job got: 94%
	Elapsed (wall clock) time (h:mm:ss or m:ss): 0:01.08
	Average shared text size (kbytes): 0
	Average unshared data size (kbytes): 0
	Average stack size (kbytes): 0
	Average total size (kbytes): 0
	Maximum resident set size (kbytes): 3712
	Average resident set size (kbytes): 0
	Major (requiring I/O) page faults: 0
	Minor (reclaiming a frame) page faults: 282
	Voluntary context switches: 1
	Involuntary context switches: 162
	Swaps: 0
	File system inputs: 0
	File system outputs: 0
	Socket messages sent: 0
	Socket messages received: 0
	Signals delivered: 0
	Page size (bytes): 4096
	Exit status: 0
### Round 3 / 3
	Command being timed: "cp /mnt/ebs-raid10-4/data.tmp /mnt/tmpfs/data.tmp"
	User time (seconds): 0.02
	System time (seconds): 0.98
	Percent of CPU this job got: 97%
	Elapsed (wall clock) time (h:mm:ss or m:ss): 0:01.03
	Average shared text size (kbytes): 0
	Average unshared data size (kbytes): 0
	Average stack size (kbytes): 0
	Average total size (kbytes): 0
	Maximum resident set size (kbytes): 3712
	Average resident set size (kbytes): 0
	Major (requiring I/O) page faults: 0
	Minor (reclaiming a frame) page faults: 282
	Voluntary context switches: 1
	Involuntary context switches: 153
	Swaps: 0
	File system inputs: 0
	File system outputs: 0
	Socket messages sent: 0
	Socket messages received: 0
	Signals delivered: 0
	Page size (bytes): 4096
	Exit status: 0
# test_fio.sh /mnt/ebs-raid10-4
## BS:1k, SCR:fio-rand-read, NUM: 4, SIZE: 256m
rand-read: (g=0): rw=randread, bs=1K-1K/1K-1K/1K-1K, ioengine=sync, iodepth=1
...
rand-read: (g=0): rw=randread, bs=1K-1K/1K-1K/1K-1K, ioengine=sync, iodepth=1
fio-2.0.13
Starting 4 processes
rand-read: Laying out IO file(s) (1 file(s) / 256MB)
rand-read: Laying out IO file(s) (1 file(s) / 256MB)
rand-read: Laying out IO file(s) (1 file(s) / 256MB)
rand-read: Laying out IO file(s) (1 file(s) / 256MB)

rand-read: (groupid=0, jobs=4): err= 0: pid=19748: Mon Oct  7 17:05:15 2013
  read : io=288793KB, bw=9379.2KB/s, iops=9379 , runt= 30791msec
    clat (usec): min=205 , max=1221.2K, avg=413.72, stdev=2504.86
     lat (usec): min=205 , max=1221.2K, avg=413.86, stdev=2504.86
    clat percentiles (usec):
     |  1.00th=[  262],  5.00th=[  282], 10.00th=[  294], 20.00th=[  314],
     | 30.00th=[  330], 40.00th=[  350], 50.00th=[  366], 60.00th=[  386],
     | 70.00th=[  406], 80.00th=[  438], 90.00th=[  510], 95.00th=[  620],
     | 99.00th=[ 1128], 99.50th=[ 1560], 99.90th=[ 2768], 99.95th=[ 3984],
     | 99.99th=[15680]
    bw (KB/s)  : min=   88, max= 2774, per=25.61%, avg=2401.98, stdev=319.72
    lat (usec) : 250=0.32%, 500=88.91%, 750=8.26%, 1000=1.28%
    lat (msec) : 2=1.01%, 4=0.18%, 10=0.03%, 20=0.01%, 50=0.01%
    lat (msec) : 250=0.01%, 2000=0.01%
  cpu          : usr=1.20%, sys=7.76%, ctx=295037, majf=0, minf=108
  IO depths    : 1=100.0%, 2=0.0%, 4=0.0%, 8=0.0%, 16=0.0%, 32=0.0%, >=64=0.0%
     submit    : 0=0.0%, 4=100.0%, 8=0.0%, 16=0.0%, 32=0.0%, 64=0.0%, >=64=0.0%
     complete  : 0=0.0%, 4=100.0%, 8=0.0%, 16=0.0%, 32=0.0%, 64=0.0%, >=64=0.0%
     issued    : total=r=288793/w=0/d=0, short=r=0/w=0/d=0

Run status group 0 (all jobs):
   READ: io=288793KB, aggrb=9379KB/s, minb=9379KB/s, maxb=9379KB/s, mint=30791msec, maxt=30791msec

Disk stats (read/write):
    md0: ios=288793/8, merge=0/0, ticks=0/0, in_queue=0, util=0.00%, aggrios=72505/2, aggrmerge=0/1, aggrticks=40850/0, aggrin_queue=42338, aggrutil=87.09%
  xvdf: ios=77428/3, merge=0/0, ticks=39252/0, in_queue=40984, util=87.09%
  xvdg: ios=68212/3, merge=0/0, ticks=43236/0, in_queue=44932, util=75.11%
  xvdh: ios=85570/2, merge=0/3, ticks=50620/0, in_queue=51892, util=80.83%
  xvdi: ios=58812/2, merge=0/3, ticks=30292/0, in_queue=31544, util=62.11%
## BS:2k, SCR:fio-rand-read, NUM: 4, SIZE: 256m
rand-read: (g=0): rw=randread, bs=2K-2K/2K-2K/2K-2K, ioengine=sync, iodepth=1
...
rand-read: (g=0): rw=randread, bs=2K-2K/2K-2K/2K-2K, ioengine=sync, iodepth=1
fio-2.0.13
Starting 4 processes

rand-read: (groupid=0, jobs=4): err= 0: pid=19754: Mon Oct  7 17:05:47 2013
  read : io=370336KB, bw=11823KB/s, iops=5911 , runt= 31324msec
    clat (usec): min=250 , max=1633.9K, avg=663.96, stdev=10891.33
     lat (usec): min=251 , max=1633.9K, avg=664.12, stdev=10891.33
    clat percentiles (usec):
     |  1.00th=[  302],  5.00th=[  326], 10.00th=[  342], 20.00th=[  370],
     | 30.00th=[  390], 40.00th=[  418], 50.00th=[  442], 60.00th=[  470],
     | 70.00th=[  498], 80.00th=[  532], 90.00th=[  628], 95.00th=[  764],
     | 99.00th=[ 2064], 99.50th=[ 6432], 99.90th=[19584], 99.95th=[30592],
     | 99.99th=[226304]
    bw (KB/s)  : min=    9, max= 4676, per=27.74%, avg=3278.99, stdev=1269.99
    lat (usec) : 500=70.90%, 750=23.74%, 1000=2.74%
    lat (msec) : 2=1.54%, 4=0.49%, 10=0.25%, 20=0.24%, 50=0.07%
    lat (msec) : 100=0.01%, 250=0.01%, 500=0.01%, 750=0.01%, 1000=0.01%
    lat (msec) : 2000=0.01%
  cpu          : usr=0.80%, sys=4.90%, ctx=193110, majf=0, minf=116
  IO depths    : 1=100.0%, 2=0.0%, 4=0.0%, 8=0.0%, 16=0.0%, 32=0.0%, >=64=0.0%
     submit    : 0=0.0%, 4=100.0%, 8=0.0%, 16=0.0%, 32=0.0%, 64=0.0%, >=64=0.0%
     complete  : 0=0.0%, 4=100.0%, 8=0.0%, 16=0.0%, 32=0.0%, 64=0.0%, >=64=0.0%
     issued    : total=r=185168/w=0/d=0, short=r=0/w=0/d=0

Run status group 0 (all jobs):
   READ: io=370336KB, aggrb=11822KB/s, minb=11822KB/s, maxb=11822KB/s, mint=31324msec, maxt=31324msec

Disk stats (read/write):
    md0: ios=185168/0, merge=0/0, ticks=0/0, in_queue=0, util=0.00%, aggrios=46528/0, aggrmerge=0/0, aggrticks=27717/2, aggrin_queue=29128, aggrutil=75.68%
  xvdf: ios=50082/0, merge=0/0, ticks=32432/0, in_queue=33856, util=75.68%
  xvdg: ios=43192/3, merge=0/0, ticks=26220/8, in_queue=27560, util=61.88%
  xvdh: ios=60817/0, merge=0/0, ticks=24640/0, in_queue=26164, util=64.22%
  xvdi: ios=32024/0, merge=0/0, ticks=27576/0, in_queue=28932, util=64.21%
## BS:4k, SCR:fio-rand-read, NUM: 4, SIZE: 256m
rand-read: (g=0): rw=randread, bs=4K-4K/4K-4K/4K-4K, ioengine=sync, iodepth=1
...
rand-read: (g=0): rw=randread, bs=4K-4K/4K-4K/4K-4K, ioengine=sync, iodepth=1
fio-2.0.13
Starting 4 processes

rand-read: (groupid=0, jobs=4): err= 0: pid=19760: Mon Oct  7 17:06:19 2013
  read : io=458616KB, bw=14614KB/s, iops=3653 , runt= 31381msec
    clat (usec): min=256 , max=1810.2K, avg=1054.09, stdev=21191.83
     lat (usec): min=256 , max=1810.2K, avg=1054.24, stdev=21191.83
    clat percentiles (usec):
     |  1.00th=[  322],  5.00th=[  350], 10.00th=[  366], 20.00th=[  394],
     | 30.00th=[  414], 40.00th=[  434], 50.00th=[  454], 60.00th=[  474],
     | 70.00th=[  502], 80.00th=[  540], 90.00th=[  660], 95.00th=[  836],
     | 99.00th=[ 9792], 99.50th=[14272], 99.90th=[32384], 99.95th=[42752],
     | 99.99th=[1433600]
    bw (KB/s)  : min=   20, max= 9128, per=32.99%, avg=4820.69, stdev=2920.07
    lat (usec) : 500=69.88%, 750=23.33%, 1000=3.18%
    lat (msec) : 2=1.42%, 4=0.39%, 10=0.84%, 20=0.72%, 50=0.21%
    lat (msec) : 100=0.01%, 250=0.01%, 500=0.01%, 750=0.01%, 1000=0.01%
    lat (msec) : 2000=0.02%
  cpu          : usr=0.57%, sys=3.05%, ctx=117818, majf=0, minf=116
  IO depths    : 1=100.0%, 2=0.0%, 4=0.0%, 8=0.0%, 16=0.0%, 32=0.0%, >=64=0.0%
     submit    : 0=0.0%, 4=100.0%, 8=0.0%, 16=0.0%, 32=0.0%, 64=0.0%, >=64=0.0%
     complete  : 0=0.0%, 4=100.0%, 8=0.0%, 16=0.0%, 32=0.0%, 64=0.0%, >=64=0.0%
     issued    : total=r=114654/w=0/d=0, short=r=0/w=0/d=0

Run status group 0 (all jobs):
   READ: io=458616KB, aggrb=14614KB/s, minb=14614KB/s, maxb=14614KB/s, mint=31381msec, maxt=31381msec

Disk stats (read/write):
    md0: ios=114654/0, merge=0/0, ticks=0/0, in_queue=0, util=0.00%, aggrios=28735/102, aggrmerge=0/0, aggrticks=51554/29882, aggrin_queue=69319, aggrutil=80.77%
  xvdf: ios=40232/0, merge=0/0, ticks=28572/0, in_queue=30032, util=69.51%
  xvdg: ios=17331/267, merge=0/0, ticks=114076/86540, in_queue=165436, util=80.77%
  xvdh: ios=45488/0, merge=0/0, ticks=19316/0, in_queue=20860, util=54.31%
  xvdi: ios=11891/141, merge=0/0, ticks=44252/32988, in_queue=60948, util=46.13%
## BS:8k, SCR:fio-rand-read, NUM: 4, SIZE: 256m
rand-read: (g=0): rw=randread, bs=8K-8K/8K-8K/8K-8K, ioengine=sync, iodepth=1
...
rand-read: (g=0): rw=randread, bs=8K-8K/8K-8K/8K-8K, ioengine=sync, iodepth=1
fio-2.0.13
Starting 4 processes

rand-read: (groupid=0, jobs=4): err= 0: pid=19766: Mon Oct  7 17:06:51 2013
  read : io=611224KB, bw=20367KB/s, iops=2545 , runt= 30011msec
    clat (usec): min=307 , max=1432.1K, avg=1407.06, stdev=17440.94
     lat (usec): min=307 , max=1432.1K, avg=1407.22, stdev=17440.95
    clat percentiles (usec):
     |  1.00th=[  370],  5.00th=[  402], 10.00th=[  422], 20.00th=[  450],
     | 30.00th=[  470], 40.00th=[  490], 50.00th=[  510], 60.00th=[  532],
     | 70.00th=[  580], 80.00th=[  668], 90.00th=[  900], 95.00th=[ 3760],
     | 99.00th=[14400], 99.50th=[20352], 99.90th=[40704], 99.95th=[61184],
     | 99.99th=[1036288]
    bw (KB/s)  : min=  101, max=16528, per=32.16%, avg=6549.84, stdev=4741.14
    lat (usec) : 500=46.05%, 750=39.23%, 1000=6.15%
    lat (msec) : 2=2.57%, 4=1.10%, 10=2.87%, 20=1.51%, 50=0.46%
    lat (msec) : 100=0.02%, 250=0.01%, 500=0.01%, 750=0.01%, 1000=0.01%
    lat (msec) : 2000=0.01%
  cpu          : usr=0.50%, sys=2.30%, ctx=78683, majf=0, minf=120
  IO depths    : 1=100.0%, 2=0.0%, 4=0.0%, 8=0.0%, 16=0.0%, 32=0.0%, >=64=0.0%
     submit    : 0=0.0%, 4=100.0%, 8=0.0%, 16=0.0%, 32=0.0%, 64=0.0%, >=64=0.0%
     complete  : 0=0.0%, 4=100.0%, 8=0.0%, 16=0.0%, 32=0.0%, 64=0.0%, >=64=0.0%
     issued    : total=r=76403/w=0/d=0, short=r=0/w=0/d=0

Run status group 0 (all jobs):
   READ: io=611224KB, aggrb=20366KB/s, minb=20366KB/s, maxb=20366KB/s, mint=30011msec, maxt=30011msec

Disk stats (read/write):
    md0: ios=76699/0, merge=0/0, ticks=0/0, in_queue=0, util=0.00%, aggrios=19393/14, aggrmerge=0/0, aggrticks=41910/2486, aggrin_queue=37108, aggrutil=87.20%
  xvdf: ios=27628/0, merge=0/0, ticks=30848/0, in_queue=30844, util=80.34%
  xvdg: ios=11081/11, merge=0/0, ticks=70404/2084, in_queue=59944, util=87.20%
  xvdh: ios=32115/0, merge=0/0, ticks=18004/0, in_queue=17072, util=51.15%
  xvdi: ios=6749/48, merge=0/0, ticks=48384/7860, in_queue=40572, util=44.28%
## BS:16k, SCR:fio-rand-read, NUM: 4, SIZE: 256m
rand-read: (g=0): rw=randread, bs=16K-16K/16K-16K/16K-16K, ioengine=sync, iodepth=1
...
rand-read: (g=0): rw=randread, bs=16K-16K/16K-16K/16K-16K, ioengine=sync, iodepth=1
fio-2.0.13
Starting 4 processes

rand-read: (groupid=0, jobs=4): err= 0: pid=19772: Mon Oct  7 17:07:21 2013
  read : io=529776KB, bw=17653KB/s, iops=1103 , runt= 30010msec
    clat (usec): min=407 , max=1359.4K, avg=3467.98, stdev=33133.35
     lat (usec): min=407 , max=1359.4K, avg=3468.15, stdev=33133.36
    clat percentiles (usec):
     |  1.00th=[  474],  5.00th=[  516], 10.00th=[  540], 20.00th=[  580],
     | 30.00th=[  612], 40.00th=[  660], 50.00th=[  716], 60.00th=[  804],
     | 70.00th=[  932], 80.00th=[ 1448], 90.00th=[ 6944], 95.00th=[11712],
     | 99.00th=[26496], 99.50th=[34560], 99.90th=[577536], 99.95th=[962560],
     | 99.99th=[1269760]
    bw (KB/s)  : min=   48, max=26592, per=31.54%, avg=5566.91, stdev=6634.43
    lat (usec) : 500=2.96%, 750=51.03%, 1000=19.14%
    lat (msec) : 2=9.49%, 4=4.44%, 10=6.53%, 20=4.56%, 50=1.62%
    lat (msec) : 100=0.09%, 250=0.02%, 500=0.02%, 750=0.03%, 1000=0.05%
    lat (msec) : 2000=0.03%
  cpu          : usr=0.14%, sys=1.16%, ctx=43750, majf=0, minf=128
  IO depths    : 1=100.0%, 2=0.0%, 4=0.0%, 8=0.0%, 16=0.0%, 32=0.0%, >=64=0.0%
     submit    : 0=0.0%, 4=100.0%, 8=0.0%, 16=0.0%, 32=0.0%, 64=0.0%, >=64=0.0%
     complete  : 0=0.0%, 4=100.0%, 8=0.0%, 16=0.0%, 32=0.0%, 64=0.0%, >=64=0.0%
     issued    : total=r=33111/w=0/d=0, short=r=0/w=0/d=0

Run status group 0 (all jobs):
   READ: io=529776KB, aggrb=17653KB/s, minb=17653KB/s, maxb=17653KB/s, mint=30010msec, maxt=30010msec

Disk stats (read/write):
    md0: ios=34167/0, merge=0/0, ticks=0/0, in_queue=0, util=0.00%, aggrios=8874/0, aggrmerge=80/0, aggrticks=20022/0, aggrin_queue=20019, aggrutil=57.69%
  xvdf: ios=12764/0, merge=168/0, ticks=22216/0, in_queue=22204, util=57.69%
  xvdg: ios=5925/0, merge=127/0, ticks=22084/0, in_queue=22084, util=54.58%
  xvdh: ios=13723/0, merge=4/0, ticks=9592/0, in_queue=9592, util=29.51%
  xvdi: ios=3087/0, merge=21/0, ticks=26196/0, in_queue=26196, util=52.20%
## BS:32k, SCR:fio-rand-read, NUM: 4, SIZE: 256m
rand-read: (g=0): rw=randread, bs=32K-32K/32K-32K/32K-32K, ioengine=sync, iodepth=1
...
rand-read: (g=0): rw=randread, bs=32K-32K/32K-32K/32K-32K, ioengine=sync, iodepth=1
fio-2.0.13
Starting 4 processes

rand-read: (groupid=0, jobs=4): err= 0: pid=19778: Mon Oct  7 17:07:52 2013
  read : io=428512KB, bw=14279KB/s, iops=446 , runt= 30010msec
    clat (usec): min=547 , max=1802.6K, avg=8955.99, stdev=68532.15
     lat (usec): min=547 , max=1802.6K, avg=8956.19, stdev=68532.15
    clat percentiles (usec):
     |  1.00th=[  636],  5.00th=[  692], 10.00th=[  724], 20.00th=[  780],
     | 30.00th=[  836], 40.00th=[  924], 50.00th=[ 1048], 60.00th=[ 1304],
     | 70.00th=[ 2576], 80.00th=[ 8768], 90.00th=[15296], 95.00th=[22912],
     | 99.00th=[48896], 99.50th=[100864], 99.90th=[1138688], 99.95th=[1695744],
     | 99.99th=[1744896]
    bw (KB/s)  : min=   55, max=37248, per=34.30%, avg=4896.93, stdev=8195.80
    lat (usec) : 750=14.76%, 1000=31.80%
    lat (msec) : 2=20.20%, 4=6.99%, 10=8.60%, 20=11.43%, 50=5.29%
    lat (msec) : 100=0.43%, 250=0.09%, 500=0.05%, 750=0.13%, 1000=0.05%
    lat (msec) : 2000=0.17%
  cpu          : usr=0.02%, sys=0.57%, ctx=22544, majf=0, minf=144
  IO depths    : 1=100.0%, 2=0.0%, 4=0.0%, 8=0.0%, 16=0.0%, 32=0.0%, >=64=0.0%
     submit    : 0=0.0%, 4=100.0%, 8=0.0%, 16=0.0%, 32=0.0%, 64=0.0%, >=64=0.0%
     complete  : 0=0.0%, 4=100.0%, 8=0.0%, 16=0.0%, 32=0.0%, 64=0.0%, >=64=0.0%
     issued    : total=r=13391/w=0/d=0, short=r=0/w=0/d=0

Run status group 0 (all jobs):
   READ: io=428512KB, aggrb=14278KB/s, minb=14278KB/s, maxb=14278KB/s, mint=30010msec, maxt=30010msec

Disk stats (read/write):
    md0: ios=14551/0, merge=0/0, ticks=0/0, in_queue=0, util=0.00%, aggrios=4008/0, aggrmerge=74/0, aggrticks=13968/0, aggrin_queue=13967, aggrutil=53.10%
  xvdf: ios=5669/0, merge=163/0, ticks=14360/0, in_queue=14356, util=37.40%
  xvdg: ios=2688/0, merge=109/0, ticks=15176/0, in_queue=15176, util=43.19%
  xvdh: ios=5847/0, merge=11/0, ticks=5716/0, in_queue=5716, util=16.75%
  xvdi: ios=1831/0, merge=13/0, ticks=20620/0, in_queue=20620, util=53.10%
## BS:64k, SCR:fio-rand-read, NUM: 4, SIZE: 256m
rand-read: (g=0): rw=randread, bs=64K-64K/64K-64K/64K-64K, ioengine=sync, iodepth=1
...
rand-read: (g=0): rw=randread, bs=64K-64K/64K-64K/64K-64K, ioengine=sync, iodepth=1
fio-2.0.13
Starting 4 processes

rand-read: (groupid=0, jobs=4): err= 0: pid=19784: Mon Oct  7 17:08:22 2013
  read : io=534912KB, bw=17825KB/s, iops=278 , runt= 30009msec
    clat (usec): min=702 , max=1787.6K, avg=12100.58, stdev=81635.56
     lat (usec): min=702 , max=1787.6K, avg=12100.80, stdev=81635.58
    clat percentiles (usec):
     |  1.00th=[  892],  5.00th=[  996], 10.00th=[ 1064], 20.00th=[ 1160],
     | 30.00th=[ 1256], 40.00th=[ 1384], 50.00th=[ 1640], 60.00th=[ 2192],
     | 70.00th=[ 5344], 80.00th=[10560], 90.00th=[17792], 95.00th=[26752],
     | 99.00th=[54016], 99.50th=[659456], 99.90th=[1335296], 99.95th=[1433600],
     | 99.99th=[1794048]
    bw (KB/s)  : min=   89, max=48768, per=41.69%, avg=7431.73, stdev=11085.67
    lat (usec) : 750=0.01%, 1000=4.99%
    lat (msec) : 2=52.88%, 4=9.55%, 10=11.28%, 20=12.98%, 50=7.05%
    lat (msec) : 100=0.59%, 250=0.07%, 500=0.04%, 750=0.11%, 1000=0.19%
    lat (msec) : 2000=0.26%
  cpu          : usr=0.01%, sys=0.51%, ctx=11821, majf=0, minf=180
  IO depths    : 1=100.0%, 2=0.0%, 4=0.0%, 8=0.0%, 16=0.0%, 32=0.0%, >=64=0.0%
     submit    : 0=0.0%, 4=100.0%, 8=0.0%, 16=0.0%, 32=0.0%, 64=0.0%, >=64=0.0%
     complete  : 0=0.0%, 4=100.0%, 8=0.0%, 16=0.0%, 32=0.0%, 64=0.0%, >=64=0.0%
     issued    : total=r=8358/w=0/d=0, short=r=0/w=0/d=0

Run status group 0 (all jobs):
   READ: io=534912KB, aggrb=17825KB/s, minb=17825KB/s, maxb=17825KB/s, mint=30009msec, maxt=30009msec

Disk stats (read/write):
    md0: ios=19690/0, merge=0/0, ticks=0/0, in_queue=0, util=0.00%, aggrios=4645/0, aggrmerge=545/0, aggrticks=25956/0, aggrin_queue=26529, aggrutil=71.14%
  xvdf: ios=6464/0, merge=1173/0, ticks=24324/0, in_queue=24752, util=40.69%
  xvdg: ios=3127/0, merge=684/0, ticks=28712/0, in_queue=29240, util=37.19%
  xvdh: ios=6529/0, merge=80/0, ticks=12408/0, in_queue=13148, util=23.76%
  xvdi: ios=2463/0, merge=243/0, ticks=38380/0, in_queue=38976, util=71.14%
## BS:1k, SCR:fio-rand-rw, NUM: 4, SIZE: 256m
rand-rw: (g=0): rw=randrw, bs=1K-1K/1K-1K/1K-1K, ioengine=sync, iodepth=1
...
rand-rw: (g=0): rw=randrw, bs=1K-1K/1K-1K/1K-1K, ioengine=sync, iodepth=1
fio-2.0.13
Starting 4 processes
rand-rw: Laying out IO file(s) (1 file(s) / 256MB)
rand-rw: Laying out IO file(s) (1 file(s) / 256MB)
rand-rw: Laying out IO file(s) (1 file(s) / 256MB)
rand-rw: Laying out IO file(s) (1 file(s) / 256MB)

rand-rw: (groupid=0, jobs=4): err= 0: pid=19790: Mon Oct  7 17:10:54 2013
  read : io=67904KB, bw=2263.4KB/s, iops=2263 , runt= 30002msec
    clat (usec): min=233 , max=544680 , avg=586.23, stdev=3063.53
     lat (usec): min=233 , max=544681 , avg=586.40, stdev=3063.53
    clat percentiles (usec):
     |  1.00th=[  278],  5.00th=[  302], 10.00th=[  318], 20.00th=[  342],
     | 30.00th=[  362], 40.00th=[  386], 50.00th=[  418], 60.00th=[  474],
     | 70.00th=[  572], 80.00th=[  716], 90.00th=[  948], 95.00th=[ 1192],
     | 99.00th=[ 2192], 99.50th=[ 2672], 99.90th=[ 4256], 99.95th=[ 6176],
     | 99.99th=[60672]
    bw (KB/s)  : min=  143, max=  786, per=25.33%, avg=573.28, stdev=104.45
  write: io=68081KB, bw=2269.3KB/s, iops=2269 , runt= 30002msec
    clat (usec): min=519 , max=545118 , avg=1166.95, stdev=3167.53
     lat (usec): min=519 , max=545118 , avg=1167.19, stdev=3167.53
    clat percentiles (usec):
     |  1.00th=[  596],  5.00th=[  636], 10.00th=[  660], 20.00th=[  708],
     | 30.00th=[  756], 40.00th=[  820], 50.00th=[  924], 60.00th=[ 1048],
     | 70.00th=[ 1208], 80.00th=[ 1416], 90.00th=[ 1784], 95.00th=[ 2256],
     | 99.00th=[ 3952], 99.50th=[ 4896], 99.90th=[ 8384], 99.95th=[24960],
     | 99.99th=[66048]
    bw (KB/s)  : min=  163, max=  754, per=25.33%, avg=574.75, stdev=97.22
    lat (usec) : 250=0.02%, 500=31.59%, 750=23.88%, 1000=18.29%
    lat (msec) : 2=22.10%, 4=3.56%, 10=0.49%, 20=0.01%, 50=0.03%
    lat (msec) : 100=0.01%, 750=0.01%
  cpu          : usr=0.64%, sys=3.71%, ctx=141584, majf=0, minf=104
  IO depths    : 1=100.0%, 2=0.0%, 4=0.0%, 8=0.0%, 16=0.0%, 32=0.0%, >=64=0.0%
     submit    : 0=0.0%, 4=100.0%, 8=0.0%, 16=0.0%, 32=0.0%, 64=0.0%, >=64=0.0%
     complete  : 0=0.0%, 4=100.0%, 8=0.0%, 16=0.0%, 32=0.0%, 64=0.0%, >=64=0.0%
     issued    : total=r=67904/w=68081/d=0, short=r=0/w=0/d=0

Run status group 0 (all jobs):
   READ: io=67904KB, aggrb=2263KB/s, minb=2263KB/s, maxb=2263KB/s, mint=30002msec, maxt=30002msec
  WRITE: io=68081KB, aggrb=2269KB/s, minb=2269KB/s, maxb=2269KB/s, mint=30002msec, maxt=30002msec

Disk stats (read/write):
    md0: ios=67801/67998, merge=0/0, ticks=0/0, in_queue=0, util=0.00%, aggrios=17211/34045, aggrmerge=0/2, aggrticks=9346/31062, aggrin_queue=40404, aggrutil=88.27%
  xvdf: ios=34406/34073, merge=0/5, ticks=23260/39652, in_queue=62904, util=88.27%
  xvdg: ios=233/34073, merge=0/5, ticks=832/31892, in_queue=32720, util=69.55%
  xvdh: ios=33968/34018, merge=0/0, ticks=13044/21764, in_queue=34804, util=69.81%
  xvdi: ios=237/34018, merge=0/0, ticks=248/30940, in_queue=31188, util=63.85%
## BS:2k, SCR:fio-rand-rw, NUM: 4, SIZE: 256m
rand-rw: (g=0): rw=randrw, bs=2K-2K/2K-2K/2K-2K, ioengine=sync, iodepth=1
...
rand-rw: (g=0): rw=randrw, bs=2K-2K/2K-2K/2K-2K, ioengine=sync, iodepth=1
fio-2.0.13
Starting 4 processes

rand-rw: (groupid=0, jobs=4): err= 0: pid=19796: Mon Oct  7 17:11:24 2013
  read : io=80422KB, bw=2680.6KB/s, iops=1340 , runt= 30002msec
    clat (usec): min=247 , max=394026 , avg=1091.77, stdev=4387.31
     lat (usec): min=247 , max=394026 , avg=1091.94, stdev=4387.31
    clat percentiles (usec):
     |  1.00th=[  306],  5.00th=[  334], 10.00th=[  354], 20.00th=[  386],
     | 30.00th=[  414], 40.00th=[  450], 50.00th=[  510], 60.00th=[  612],
     | 70.00th=[  764], 80.00th=[  956], 90.00th=[ 1352], 95.00th=[ 2192],
     | 99.00th=[10944], 99.50th=[17536], 99.90th=[71168], 99.95th=[76288],
     | 99.99th=[116224]
    bw (KB/s)  : min=   63, max= 1160, per=25.43%, avg=681.54, stdev=282.74
  write: io=79576KB, bw=2652.4KB/s, iops=1326 , runt= 30002msec
    clat (usec): min=588 , max=899576 , avg=1900.68, stdev=7093.43
     lat (usec): min=588 , max=899576 , avg=1901.02, stdev=7093.43
    clat percentiles (usec):
     |  1.00th=[  660],  5.00th=[  700], 10.00th=[  732], 20.00th=[  796],
     | 30.00th=[  900], 40.00th=[ 1032], 50.00th=[ 1176], 60.00th=[ 1320],
     | 70.00th=[ 1528], 80.00th=[ 1800], 90.00th=[ 2416], 95.00th=[ 3632],
     | 99.00th=[14016], 99.50th=[25472], 99.90th=[75264], 99.95th=[80384],
     | 99.99th=[138240]
    bw (KB/s)  : min=   59, max= 1120, per=25.42%, avg=674.27, stdev=275.30
    lat (usec) : 250=0.01%, 500=24.56%, 750=16.60%, 1000=18.52%
    lat (msec) : 2=29.86%, 4=6.89%, 10=2.28%, 20=0.76%, 50=0.26%
    lat (msec) : 100=0.25%, 250=0.02%, 500=0.01%, 1000=0.01%
  cpu          : usr=0.31%, sys=2.41%, ctx=89002, majf=0, minf=109
  IO depths    : 1=100.0%, 2=0.0%, 4=0.0%, 8=0.0%, 16=0.0%, 32=0.0%, >=64=0.0%
     submit    : 0=0.0%, 4=100.0%, 8=0.0%, 16=0.0%, 32=0.0%, 64=0.0%, >=64=0.0%
     complete  : 0=0.0%, 4=100.0%, 8=0.0%, 16=0.0%, 32=0.0%, 64=0.0%, >=64=0.0%
     issued    : total=r=40211/w=39788/d=0, short=r=0/w=0/d=0

Run status group 0 (all jobs):
   READ: io=80422KB, aggrb=2680KB/s, minb=2680KB/s, maxb=2680KB/s, mint=30002msec, maxt=30002msec
  WRITE: io=79576KB, aggrb=2652KB/s, minb=2652KB/s, maxb=2652KB/s, mint=30002msec, maxt=30002msec

Disk stats (read/write):
    md0: ios=40185/39779, merge=0/0, ticks=0/0, in_queue=0, util=0.00%, aggrios=10452/19968, aggrmerge=0/3, aggrticks=15606/25973, aggrin_queue=41572, aggrutil=89.09%
  xvdf: ios=20554/19997, merge=0/6, ticks=32188/38508, in_queue=70684, util=89.09%
  xvdg: ios=400/20134, merge=0/6, ticks=4672/23888, in_queue=28556, util=54.72%
  xvdh: ios=20456/19803, merge=0/0, ticks=17976/17208, in_queue=35172, util=58.16%
  xvdi: ios=399/19939, merge=0/0, ticks=7588/24288, in_queue=31876, util=55.62%
## BS:4k, SCR:fio-rand-rw, NUM: 4, SIZE: 256m
rand-rw: (g=0): rw=randrw, bs=4K-4K/4K-4K/4K-4K, ioengine=sync, iodepth=1
...
rand-rw: (g=0): rw=randrw, bs=4K-4K/4K-4K/4K-4K, ioengine=sync, iodepth=1
fio-2.0.13
Starting 4 processes

rand-rw: (groupid=0, jobs=4): err= 0: pid=19802: Mon Oct  7 17:11:55 2013
  read : io=124640KB, bw=4144.4KB/s, iops=1036 , runt= 30075msec
    clat (usec): min=266 , max=214114 , avg=1787.76, stdev=5840.10
     lat (usec): min=266 , max=214115 , avg=1787.94, stdev=5840.11
    clat percentiles (usec):
     |  1.00th=[  318],  5.00th=[  350], 10.00th=[  370], 20.00th=[  402],
     | 30.00th=[  434], 40.00th=[  474], 50.00th=[  540], 60.00th=[  636],
     | 70.00th=[  796], 80.00th=[ 1080], 90.00th=[ 3440], 95.00th=[ 7712],
     | 99.00th=[18816], 99.50th=[37632], 99.90th=[73216], 99.95th=[78336],
     | 99.99th=[136192]
    bw (KB/s)  : min=  181, max= 2083, per=25.12%, avg=1040.77, stdev=411.55
  write: io=126188KB, bw=4195.8KB/s, iops=1048 , runt= 30075msec
    clat (usec): min=648 , max=140028 , avg=2028.04, stdev=5493.36
     lat (usec): min=649 , max=140028 , avg=2028.71, stdev=5493.36
    clat percentiles (usec):
     |  1.00th=[  700],  5.00th=[  748], 10.00th=[  780], 20.00th=[  852],
     | 30.00th=[  924], 40.00th=[ 1032], 50.00th=[ 1160], 60.00th=[ 1288],
     | 70.00th=[ 1480], 80.00th=[ 1800], 90.00th=[ 2896], 95.00th=[ 4960],
     | 99.00th=[13248], 99.50th=[37632], 99.90th=[73216], 99.95th=[78336],
     | 99.99th=[134144]
    bw (KB/s)  : min=  189, max= 2080, per=25.10%, avg=1052.99, stdev=416.20
    lat (usec) : 500=22.14%, 750=14.21%, 1000=21.25%
    lat (msec) : 2=28.25%, 4=6.04%, 10=5.64%, 20=1.69%, 50=0.32%
    lat (msec) : 100=0.44%, 250=0.02%
  cpu          : usr=0.31%, sys=1.89%, ctx=73008, majf=0, minf=108
  IO depths    : 1=100.0%, 2=0.0%, 4=0.0%, 8=0.0%, 16=0.0%, 32=0.0%, >=64=0.0%
     submit    : 0=0.0%, 4=100.0%, 8=0.0%, 16=0.0%, 32=0.0%, 64=0.0%, >=64=0.0%
     complete  : 0=0.0%, 4=100.0%, 8=0.0%, 16=0.0%, 32=0.0%, 64=0.0%, >=64=0.0%
     issued    : total=r=31160/w=31547/d=0, short=r=0/w=0/d=0

Run status group 0 (all jobs):
   READ: io=124640KB, aggrb=4144KB/s, minb=4144KB/s, maxb=4144KB/s, mint=30075msec, maxt=30075msec
  WRITE: io=126188KB, aggrb=4195KB/s, minb=4195KB/s, maxb=4195KB/s, mint=30075msec, maxt=30075msec

Disk stats (read/write):
    md0: ios=31129/31540, merge=0/0, ticks=0/0, in_queue=0, util=0.00%, aggrios=8134/15951, aggrmerge=0/3, aggrticks=12224/21858, aggrin_queue=34075, aggrutil=85.32%
  xvdf: ios=15961/15820, merge=0/6, ticks=38504/27916, in_queue=66416, util=85.32%
  xvdg: ios=344/16164, merge=0/6, ticks=328/20852, in_queue=21172, util=50.10%
  xvdh: ios=15888/15739, merge=0/0, ticks=9584/16136, in_queue=25720, util=52.98%
  xvdi: ios=345/16084, merge=0/0, ticks=480/22528, in_queue=22992, util=51.86%
## BS:8k, SCR:fio-rand-rw, NUM: 4, SIZE: 256m
rand-rw: (g=0): rw=randrw, bs=8K-8K/8K-8K/8K-8K, ioengine=sync, iodepth=1
...
rand-rw: (g=0): rw=randrw, bs=8K-8K/8K-8K/8K-8K, ioengine=sync, iodepth=1
fio-2.0.13
Starting 4 processes

rand-rw: (groupid=0, jobs=4): err= 0: pid=19808: Mon Oct  7 17:12:26 2013
  read : io=129640KB, bw=4319.2KB/s, iops=539 , runt= 30015msec
    clat (usec): min=327 , max=259894 , avg=4615.31, stdev=10011.94
     lat (usec): min=327 , max=259894 , avg=4615.50, stdev=10011.94
    clat percentiles (usec):
     |  1.00th=[  370],  5.00th=[  406], 10.00th=[  430], 20.00th=[  466],
     | 30.00th=[  516], 40.00th=[  604], 50.00th=[  788], 60.00th=[ 1400],
     | 70.00th=[ 4448], 80.00th=[ 7904], 90.00th=[12480], 95.00th=[17280],
     | 99.00th=[35072], 99.50th=[47360], 99.90th=[136192], 99.95th=[191488],
     | 99.99th=[234496]
    bw (KB/s)  : min=  119, max= 2039, per=25.11%, avg=1084.68, stdev=400.09
  write: io=127080KB, bw=4233.1KB/s, iops=529 , runt= 30015msec
    clat (usec): min=722 , max=236059 , avg=2836.35, stdev=5675.87
     lat (usec): min=724 , max=236059 , avg=2837.69, stdev=5675.87
    clat percentiles (usec):
     |  1.00th=[  820],  5.00th=[  884], 10.00th=[  932], 20.00th=[ 1020],
     | 30.00th=[ 1128], 40.00th=[ 1256], 50.00th=[ 1432], 60.00th=[ 1656],
     | 70.00th=[ 2096], 80.00th=[ 3472], 90.00th=[ 6048], 95.00th=[ 9024],
     | 99.00th=[18816], 99.50th=[25216], 99.90th=[69120], 99.95th=[109056],
     | 99.99th=[234496]
    bw (KB/s)  : min=   76, max= 1932, per=25.08%, avg=1061.82, stdev=397.81
    lat (usec) : 500=13.66%, 750=10.82%, 1000=12.32%
    lat (msec) : 2=28.55%, 4=10.02%, 10=15.41%, 20=6.90%, 50=2.01%
    lat (msec) : 100=0.19%, 250=0.11%, 500=0.01%
  cpu          : usr=0.23%, sys=0.91%, ctx=39857, majf=0, minf=108
  IO depths    : 1=100.0%, 2=0.0%, 4=0.0%, 8=0.0%, 16=0.0%, 32=0.0%, >=64=0.0%
     submit    : 0=0.0%, 4=100.0%, 8=0.0%, 16=0.0%, 32=0.0%, 64=0.0%, >=64=0.0%
     complete  : 0=0.0%, 4=100.0%, 8=0.0%, 16=0.0%, 32=0.0%, 64=0.0%, >=64=0.0%
     issued    : total=r=16205/w=15885/d=0, short=r=0/w=0/d=0

Run status group 0 (all jobs):
   READ: io=129640KB, aggrb=4319KB/s, minb=4319KB/s, maxb=4319KB/s, mint=30015msec, maxt=30015msec
  WRITE: io=127080KB, aggrb=4233KB/s, minb=4233KB/s, maxb=4233KB/s, mint=30015msec, maxt=30015msec

Disk stats (read/write):
    md0: ios=16306/15999, merge=0/0, ticks=0/0, in_queue=0, util=0.00%, aggrios=4355/8158, aggrmerge=0/3, aggrticks=17077/17487, aggrin_queue=31692, aggrutil=93.21%
  xvdf: ios=8535/7984, merge=0/2, ticks=63108/24268, in_queue=87376, util=93.21%
  xvdg: ios=276/8314, merge=0/2, ticks=264/24324, in_queue=13104, util=30.84%
  xvdh: ios=8338/8031, merge=0/4, ticks=4684/9460, in_queue=14140, util=33.57%
  xvdi: ios=274/8305, merge=0/4, ticks=252/11896, in_queue=12148, util=31.11%
## BS:16k, SCR:fio-rand-rw, NUM: 4, SIZE: 256m
rand-rw: (g=0): rw=randrw, bs=16K-16K/16K-16K/16K-16K, ioengine=sync, iodepth=1
...
rand-rw: (g=0): rw=randrw, bs=16K-16K/16K-16K/16K-16K, ioengine=sync, iodepth=1
fio-2.0.13
Starting 4 processes

rand-rw: (groupid=0, jobs=4): err= 0: pid=19814: Mon Oct  7 17:12:57 2013
  read : io=263280KB, bw=8769.6KB/s, iops=548 , runt= 30022msec
    clat (usec): min=404 , max=1034.2K, avg=4383.26, stdev=10259.13
     lat (usec): min=404 , max=1034.2K, avg=4383.45, stdev=10259.14
    clat percentiles (usec):
     |  1.00th=[  454],  5.00th=[  498], 10.00th=[  532], 20.00th=[  596],
     | 30.00th=[  700], 40.00th=[  844], 50.00th=[ 1096], 60.00th=[ 1736],
     | 70.00th=[ 4576], 80.00th=[ 7968], 90.00th=[12096], 95.00th=[16512],
     | 99.00th=[29824], 99.50th=[35072], 99.90th=[49920], 99.95th=[57600],
     | 99.99th=[87552]
    bw (KB/s)  : min=   15, max= 3648, per=25.85%, avg=2266.79, stdev=719.32
  write: io=259360KB, bw=8638.2KB/s, iops=539 , runt= 30022msec
    clat (usec): min=933 , max=1036.6K, avg=2940.36, stdev=14421.35
     lat (usec): min=937 , max=1036.6K, avg=2944.17, stdev=14421.31
    clat percentiles (usec):
     |  1.00th=[ 1048],  5.00th=[ 1128], 10.00th=[ 1208], 20.00th=[ 1320],
     | 30.00th=[ 1432], 40.00th=[ 1544], 50.00th=[ 1688], 60.00th=[ 1880],
     | 70.00th=[ 2224], 80.00th=[ 3120], 90.00th=[ 5408], 95.00th=[ 8032],
     | 99.00th=[17024], 99.50th=[20608], 99.90th=[40192], 99.95th=[43776],
     | 99.99th=[1036288]
    bw (KB/s)  : min=   15, max= 3648, per=25.64%, avg=2214.63, stdev=760.13
    lat (usec) : 500=2.81%, 750=14.24%, 1000=6.81%
    lat (msec) : 2=39.16%, 4=13.21%, 10=15.13%, 20=6.79%, 50=1.78%
    lat (msec) : 100=0.05%, 2000=0.01%
  cpu          : usr=0.26%, sys=0.99%, ctx=39870, majf=0, minf=109
  IO depths    : 1=100.0%, 2=0.0%, 4=0.0%, 8=0.0%, 16=0.0%, 32=0.0%, >=64=0.0%
     submit    : 0=0.0%, 4=100.0%, 8=0.0%, 16=0.0%, 32=0.0%, 64=0.0%, >=64=0.0%
     complete  : 0=0.0%, 4=100.0%, 8=0.0%, 16=0.0%, 32=0.0%, 64=0.0%, >=64=0.0%
     issued    : total=r=16455/w=16210/d=0, short=r=0/w=0/d=0

Run status group 0 (all jobs):
   READ: io=263280KB, aggrb=8769KB/s, minb=8769KB/s, maxb=8769KB/s, mint=30022msec, maxt=30022msec
  WRITE: io=259360KB, aggrb=8638KB/s, minb=8638KB/s, maxb=8638KB/s, mint=30022msec, maxt=30022msec

Disk stats (read/write):
    md0: ios=17091/16876, merge=0/0, ticks=0/0, in_queue=0, util=0.00%, aggrios=4544/8515, aggrmerge=63/123, aggrticks=47324/55828, aggrin_queue=95689, aggrutil=93.10%
  xvdf: ios=8839/8336, merge=133/133, ticks=77268/24164, in_queue=94496, util=93.10%
  xvdg: ios=349/8732, merge=0/133, ticks=26068/49404, in_queue=66912, util=38.05%
  xvdh: ios=8666/8295, merge=121/113, ticks=18744/12092, in_queue=24728, util=42.07%
  xvdi: ios=323/8697, merge=0/113, ticks=67216/137652, in_queue=196620, util=39.59%
## BS:32k, SCR:fio-rand-rw, NUM: 4, SIZE: 256m
rand-rw: (g=0): rw=randrw, bs=32K-32K/32K-32K/32K-32K, ioengine=sync, iodepth=1
...
rand-rw: (g=0): rw=randrw, bs=32K-32K/32K-32K/32K-32K, ioengine=sync, iodepth=1
fio-2.0.13
Starting 4 processes

rand-rw: (groupid=0, jobs=4): err= 0: pid=19820: Mon Oct  7 17:13:27 2013
  read : io=461568KB, bw=15379KB/s, iops=480 , runt= 30013msec
    clat (usec): min=573 , max=129240 , avg=4647.09, stdev=6482.55
     lat (usec): min=573 , max=129240 , avg=4647.29, stdev=6482.56
    clat percentiles (usec):
     |  1.00th=[  644],  5.00th=[  724], 10.00th=[  804], 20.00th=[  980],
     | 30.00th=[ 1192], 40.00th=[ 1448], 50.00th=[ 1800], 60.00th=[ 2448],
     | 70.00th=[ 4512], 80.00th=[ 7712], 90.00th=[12224], 95.00th=[16768],
     | 99.00th=[29824], 99.50th=[36096], 99.90th=[56576], 99.95th=[73216],
     | 99.99th=[125440]
    bw (KB/s)  : min= 1019, max= 5980, per=25.04%, avg=3850.09, stdev=1355.13
  write: io=457920KB, bw=15257KB/s, iops=476 , runt= 30013msec
    clat (msec): min=1 , max=143 , avg= 3.68, stdev= 4.46
     lat (msec): min=1 , max=143 , avg= 3.69, stdev= 4.46
    clat percentiles (usec):
     |  1.00th=[ 1544],  5.00th=[ 1704], 10.00th=[ 1816], 20.00th=[ 1976],
     | 30.00th=[ 2128], 40.00th=[ 2288], 50.00th=[ 2448], 60.00th=[ 2704],
     | 70.00th=[ 3088], 80.00th=[ 4048], 90.00th=[ 6624], 95.00th=[ 9664],
     | 99.00th=[19072], 99.50th=[24704], 99.90th=[48384], 99.95th=[90624],
     | 99.99th=[130560]
    bw (KB/s)  : min=  823, max= 6107, per=25.02%, avg=3817.44, stdev=1350.11
    lat (usec) : 750=3.31%, 1000=7.18%
    lat (msec) : 2=27.35%, 4=36.02%, 10=16.59%, 20=7.62%, 50=1.82%
    lat (msec) : 100=0.08%, 250=0.03%
  cpu          : usr=0.31%, sys=0.97%, ctx=38502, majf=0, minf=108
  IO depths    : 1=100.0%, 2=0.0%, 4=0.0%, 8=0.0%, 16=0.0%, 32=0.0%, >=64=0.0%
     submit    : 0=0.0%, 4=100.0%, 8=0.0%, 16=0.0%, 32=0.0%, 64=0.0%, >=64=0.0%
     complete  : 0=0.0%, 4=100.0%, 8=0.0%, 16=0.0%, 32=0.0%, 64=0.0%, >=64=0.0%
     issued    : total=r=14424/w=14310/d=0, short=r=0/w=0/d=0

Run status group 0 (all jobs):
   READ: io=461568KB, aggrb=15378KB/s, minb=15378KB/s, maxb=15378KB/s, mint=30013msec, maxt=30013msec
  WRITE: io=457920KB, aggrb=15257KB/s, minb=15257KB/s, maxb=15257KB/s, mint=30013msec, maxt=30013msec

Disk stats (read/write):
    md0: ios=15579/15494, merge=0/0, ticks=0/0, in_queue=0, util=0.00%, aggrios=4184/7770, aggrmerge=63/130, aggrticks=14866/18783, aggrin_queue=33645, aggrutil=90.44%
  xvdf: ios=8059/7643, merge=138/134, ticks=48944/24244, in_queue=73184, util=90.44%
  xvdg: ios=355/7951, merge=0/134, ticks=444/17480, in_queue=17920, util=44.35%
  xvdh: ios=7973/7591, merge=116/126, ticks=9708/16132, in_queue=25832, util=51.29%
  xvdi: ios=352/7896, merge=0/126, ticks=368/17276, in_queue=17644, util=44.03%
## BS:64k, SCR:fio-rand-rw, NUM: 4, SIZE: 256m
rand-rw: (g=0): rw=randrw, bs=64K-64K/64K-64K/64K-64K, ioengine=sync, iodepth=1
...
rand-rw: (g=0): rw=randrw, bs=64K-64K/64K-64K/64K-64K, ioengine=sync, iodepth=1
fio-2.0.13
Starting 4 processes

rand-rw: (groupid=0, jobs=4): err= 0: pid=19826: Mon Oct  7 17:13:56 2013
  read : io=527168KB, bw=18547KB/s, iops=289 , runt= 28423msec
    clat (usec): min=881 , max=161809 , avg=6080.87, stdev=7051.29
     lat (usec): min=881 , max=161809 , avg=6081.09, stdev=7051.28
    clat percentiles (usec):
     |  1.00th=[ 1004],  5.00th=[ 1192], 10.00th=[ 1384], 20.00th=[ 1848],
     | 30.00th=[ 2352], 40.00th=[ 3056], 50.00th=[ 3952], 60.00th=[ 5216],
     | 70.00th=[ 6880], 80.00th=[ 9024], 90.00th=[13248], 95.00th=[17024],
     | 99.00th=[29568], 99.50th=[38144], 99.90th=[71168], 99.95th=[128512],
     | 99.99th=[162816]
    bw (KB/s)  : min= 1726, max= 9453, per=25.34%, avg=4700.38, stdev=1572.88
  write: io=521408KB, bw=18345KB/s, iops=286 , runt= 28423msec
    clat (msec): min=2 , max=147 , avg= 7.55, stdev= 4.70
     lat (msec): min=2 , max=147 , avg= 7.56, stdev= 4.70
    clat percentiles (msec):
     |  1.00th=[    3],  5.00th=[    3], 10.00th=[    4], 20.00th=[    4],
     | 30.00th=[    5], 40.00th=[    6], 50.00th=[    7], 60.00th=[    8],
     | 70.00th=[   10], 80.00th=[   11], 90.00th=[   13], 95.00th=[   16],
     | 99.00th=[   22], 99.50th=[   26], 99.90th=[   42], 99.95th=[   56],
     | 99.99th=[  147]
    bw (KB/s)  : min= 1875, max= 9453, per=25.40%, avg=4659.18, stdev=1529.12
    lat (usec) : 1000=0.46%
    lat (msec) : 2=11.11%, 4=24.57%, 10=43.54%, 20=18.18%, 50=2.01%
    lat (msec) : 100=0.07%, 250=0.05%
  cpu          : usr=0.18%, sys=0.69%, ctx=25153, majf=0, minf=108
  IO depths    : 1=100.0%, 2=0.0%, 4=0.0%, 8=0.0%, 16=0.0%, 32=0.0%, >=64=0.0%
     submit    : 0=0.0%, 4=100.0%, 8=0.0%, 16=0.0%, 32=0.0%, 64=0.0%, >=64=0.0%
     complete  : 0=0.0%, 4=100.0%, 8=0.0%, 16=0.0%, 32=0.0%, 64=0.0%, >=64=0.0%
     issued    : total=r=8237/w=8147/d=0, short=r=0/w=0/d=0

Run status group 0 (all jobs):
   READ: io=527168KB, aggrb=18547KB/s, minb=18547KB/s, maxb=18547KB/s, mint=28423msec, maxt=28423msec
  WRITE: io=521408KB, aggrb=18344KB/s, minb=18344KB/s, maxb=18344KB/s, mint=28423msec, maxt=28423msec

Disk stats (read/write):
    md0: ios=18180/17920, merge=0/0, ticks=0/0, in_queue=0, util=0.00%, aggrios=4581/8605, aggrmerge=294/558, aggrticks=20851/47660, aggrin_queue=68508, aggrutil=87.54%
  xvdf: ios=8847/8467, merge=647/557, ticks=55052/56044, in_queue=111092, util=87.54%
  xvdg: ios=305/8772, merge=0/557, ticks=356/43928, in_queue=44284, util=59.65%
  xvdh: ios=8870/8439, merge=530/559, ticks=27672/46904, in_queue=74568, util=70.49%
  xvdi: ios=304/8743, merge=0/559, ticks=324/43764, in_queue=44088, util=58.64%
## BS:1k, SCR:fio-seq-read, NUM: 4, SIZE: 256m
seq-read: (g=0): rw=read, bs=1K-1K/1K-1K/1K-1K, ioengine=sync, iodepth=1
...
seq-read: (g=0): rw=read, bs=1K-1K/1K-1K/1K-1K, ioengine=sync, iodepth=1
fio-2.0.13
Starting 4 processes
seq-read: Laying out IO file(s) (1 file(s) / 256MB)
seq-read: Laying out IO file(s) (1 file(s) / 256MB)
seq-read: Laying out IO file(s) (1 file(s) / 256MB)
seq-read: Laying out IO file(s) (1 file(s) / 256MB)

seq-read: (groupid=0, jobs=4): err= 0: pid=19833: Mon Oct  7 17:16:31 2013
  read : io=163412KB, bw=5446.8KB/s, iops=5446 , runt= 30002msec
    clat (usec): min=223 , max=90476 , avg=731.65, stdev=3249.77
     lat (usec): min=223 , max=90476 , avg=731.83, stdev=3249.78
    clat percentiles (usec):
     |  1.00th=[  278],  5.00th=[  302], 10.00th=[  318], 20.00th=[  346],
     | 30.00th=[  370], 40.00th=[  398], 50.00th=[  434], 60.00th=[  486],
     | 70.00th=[  564], 80.00th=[  684], 90.00th=[  860], 95.00th=[ 1064],
     | 99.00th=[ 4256], 99.50th=[ 6432], 99.90th=[69120], 99.95th=[71168],
     | 99.99th=[76288]
    bw (KB/s)  : min=   90, max= 2345, per=25.25%, avg=1375.26, stdev=519.80
    lat (usec) : 250=0.04%, 500=62.22%, 750=22.32%, 1000=9.27%
    lat (msec) : 2=4.35%, 4=0.71%, 10=0.78%, 20=0.06%, 50=0.05%
    lat (msec) : 100=0.20%
  cpu          : usr=0.59%, sys=4.08%, ctx=172170, majf=0, minf=104
  IO depths    : 1=100.0%, 2=0.0%, 4=0.0%, 8=0.0%, 16=0.0%, 32=0.0%, >=64=0.0%
     submit    : 0=0.0%, 4=100.0%, 8=0.0%, 16=0.0%, 32=0.0%, 64=0.0%, >=64=0.0%
     complete  : 0=0.0%, 4=100.0%, 8=0.0%, 16=0.0%, 32=0.0%, 64=0.0%, >=64=0.0%
     issued    : total=r=163412/w=0/d=0, short=r=0/w=0/d=0

Run status group 0 (all jobs):
   READ: io=163412KB, aggrb=5446KB/s, minb=5446KB/s, maxb=5446KB/s, mint=30002msec, maxt=30002msec

Disk stats (read/write):
    md0: ios=162122/77, merge=0/0, ticks=0/0, in_queue=0, util=0.00%, aggrios=41078/166, aggrmerge=0/1, aggrticks=26426/2159, aggrin_queue=28281, aggrutil=88.49%
  xvdf: ios=82162/58, merge=0/1, ticks=64336/700, in_queue=65032, util=88.49%
  xvdg: ios=223/314, merge=0/1, ticks=436/4628, in_queue=4336, util=5.27%
  xvdh: ios=81701/17, merge=0/1, ticks=40564/12, in_queue=40552, util=74.94%
  xvdi: ios=228/277, merge=0/1, ticks=368/3296, in_queue=3204, util=4.15%
## BS:2k, SCR:fio-seq-read, NUM: 4, SIZE: 256m
seq-read: (g=0): rw=read, bs=2K-2K/2K-2K/2K-2K, ioengine=sync, iodepth=1
...
seq-read: (g=0): rw=read, bs=2K-2K/2K-2K/2K-2K, ioengine=sync, iodepth=1
fio-2.0.13
Starting 4 processes

seq-read: (groupid=0, jobs=4): err= 0: pid=19839: Mon Oct  7 17:17:02 2013
  read : io=341126KB, bw=11368KB/s, iops=5683 , runt= 30008msec
    clat (usec): min=250 , max=86156 , avg=701.18, stdev=1222.09
     lat (usec): min=250 , max=86157 , avg=701.34, stdev=1222.10
    clat percentiles (usec):
     |  1.00th=[  306],  5.00th=[  334], 10.00th=[  354], 20.00th=[  390],
     | 30.00th=[  426], 40.00th=[  462], 50.00th=[  506], 60.00th=[  564],
     | 70.00th=[  652], 80.00th=[  764], 90.00th=[  956], 95.00th=[ 1192],
     | 99.00th=[ 5088], 99.50th=[ 7200], 99.90th=[16320], 99.95th=[24704],
     | 99.99th=[41216]
    bw (KB/s)  : min=  281, max= 4184, per=24.99%, avg=2840.39, stdev=1033.30
    lat (usec) : 500=48.81%, 750=30.40%, 1000=12.14%
    lat (msec) : 2=6.43%, 4=0.81%, 10=1.20%, 20=0.14%, 50=0.07%
    lat (msec) : 100=0.01%
  cpu          : usr=0.66%, sys=4.08%, ctx=182502, majf=0, minf=112
  IO depths    : 1=100.0%, 2=0.0%, 4=0.0%, 8=0.0%, 16=0.0%, 32=0.0%, >=64=0.0%
     submit    : 0=0.0%, 4=100.0%, 8=0.0%, 16=0.0%, 32=0.0%, 64=0.0%, >=64=0.0%
     complete  : 0=0.0%, 4=100.0%, 8=0.0%, 16=0.0%, 32=0.0%, 64=0.0%, >=64=0.0%
     issued    : total=r=170563/w=0/d=0, short=r=0/w=0/d=0

Run status group 0 (all jobs):
   READ: io=341126KB, aggrb=11367KB/s, minb=11367KB/s, maxb=11367KB/s, mint=30008msec, maxt=30008msec

Disk stats (read/write):
    md0: ios=170335/0, merge=0/0, ticks=0/0, in_queue=0, util=0.00%, aggrios=43027/193, aggrmerge=0/0, aggrticks=26278/745, aggrin_queue=27017, aggrutil=80.22%
  xvdf: ios=85674/0, merge=0/0, ticks=63484/0, in_queue=63460, util=80.22%
  xvdg: ios=389/389, merge=0/0, ticks=1684/1880, in_queue=3564, util=7.76%
  xvdh: ios=85662/0, merge=0/0, ticks=39156/0, in_queue=39156, util=62.48%
  xvdi: ios=384/384, merge=0/0, ticks=788/1100, in_queue=1888, util=4.44%
## BS:4k, SCR:fio-seq-read, NUM: 4, SIZE: 256m
seq-read: (g=0): rw=read, bs=4K-4K/4K-4K/4K-4K, ioengine=sync, iodepth=1
...
seq-read: (g=0): rw=read, bs=4K-4K/4K-4K/4K-4K, ioengine=sync, iodepth=1
fio-2.0.13
Starting 4 processes

seq-read: (groupid=0, jobs=4): err= 0: pid=19845: Mon Oct  7 17:17:32 2013
  read : io=638144KB, bw=21270KB/s, iops=5317 , runt= 30002msec
    clat (usec): min=254 , max=166053 , avg=749.59, stdev=1763.64
     lat (usec): min=254 , max=166053 , avg=749.76, stdev=1763.65
    clat percentiles (usec):
     |  1.00th=[  322],  5.00th=[  354], 10.00th=[  378], 20.00th=[  422],
     | 30.00th=[  458], 40.00th=[  498], 50.00th=[  540], 60.00th=[  604],
     | 70.00th=[  684], 80.00th=[  804], 90.00th=[ 1032], 95.00th=[ 1336],
     | 99.00th=[ 4448], 99.50th=[ 6112], 99.90th=[16512], 99.95th=[25472],
     | 99.99th=[112128]
    bw (KB/s)  : min=  485, max= 7672, per=25.12%, avg=5342.58, stdev=1641.83
    lat (usec) : 500=40.71%, 750=35.31%, 1000=13.02%
    lat (msec) : 2=8.33%, 4=1.35%, 10=1.13%, 20=0.09%, 50=0.07%
    lat (msec) : 100=0.01%, 250=0.01%
  cpu          : usr=0.57%, sys=4.06%, ctx=172466, majf=0, minf=112
  IO depths    : 1=100.0%, 2=0.0%, 4=0.0%, 8=0.0%, 16=0.0%, 32=0.0%, >=64=0.0%
     submit    : 0=0.0%, 4=100.0%, 8=0.0%, 16=0.0%, 32=0.0%, 64=0.0%, >=64=0.0%
     complete  : 0=0.0%, 4=100.0%, 8=0.0%, 16=0.0%, 32=0.0%, 64=0.0%, >=64=0.0%
     issued    : total=r=159536/w=0/d=0, short=r=0/w=0/d=0

Run status group 0 (all jobs):
   READ: io=638144KB, aggrb=21270KB/s, minb=21270KB/s, maxb=21270KB/s, mint=30002msec, maxt=30002msec

Disk stats (read/write):
    md0: ios=159136/0, merge=0/0, ticks=0/0, in_queue=0, util=0.00%, aggrios=40314/191, aggrmerge=0/0, aggrticks=28299/1738, aggrin_queue=30030, aggrutil=84.73%
  xvdf: ios=80163/0, merge=0/0, ticks=65380/0, in_queue=65368, util=84.73%
  xvdg: ios=429/382, merge=0/0, ticks=2552/4084, in_queue=6636, util=5.37%
  xvdh: ios=80234/0, merge=0/0, ticks=43032/0, in_queue=43016, util=69.47%
  xvdi: ios=432/385, merge=0/0, ticks=2232/2868, in_queue=5100, util=3.91%
## BS:8k, SCR:fio-seq-read, NUM: 4, SIZE: 256m
seq-read: (g=0): rw=read, bs=8K-8K/8K-8K/8K-8K, ioengine=sync, iodepth=1
...
seq-read: (g=0): rw=read, bs=8K-8K/8K-8K/8K-8K, ioengine=sync, iodepth=1
fio-2.0.13
Starting 4 processes

seq-read: (groupid=0, jobs=4): err= 0: pid=19851: Mon Oct  7 17:18:03 2013
  read : io=964536KB, bw=32149KB/s, iops=4018 , runt= 30002msec
    clat (usec): min=304 , max=1078.3K, avg=992.86, stdev=7673.38
     lat (usec): min=304 , max=1078.3K, avg=993.02, stdev=7673.38
    clat percentiles (usec):
     |  1.00th=[  386],  5.00th=[  434], 10.00th=[  466], 20.00th=[  516],
     | 30.00th=[  564], 40.00th=[  620], 50.00th=[  676], 60.00th=[  748],
     | 70.00th=[  836], 80.00th=[  956], 90.00th=[ 1176], 95.00th=[ 1464],
     | 99.00th=[ 4896], 99.50th=[ 7584], 99.90th=[24704], 99.95th=[41216],
     | 99.99th=[207872]
    bw (KB/s)  : min=   10, max=12096, per=25.72%, avg=8267.53, stdev=3112.05
    lat (usec) : 500=16.62%, 750=43.24%, 1000=22.75%
    lat (msec) : 2=14.61%, 4=1.43%, 10=1.04%, 20=0.17%, 50=0.09%
    lat (msec) : 100=0.01%, 250=0.03%, 500=0.01%, 750=0.01%, 1000=0.01%
    lat (msec) : 2000=0.01%
  cpu          : usr=0.33%, sys=3.21%, ctx=129833, majf=0, minf=120
  IO depths    : 1=100.0%, 2=0.0%, 4=0.0%, 8=0.0%, 16=0.0%, 32=0.0%, >=64=0.0%
     submit    : 0=0.0%, 4=100.0%, 8=0.0%, 16=0.0%, 32=0.0%, 64=0.0%, >=64=0.0%
     complete  : 0=0.0%, 4=100.0%, 8=0.0%, 16=0.0%, 32=0.0%, 64=0.0%, >=64=0.0%
     issued    : total=r=120567/w=0/d=0, short=r=0/w=0/d=0

Run status group 0 (all jobs):
   READ: io=964536KB, aggrb=32149KB/s, minb=32149KB/s, maxb=32149KB/s, mint=30002msec, maxt=30002msec

Disk stats (read/write):
    md0: ios=121295/0, merge=0/0, ticks=0/0, in_queue=0, util=0.00%, aggrios=30780/201, aggrmerge=0/0, aggrticks=52972/19268, aggrin_queue=72237, aggrutil=79.46%
  xvdf: ios=61160/0, merge=0/0, ticks=76684/0, in_queue=76680, util=79.46%
  xvdg: ios=401/401, merge=0/0, ticks=28448/59420, in_queue=87868, util=5.52%
  xvdh: ios=61155/0, merge=0/0, ticks=92524/0, in_queue=92516, util=78.78%
  xvdi: ios=404/404, merge=0/0, ticks=14232/17652, in_queue=31884, util=3.34%
## BS:16k, SCR:fio-seq-read, NUM: 4, SIZE: 256m
seq-read: (g=0): rw=read, bs=16K-16K/16K-16K/16K-16K, ioengine=sync, iodepth=1
...
seq-read: (g=0): rw=read, bs=16K-16K/16K-16K/16K-16K, ioengine=sync, iodepth=1
fio-2.0.13
Starting 4 processes

seq-read: (groupid=0, jobs=4): err= 0: pid=19857: Mon Oct  7 17:18:34 2013
  read : io=1007.3MB, bw=34378KB/s, iops=2148 , runt= 30001msec
    clat (usec): min=396 , max=276264 , avg=1858.99, stdev=10382.21
     lat (usec): min=396 , max=276264 , avg=1859.15, stdev=10382.21
    clat percentiles (usec):
     |  1.00th=[  498],  5.00th=[  572], 10.00th=[  636], 20.00th=[  748],
     | 30.00th=[  852], 40.00th=[  948], 50.00th=[ 1032], 60.00th=[ 1144],
     | 70.00th=[ 1272], 80.00th=[ 1480], 90.00th=[ 1944], 95.00th=[ 2992],
     | 99.00th=[ 7520], 99.50th=[14656], 99.90th=[205824], 99.95th=[207872],
     | 99.99th=[242688]
    bw (KB/s)  : min= 2650, max=16766, per=25.03%, avg=8604.93, stdev=2838.64
    lat (usec) : 500=1.03%, 750=18.90%, 1000=26.07%
    lat (msec) : 2=44.70%, 4=5.74%, 10=2.91%, 20=0.24%, 50=0.14%
    lat (msec) : 100=0.02%, 250=0.25%, 500=0.01%
  cpu          : usr=0.26%, sys=1.85%, ctx=71626, majf=0, minf=124
  IO depths    : 1=100.0%, 2=0.0%, 4=0.0%, 8=0.0%, 16=0.0%, 32=0.0%, >=64=0.0%
     submit    : 0=0.0%, 4=100.0%, 8=0.0%, 16=0.0%, 32=0.0%, 64=0.0%, >=64=0.0%
     complete  : 0=0.0%, 4=100.0%, 8=0.0%, 16=0.0%, 32=0.0%, 64=0.0%, >=64=0.0%
     issued    : total=r=64461/w=0/d=0, short=r=0/w=0/d=0

Run status group 0 (all jobs):
   READ: io=1007.3MB, aggrb=34378KB/s, minb=34378KB/s, maxb=34378KB/s, mint=30001msec, maxt=30001msec

Disk stats (read/write):
    md0: ios=66219/0, merge=0/0, ticks=0/0, in_queue=0, util=0.00%, aggrios=16750/126, aggrmerge=125/0, aggrticks=27770/300, aggrin_queue=28100, aggrutil=77.60%
  xvdf: ios=33247/0, merge=258/0, ticks=57256/0, in_queue=57252, util=77.60%
  xvdg: ios=255/255, merge=0/0, ticks=352/736, in_queue=1144, util=3.63%
  xvdh: ios=33243/0, merge=245/0, ticks=53148/0, in_queue=53176, util=72.97%
  xvdi: ios=257/252, merge=0/0, ticks=324/464, in_queue=828, util=2.63%
## BS:32k, SCR:fio-seq-read, NUM: 4, SIZE: 256m
seq-read: (g=0): rw=read, bs=32K-32K/32K-32K/32K-32K, ioengine=sync, iodepth=1
...
seq-read: (g=0): rw=read, bs=32K-32K/32K-32K/32K-32K, ioengine=sync, iodepth=1
fio-2.0.13
Starting 4 processes

seq-read: (groupid=0, jobs=4): err= 0: pid=19863: Mon Oct  7 17:19:04 2013
  read : io=956800KB, bw=31891KB/s, iops=996 , runt= 30002msec
    clat (usec): min=571 , max=246462 , avg=4010.57, stdev=16333.55
     lat (usec): min=571 , max=246462 , avg=4010.75, stdev=16333.55
    clat percentiles (usec):
     |  1.00th=[  684],  5.00th=[  844], 10.00th=[ 1012], 20.00th=[ 1256],
     | 30.00th=[ 1464], 40.00th=[ 1672], 50.00th=[ 1880], 60.00th=[ 2160],
     | 70.00th=[ 2608], 80.00th=[ 3472], 90.00th=[ 5472], 95.00th=[ 7328],
     | 99.00th=[25728], 99.50th=[201728], 99.90th=[209920], 99.95th=[216064],
     | 99.99th=[234496]
    bw (KB/s)  : min= 3584, max=14576, per=25.10%, avg=8003.05, stdev=2380.95
    lat (usec) : 750=2.63%, 1000=7.06%
    lat (msec) : 2=44.66%, 4=28.94%, 10=14.48%, 20=1.05%, 50=0.47%
    lat (msec) : 100=0.08%, 250=0.63%
  cpu          : usr=0.11%, sys=1.00%, ctx=41828, majf=0, minf=140
  IO depths    : 1=100.0%, 2=0.0%, 4=0.0%, 8=0.0%, 16=0.0%, 32=0.0%, >=64=0.0%
     submit    : 0=0.0%, 4=100.0%, 8=0.0%, 16=0.0%, 32=0.0%, 64=0.0%, >=64=0.0%
     complete  : 0=0.0%, 4=100.0%, 8=0.0%, 16=0.0%, 32=0.0%, 64=0.0%, >=64=0.0%
     issued    : total=r=29900/w=0/d=0, short=r=0/w=0/d=0

Run status group 0 (all jobs):
   READ: io=956800KB, aggrb=31891KB/s, minb=31891KB/s, maxb=31891KB/s, mint=30002msec, maxt=30002msec

Disk stats (read/write):
    md0: ios=32202/0, merge=0/0, ticks=0/0, in_queue=0, util=0.00%, aggrios=8425/239, aggrmerge=117/0, aggrticks=30592/3627, aggrin_queue=34216, aggrutil=73.45%
  xvdf: ios=16371/0, merge=242/0, ticks=64636/0, in_queue=64624, util=73.45%
  xvdg: ios=479/479, merge=0/0, ticks=4784/6012, in_queue=10796, util=6.15%
  xvdh: ios=16373/0, merge=227/0, ticks=48528/0, in_queue=48528, util=60.81%
  xvdi: ios=480/480, merge=0/0, ticks=4420/8496, in_queue=12916, util=5.23%
## BS:64k, SCR:fio-seq-read, NUM: 4, SIZE: 256m
seq-read: (g=0): rw=read, bs=64K-64K/64K-64K/64K-64K, ioengine=sync, iodepth=1
...
seq-read: (g=0): rw=read, bs=64K-64K/64K-64K/64K-64K, ioengine=sync, iodepth=1
fio-2.0.13
Starting 4 processes

seq-read: (groupid=0, jobs=4): err= 0: pid=19869: Mon Oct  7 17:19:35 2013
  read : io=1000.1MB, bw=34148KB/s, iops=533 , runt= 30015msec
    clat (usec): min=929 , max=1421.5K, avg=7491.86, stdev=34802.46
     lat (usec): min=929 , max=1421.5K, avg=7492.04, stdev=34802.46
    clat percentiles (usec):
     |  1.00th=[ 1112],  5.00th=[ 1464], 10.00th=[ 1768], 20.00th=[ 2288],
     | 30.00th=[ 2736], 40.00th=[ 3248], 50.00th=[ 3792], 60.00th=[ 4448],
     | 70.00th=[ 5344], 80.00th=[ 6816], 90.00th=[ 9280], 95.00th=[12480],
     | 99.00th=[85504], 99.50th=[207872], 99.90th=[222208], 99.95th=[261120],
     | 99.99th=[1417216]
    bw (KB/s)  : min=  903, max=24271, per=27.04%, avg=9233.70, stdev=4270.81
    lat (usec) : 1000=0.20%
    lat (msec) : 2=13.74%, 4=40.27%, 10=37.32%, 20=6.03%, 50=1.24%
    lat (msec) : 100=0.21%, 250=0.93%, 500=0.01%, 2000=0.05%
  cpu          : usr=0.05%, sys=0.59%, ctx=22622, majf=0, minf=172
  IO depths    : 1=100.0%, 2=0.0%, 4=0.0%, 8=0.0%, 16=0.0%, 32=0.0%, >=64=0.0%
     submit    : 0=0.0%, 4=100.0%, 8=0.0%, 16=0.0%, 32=0.0%, 64=0.0%, >=64=0.0%
     complete  : 0=0.0%, 4=100.0%, 8=0.0%, 16=0.0%, 32=0.0%, 64=0.0%, >=64=0.0%
     issued    : total=r=16015/w=0/d=0, short=r=0/w=0/d=0

Run status group 0 (all jobs):
   READ: io=1000.1MB, aggrb=34148KB/s, minb=34148KB/s, maxb=34148KB/s, mint=30015msec, maxt=30015msec

Disk stats (read/write):
    md0: ios=35532/0, merge=0/0, ticks=0/0, in_queue=0, util=0.00%, aggrios=8576/101, aggrmerge=566/0, aggrticks=44935/355, aggrin_queue=45324, aggrutil=64.48%
  xvdf: ios=16896/0, merge=1169/0, ticks=96924/0, in_queue=97052, util=64.48%
  xvdg: ios=257/198, merge=0/0, ticks=2268/880, in_queue=3148, util=10.27%
  xvdh: ios=16894/0, merge=1097/0, ticks=78940/0, in_queue=78940, util=58.62%
  xvdi: ios=257/206, merge=0/0, ticks=1608/540, in_queue=2156, util=6.97%
## BS:1k, SCR:fio-seq-rw, NUM: 4, SIZE: 256m
seq-read: (g=0): rw=rw, bs=1K-1K/1K-1K/1K-1K, ioengine=sync, iodepth=1
...
seq-read: (g=0): rw=rw, bs=1K-1K/1K-1K/1K-1K, ioengine=sync, iodepth=1
fio-2.0.13
Starting 4 processes

seq-read: (groupid=0, jobs=4): err= 0: pid=19875: Mon Oct  7 17:20:06 2013
  read : io=17774KB, bw=602508 B/s, iops=588 , runt= 30208msec
    clat (usec): min=239 , max=1971.1K, avg=1724.13, stdev=19072.92
     lat (usec): min=239 , max=1971.1K, avg=1724.32, stdev=19072.93
    clat percentiles (usec):
     |  1.00th=[  306],  5.00th=[  354], 10.00th=[  422], 20.00th=[  548],
     | 30.00th=[  660], 40.00th=[  772], 50.00th=[  860], 60.00th=[  980],
     | 70.00th=[ 1128], 80.00th=[ 1368], 90.00th=[ 2024], 95.00th=[ 5152],
     | 99.00th=[13248], 99.50th=[21888], 99.90th=[42752], 99.95th=[68096],
     | 99.99th=[1515520]
    bw (KB/s)  : min=    0, max=  479, per=30.38%, avg=178.63, stdev=105.03
  write: io=17736KB, bw=601220 B/s, iops=587 , runt= 30208msec
    clat (usec): min=580 , max=1974.3K, avg=5078.33, stdev=48299.83
     lat (usec): min=580 , max=1974.3K, avg=5078.58, stdev=48299.85
    clat percentiles (usec):
     |  1.00th=[  684],  5.00th=[  900], 10.00th=[ 1080], 20.00th=[ 1320],
     | 30.00th=[ 1528], 40.00th=[ 1704], 50.00th=[ 1896], 60.00th=[ 2192],
     | 70.00th=[ 2576], 80.00th=[ 3248], 90.00th=[ 6816], 95.00th=[11968],
     | 99.00th=[33024], 99.50th=[43776], 99.90th=[856064], 99.95th=[1515520],
     | 99.99th=[1974272]
    bw (KB/s)  : min=    0, max=  403, per=30.32%, avg=177.99, stdev=104.93
    lat (usec) : 250=0.01%, 500=7.79%, 750=12.26%, 1000=14.68%
    lat (msec) : 2=37.28%, 4=16.95%, 10=7.08%, 20=2.39%, 50=1.34%
    lat (msec) : 100=0.14%, 250=0.03%, 500=0.01%, 1000=0.01%, 2000=0.04%
  cpu          : usr=0.08%, sys=0.99%, ctx=42239, majf=0, minf=111
  IO depths    : 1=100.0%, 2=0.0%, 4=0.0%, 8=0.0%, 16=0.0%, 32=0.0%, >=64=0.0%
     submit    : 0=0.0%, 4=100.0%, 8=0.0%, 16=0.0%, 32=0.0%, 64=0.0%, >=64=0.0%
     complete  : 0=0.0%, 4=100.0%, 8=0.0%, 16=0.0%, 32=0.0%, 64=0.0%, >=64=0.0%
     issued    : total=r=17774/w=17736/d=0, short=r=0/w=0/d=0

Run status group 0 (all jobs):
   READ: io=17774KB, aggrb=588KB/s, minb=588KB/s, maxb=588KB/s, mint=30208msec, maxt=30208msec
  WRITE: io=17736KB, aggrb=587KB/s, minb=587KB/s, maxb=587KB/s, mint=30208msec, maxt=30208msec

Disk stats (read/write):
    md0: ios=17774/17751, merge=0/0, ticks=0/0, in_queue=0, util=0.00%, aggrios=4713/8993, aggrmerge=0/2, aggrticks=6691/24902, aggrin_queue=34926, aggrutil=71.33%
  xvdf: ios=9199/8774, merge=0/5, ticks=15064/38788, in_queue=57020, util=71.33%
  xvdg: ios=265/9014, merge=0/5, ticks=1012/19836, in_queue=24300, util=41.79%
  xvdh: ios=9129/8972, merge=0/0, ticks=10152/15336, in_queue=28408, util=40.81%
  xvdi: ios=259/9215, merge=0/0, ticks=536/25648, in_queue=29976, util=44.26%
## BS:2k, SCR:fio-seq-rw, NUM: 4, SIZE: 256m
seq-read: (g=0): rw=rw, bs=2K-2K/2K-2K/2K-2K, ioengine=sync, iodepth=1
...
seq-read: (g=0): rw=rw, bs=2K-2K/2K-2K/2K-2K, ioengine=sync, iodepth=1
fio-2.0.13
Starting 4 processes

seq-read: (groupid=0, jobs=4): err= 0: pid=19881: Mon Oct  7 17:20:37 2013
  read : io=38482KB, bw=1270.6KB/s, iops=635 , runt= 30289msec
    clat (usec): min=262 , max=1778.1K, avg=1501.11, stdev=24346.36
     lat (usec): min=262 , max=1778.1K, avg=1501.30, stdev=24346.36
    clat percentiles (usec):
     |  1.00th=[  318],  5.00th=[  358], 10.00th=[  390], 20.00th=[  466],
     | 30.00th=[  548], 40.00th=[  628], 50.00th=[  716], 60.00th=[  820],
     | 70.00th=[  940], 80.00th=[ 1112], 90.00th=[ 1464], 95.00th=[ 1896],
     | 99.00th=[ 7584], 99.50th=[15168], 99.90th=[49920], 99.95th=[236544],
     | 99.99th=[1777664]
    bw (KB/s)  : min=    2, max=  922, per=31.30%, avg=397.56, stdev=209.90
  write: io=38440KB, bw=1269.2KB/s, iops=634 , runt= 30289msec
    clat (usec): min=589 , max=1841.6K, avg=4749.93, stdev=44706.59
     lat (usec): min=589 , max=1841.6K, avg=4750.25, stdev=44706.62
    clat percentiles (usec):
     |  1.00th=[  684],  5.00th=[  796], 10.00th=[  924], 20.00th=[ 1128],
     | 30.00th=[ 1288], 40.00th=[ 1480], 50.00th=[ 1672], 60.00th=[ 1896],
     | 70.00th=[ 2192], 80.00th=[ 2672], 90.00th=[ 4192], 95.00th=[10304],
     | 99.00th=[35072], 99.50th=[48896], 99.90th=[937984], 99.95th=[1220608],
     | 99.99th=[1761280]
    bw (KB/s)  : min=    1, max=  868, per=31.07%, avg=394.32, stdev=210.96
    lat (usec) : 500=12.15%, 750=16.06%, 1000=15.44%
    lat (msec) : 2=36.07%, 4=14.14%, 10=3.15%, 20=1.69%, 50=1.01%
    lat (msec) : 100=0.16%, 250=0.01%, 500=0.03%, 750=0.01%, 1000=0.03%
    lat (msec) : 2000=0.05%
  cpu          : usr=0.15%, sys=0.96%, ctx=39589, majf=0, minf=111
  IO depths    : 1=100.0%, 2=0.0%, 4=0.0%, 8=0.0%, 16=0.0%, 32=0.0%, >=64=0.0%
     submit    : 0=0.0%, 4=100.0%, 8=0.0%, 16=0.0%, 32=0.0%, 64=0.0%, >=64=0.0%
     complete  : 0=0.0%, 4=100.0%, 8=0.0%, 16=0.0%, 32=0.0%, 64=0.0%, >=64=0.0%
     issued    : total=r=19241/w=19220/d=0, short=r=0/w=0/d=0

Run status group 0 (all jobs):
   READ: io=38482KB, aggrb=1270KB/s, minb=1270KB/s, maxb=1270KB/s, mint=30289msec, maxt=30289msec
  WRITE: io=38440KB, aggrb=1269KB/s, minb=1269KB/s, maxb=1269KB/s, mint=30289msec, maxt=30289msec

Disk stats (read/write):
    md0: ios=19241/19238, merge=0/0, ticks=0/0, in_queue=0, util=0.00%, aggrios=4918/9741, aggrmerge=0/3, aggrticks=20643/48665, aggrin_queue=57652, aggrutil=68.57%
  xvdf: ios=9772/9627, merge=0/6, ticks=19212/41624, in_queue=60740, util=68.57%
  xvdg: ios=193/9969, merge=0/6, ticks=45780/98964, in_queue=102748, util=45.86%
  xvdh: ios=9597/9605, merge=0/0, ticks=9300/14448, in_queue=23680, util=33.03%
  xvdi: ios=110/9765, merge=0/0, ticks=8280/39624, in_queue=43440, util=40.78%
## BS:4k, SCR:fio-seq-rw, NUM: 4, SIZE: 256m
seq-read: (g=0): rw=rw, bs=4K-4K/4K-4K/4K-4K, ioengine=sync, iodepth=1
...
seq-read: (g=0): rw=rw, bs=4K-4K/4K-4K/4K-4K, ioengine=sync, iodepth=1
fio-2.0.13
Starting 4 processes

seq-read: (groupid=0, jobs=4): err= 0: pid=19887: Mon Oct  7 17:21:09 2013
  read : io=168108KB, bw=5603.5KB/s, iops=1400 , runt= 30001msec
    clat (usec): min=260 , max=390172 , avg=1139.84, stdev=4875.72
     lat (usec): min=260 , max=390172 , avg=1140.02, stdev=4875.72
    clat percentiles (usec):
     |  1.00th=[  318],  5.00th=[  358], 10.00th=[  386], 20.00th=[  446],
     | 30.00th=[  510], 40.00th=[  572], 50.00th=[  644], 60.00th=[  732],
     | 70.00th=[  836], 80.00th=[ 1004], 90.00th=[ 1416], 95.00th=[ 2512],
     | 99.00th=[ 9280], 99.50th=[17280], 99.90th=[38144], 99.95th=[46848],
     | 99.99th=[259072]
    bw (KB/s)  : min=  247, max= 2392, per=25.20%, avg=1412.21, stdev=470.13
  write: io=165736KB, bw=5524.4KB/s, iops=1381 , runt= 30001msec
    clat (usec): min=622 , max=834358 , avg=1734.11, stdev=5024.64
     lat (usec): min=622 , max=834359 , avg=1734.58, stdev=5024.65
    clat percentiles (usec):
     |  1.00th=[  700],  5.00th=[  772], 10.00th=[  836], 20.00th=[  956],
     | 30.00th=[ 1080], 40.00th=[ 1192], 50.00th=[ 1304], 60.00th=[ 1464],
     | 70.00th=[ 1640], 80.00th=[ 1896], 90.00th=[ 2448], 95.00th=[ 3472],
     | 99.00th=[ 7776], 99.50th=[10176], 99.90th=[37632], 99.95th=[38656],
     | 99.99th=[92672]
    bw (KB/s)  : min=  239, max= 2216, per=25.22%, avg=1392.89, stdev=457.70
    lat (usec) : 500=14.16%, 750=18.91%, 1000=18.86%
    lat (msec) : 2=36.39%, 4=7.97%, 10=3.00%, 20=0.36%, 50=0.32%
    lat (msec) : 100=0.01%, 250=0.01%, 500=0.01%, 1000=0.01%
  cpu          : usr=0.34%, sys=2.12%, ctx=92881, majf=0, minf=109
  IO depths    : 1=100.0%, 2=0.0%, 4=0.0%, 8=0.0%, 16=0.0%, 32=0.0%, >=64=0.0%
     submit    : 0=0.0%, 4=100.0%, 8=0.0%, 16=0.0%, 32=0.0%, 64=0.0%, >=64=0.0%
     complete  : 0=0.0%, 4=100.0%, 8=0.0%, 16=0.0%, 32=0.0%, 64=0.0%, >=64=0.0%
     issued    : total=r=42027/w=41434/d=0, short=r=0/w=0/d=0

Run status group 0 (all jobs):
   READ: io=168108KB, aggrb=5603KB/s, minb=5603KB/s, maxb=5603KB/s, mint=30001msec, maxt=30001msec
  WRITE: io=165736KB, aggrb=5524KB/s, minb=5524KB/s, maxb=5524KB/s, mint=30001msec, maxt=30001msec

Disk stats (read/write):
    md0: ios=41808/41276, merge=0/0, ticks=0/0, in_queue=0, util=0.00%, aggrios=10899/20950, aggrmerge=0/3, aggrticks=37271/36161, aggrin_queue=65694, aggrutil=75.92%
  xvdf: ios=21370/20728, merge=0/6, ticks=71404/29152, in_queue=92828, util=73.73%
  xvdg: ios=390/21184, merge=0/6, ticks=16364/35156, in_queue=43744, util=57.80%
  xvdh: ios=21451/20718, merge=0/0, ticks=42740/28240, in_queue=64000, util=75.92%
  xvdi: ios=386/21172, merge=0/0, ticks=18576/52096, in_queue=62204, util=52.57%
## BS:8k, SCR:fio-seq-rw, NUM: 4, SIZE: 256m
seq-read: (g=0): rw=rw, bs=8K-8K/8K-8K/8K-8K, ioengine=sync, iodepth=1
...
seq-read: (g=0): rw=rw, bs=8K-8K/8K-8K/8K-8K, ioengine=sync, iodepth=1
fio-2.0.13
Starting 4 processes

seq-read: (groupid=0, jobs=4): err= 0: pid=19893: Mon Oct  7 17:21:40 2013
  read : io=248696KB, bw=8282.2KB/s, iops=1035 , runt= 30028msec
    clat (usec): min=317 , max=1529.1K, avg=1547.47, stdev=12564.34
     lat (usec): min=317 , max=1529.1K, avg=1547.65, stdev=12564.34
    clat percentiles (usec):
     |  1.00th=[  382],  5.00th=[  434], 10.00th=[  478], 20.00th=[  564],
     | 30.00th=[  644], 40.00th=[  732], 50.00th=[  820], 60.00th=[  924],
     | 70.00th=[ 1064], 80.00th=[ 1256], 90.00th=[ 1672], 95.00th=[ 2576],
     | 99.00th=[10048], 99.50th=[24704], 99.90th=[74240], 99.95th=[84480],
     | 99.99th=[749568]
    bw (KB/s)  : min=   48, max= 3600, per=25.57%, avg=2117.44, stdev=914.30
  write: io=249520KB, bw=8309.6KB/s, iops=1038 , runt= 30028msec
    clat (usec): min=758 , max=326647 , avg=2298.78, stdev=4753.02
     lat (usec): min=758 , max=326648 , avg=2300.39, stdev=4753.00
    clat percentiles (usec):
     |  1.00th=[  860],  5.00th=[  972], 10.00th=[ 1080], 20.00th=[ 1256],
     | 30.00th=[ 1400], 40.00th=[ 1544], 50.00th=[ 1704], 60.00th=[ 1864],
     | 70.00th=[ 2064], 80.00th=[ 2352], 90.00th=[ 2992], 95.00th=[ 4128],
     | 99.00th=[10304], 99.50th=[23680], 99.90th=[69120], 99.95th=[74240],
     | 99.99th=[93696]
    bw (KB/s)  : min=   38, max= 3481, per=25.54%, avg=2122.45, stdev=914.32
    lat (usec) : 500=6.22%, 750=14.88%, 1000=14.96%
    lat (msec) : 2=43.75%, 4=15.76%, 10=3.39%, 20=0.49%, 50=0.22%
    lat (msec) : 100=0.31%, 250=0.01%, 500=0.01%, 750=0.01%, 2000=0.01%
  cpu          : usr=0.31%, sys=1.60%, ctx=70872, majf=0, minf=108
  IO depths    : 1=100.0%, 2=0.0%, 4=0.0%, 8=0.0%, 16=0.0%, 32=0.0%, >=64=0.0%
     submit    : 0=0.0%, 4=100.0%, 8=0.0%, 16=0.0%, 32=0.0%, 64=0.0%, >=64=0.0%
     complete  : 0=0.0%, 4=100.0%, 8=0.0%, 16=0.0%, 32=0.0%, 64=0.0%, >=64=0.0%
     issued    : total=r=31087/w=31190/d=0, short=r=0/w=0/d=0

Run status group 0 (all jobs):
   READ: io=248696KB, aggrb=8282KB/s, minb=8282KB/s, maxb=8282KB/s, mint=30028msec, maxt=30028msec
  WRITE: io=249520KB, aggrb=8309KB/s, minb=8309KB/s, maxb=8309KB/s, mint=30028msec, maxt=30028msec

Disk stats (read/write):
    md0: ios=31292/31379, merge=0/0, ticks=0/0, in_queue=0, util=0.00%, aggrios=8252/15903, aggrmerge=0/3, aggrticks=25011/38907, aggrin_queue=63914, aggrutil=72.62%
  xvdf: ios=16031/15772, merge=0/6, ticks=27176/27420, in_queue=54588, util=69.99%
  xvdg: ios=416/16141, merge=0/6, ticks=21276/57756, in_queue=79032, util=63.96%
  xvdh: ios=16146/15664, merge=0/0, ticks=39160/25032, in_queue=64184, util=72.62%
  xvdi: ios=418/16035, merge=0/0, ticks=12432/45420, in_queue=57852, util=53.59%
## BS:16k, SCR:fio-seq-rw, NUM: 4, SIZE: 256m
seq-read: (g=0): rw=rw, bs=16K-16K/16K-16K/16K-16K, ioengine=sync, iodepth=1
...
seq-read: (g=0): rw=rw, bs=16K-16K/16K-16K/16K-16K, ioengine=sync, iodepth=1
fio-2.0.13
Starting 4 processes

seq-read: (groupid=0, jobs=4): err= 0: pid=19899: Mon Oct  7 17:22:11 2013
  read : io=323360KB, bw=10680KB/s, iops=667 , runt= 30277msec
    clat (usec): min=400 , max=897455 , avg=2318.38, stdev=8383.24
     lat (usec): min=400 , max=897455 , avg=2318.59, stdev=8383.24
    clat percentiles (usec):
     |  1.00th=[  486],  5.00th=[  556], 10.00th=[  644], 20.00th=[  780],
     | 30.00th=[  908], 40.00th=[ 1032], 50.00th=[ 1176], 60.00th=[ 1336],
     | 70.00th=[ 1592], 80.00th=[ 1992], 90.00th=[ 4192], 95.00th=[ 6880],
     | 99.00th=[18560], 99.50th=[42752], 99.90th=[72192], 99.95th=[76288],
     | 99.99th=[90624]
    bw (KB/s)  : min=  476, max= 4950, per=25.22%, avg=2693.39, stdev=1224.92
  write: io=329488KB, bw=10882KB/s, iops=680 , runt= 30277msec
    clat (usec): min=943 , max=94313 , avg=3556.22, stdev=6510.79
     lat (usec): min=948 , max=94314 , avg=3559.08, stdev=6510.85
    clat percentiles (usec):
     |  1.00th=[ 1192],  5.00th=[ 1384], 10.00th=[ 1528], 20.00th=[ 1720],
     | 30.00th=[ 1896], 40.00th=[ 2064], 50.00th=[ 2256], 60.00th=[ 2480],
     | 70.00th=[ 2800], 80.00th=[ 3376], 90.00th=[ 6048], 95.00th=[ 8384],
     | 99.00th=[23168], 99.50th=[68096], 99.90th=[77312], 99.95th=[79360],
     | 99.99th=[93696]
    bw (KB/s)  : min=  540, max= 4950, per=25.22%, avg=2744.31, stdev=1228.47
    lat (usec) : 500=0.81%, 750=8.05%, 1000=9.86%
    lat (msec) : 2=39.14%, 4=29.15%, 10=10.34%, 20=1.64%, 50=0.39%
    lat (msec) : 100=0.62%, 250=0.01%, 1000=0.01%
  cpu          : usr=0.24%, sys=1.17%, ctx=52863, majf=0, minf=108
  IO depths    : 1=100.0%, 2=0.0%, 4=0.0%, 8=0.0%, 16=0.0%, 32=0.0%, >=64=0.0%
     submit    : 0=0.0%, 4=100.0%, 8=0.0%, 16=0.0%, 32=0.0%, 64=0.0%, >=64=0.0%
     complete  : 0=0.0%, 4=100.0%, 8=0.0%, 16=0.0%, 32=0.0%, 64=0.0%, >=64=0.0%
     issued    : total=r=20210/w=20593/d=0, short=r=0/w=0/d=0

Run status group 0 (all jobs):
   READ: io=323360KB, aggrb=10680KB/s, minb=10680KB/s, maxb=10680KB/s, mint=30277msec, maxt=30277msec
  WRITE: io=329488KB, aggrb=10882KB/s, minb=10882KB/s, maxb=10882KB/s, mint=30277msec, maxt=30277msec

Disk stats (read/write):
    md0: ios=20850/21240, merge=0/0, ticks=0/0, in_queue=0, util=0.00%, aggrios=5599/10756, aggrmerge=42/78, aggrticks=9399/25629, aggrin_queue=35027, aggrutil=67.63%
  xvdf: ios=10746/10581, merge=86/90, ticks=18116/26228, in_queue=44344, util=67.63%
  xvdg: ios=426/11007, merge=0/90, ticks=772/27204, in_queue=27976, util=60.70%
  xvdh: ios=10792/10502, merge=84/67, ticks=18052/23196, in_queue=41248, util=65.78%
  xvdi: ios=432/10934, merge=0/67, ticks=656/25888, in_queue=26540, util=56.25%
## BS:32k, SCR:fio-seq-rw, NUM: 4, SIZE: 256m
seq-read: (g=0): rw=rw, bs=32K-32K/32K-32K/32K-32K, ioengine=sync, iodepth=1
...
seq-read: (g=0): rw=rw, bs=32K-32K/32K-32K/32K-32K, ioengine=sync, iodepth=1
fio-2.0.13
Starting 4 processes

seq-read: (groupid=0, jobs=4): err= 0: pid=19905: Mon Oct  7 17:22:41 2013
  read : io=411264KB, bw=13706KB/s, iops=428 , runt= 30006msec
    clat (usec): min=545 , max=398926 , avg=3659.51, stdev=10738.70
     lat (usec): min=545 , max=398926 , avg=3659.73, stdev=10738.71
    clat percentiles (usec):
     |  1.00th=[  652],  5.00th=[  764], 10.00th=[  892], 20.00th=[ 1096],
     | 30.00th=[ 1288], 40.00th=[ 1480], 50.00th=[ 1704], 60.00th=[ 1960],
     | 70.00th=[ 2288], 80.00th=[ 2864], 90.00th=[ 4640], 95.00th=[ 7968],
     | 99.00th=[69120], 99.50th=[73216], 99.90th=[91648], 99.95th=[110080],
     | 99.99th=[399360]
    bw (KB/s)  : min=  337, max= 7232, per=25.15%, avg=3447.43, stdev=1627.53
  write: io=410624KB, bw=13685KB/s, iops=427 , runt= 30006msec
    clat (msec): min=1 , max=402 , avg= 5.67, stdev=12.32
     lat (msec): min=1 , max=402 , avg= 5.68, stdev=12.32
    clat percentiles (usec):
     |  1.00th=[ 1704],  5.00th=[ 1976], 10.00th=[ 2160], 20.00th=[ 2416],
     | 30.00th=[ 2672], 40.00th=[ 2896], 50.00th=[ 3184], 60.00th=[ 3504],
     | 70.00th=[ 3920], 80.00th=[ 4640], 90.00th=[ 6752], 95.00th=[10432],
     | 99.00th=[71168], 99.50th=[75264], 99.90th=[86528], 99.95th=[96768],
     | 99.99th=[399360]
    bw (KB/s)  : min=  393, max= 6770, per=25.20%, avg=3448.29, stdev=1566.51
    lat (usec) : 750=2.20%, 1000=5.19%
    lat (msec) : 2=26.13%, 4=46.35%, 10=15.53%, 20=1.89%, 50=0.54%
    lat (msec) : 100=2.10%, 250=0.04%, 500=0.02%
  cpu          : usr=0.20%, sys=0.85%, ctx=32965, majf=0, minf=108
  IO depths    : 1=100.0%, 2=0.0%, 4=0.0%, 8=0.0%, 16=0.0%, 32=0.0%, >=64=0.0%
     submit    : 0=0.0%, 4=100.0%, 8=0.0%, 16=0.0%, 32=0.0%, 64=0.0%, >=64=0.0%
     complete  : 0=0.0%, 4=100.0%, 8=0.0%, 16=0.0%, 32=0.0%, 64=0.0%, >=64=0.0%
     issued    : total=r=12852/w=12832/d=0, short=r=0/w=0/d=0

Run status group 0 (all jobs):
   READ: io=411264KB, aggrb=13706KB/s, minb=13706KB/s, maxb=13706KB/s, mint=30006msec, maxt=30006msec
  WRITE: io=410624KB, aggrb=13684KB/s, minb=13684KB/s, maxb=13684KB/s, mint=30006msec, maxt=30006msec

Disk stats (read/write):
    md0: ios=13818/13858, merge=0/0, ticks=0/0, in_queue=0, util=0.00%, aggrios=3776/7013, aggrmerge=48/106, aggrticks=27869/43512, aggrin_queue=71376, aggrutil=78.91%
  xvdf: ios=7258/6772, merge=107/107, ticks=31860/32660, in_queue=64516, util=78.91%
  xvdg: ios=367/7139, merge=0/107, ticks=21616/63312, in_queue=84928, util=60.15%
  xvdh: ios=7122/6891, merge=87/106, ticks=41084/24912, in_queue=65984, util=71.52%
  xvdi: ios=360/7251, merge=0/106, ticks=16916/53164, in_queue=70076, util=58.06%
## BS:64k, SCR:fio-seq-rw, NUM: 4, SIZE: 256m
seq-read: (g=0): rw=rw, bs=64K-64K/64K-64K/64K-64K, ioengine=sync, iodepth=1
...
seq-read: (g=0): rw=rw, bs=64K-64K/64K-64K/64K-64K, ioengine=sync, iodepth=1
fio-2.0.13
Starting 4 processes

seq-read: (groupid=0, jobs=4): err= 0: pid=19911: Mon Oct  7 17:23:12 2013
  read : io=404032KB, bw=13464KB/s, iops=210 , runt= 30008msec
    clat (usec): min=888 , max=115514 , avg=7088.12, stdev=14278.31
     lat (usec): min=888 , max=115514 , avg=7088.34, stdev=14278.31
    clat percentiles (usec):
     |  1.00th=[ 1064],  5.00th=[ 1256], 10.00th=[ 1448], 20.00th=[ 1864],
     | 30.00th=[ 2288], 40.00th=[ 2704], 50.00th=[ 3152], 60.00th=[ 3856],
     | 70.00th=[ 4960], 80.00th=[ 7072], 90.00th=[10432], 95.00th=[15680],
     | 99.00th=[77312], 99.50th=[80384], 99.90th=[87552], 99.95th=[102912],
     | 99.99th=[115200]
    bw (KB/s)  : min=  481, max= 7544, per=25.46%, avg=3428.12, stdev=1516.41
  write: io=412288KB, bw=13739KB/s, iops=214 , runt= 30008msec
    clat (msec): min=2 , max=118 , avg=11.66, stdev=17.53
     lat (msec): min=2 , max=118 , avg=11.68, stdev=17.53
    clat percentiles (msec):
     |  1.00th=[    4],  5.00th=[    4], 10.00th=[    4], 20.00th=[    5],
     | 30.00th=[    5], 40.00th=[    6], 50.00th=[    7], 60.00th=[    8],
     | 70.00th=[    9], 80.00th=[   11], 90.00th=[   16], 95.00th=[   72],
     | 99.00th=[   81], 99.50th=[   83], 99.90th=[  105], 99.95th=[  114],
     | 99.99th=[  119]
    bw (KB/s)  : min= 1054, max= 7281, per=25.37%, avg=3485.22, stdev=1461.63
    lat (usec) : 1000=0.15%
    lat (msec) : 2=11.23%, 4=24.95%, 10=46.97%, 20=10.76%, 50=0.49%
    lat (msec) : 100=5.35%, 250=0.09%
  cpu          : usr=0.17%, sys=0.49%, ctx=21442, majf=0, minf=108
  IO depths    : 1=100.0%, 2=0.0%, 4=0.0%, 8=0.0%, 16=0.0%, 32=0.0%, >=64=0.0%
     submit    : 0=0.0%, 4=100.0%, 8=0.0%, 16=0.0%, 32=0.0%, 64=0.0%, >=64=0.0%
     complete  : 0=0.0%, 4=100.0%, 8=0.0%, 16=0.0%, 32=0.0%, 64=0.0%, >=64=0.0%
     issued    : total=r=6313/w=6442/d=0, short=r=0/w=0/d=0

Run status group 0 (all jobs):
   READ: io=404032KB, aggrb=13464KB/s, minb=13464KB/s, maxb=13464KB/s, mint=30008msec, maxt=30008msec
  WRITE: io=412288KB, aggrb=13739KB/s, minb=13739KB/s, maxb=13739KB/s, mint=30008msec, maxt=30008msec

Disk stats (read/write):
    md0: ios=14069/14197, merge=0/0, ticks=0/0, in_queue=0, util=0.00%, aggrios=3606/6848, aggrmerge=236/433, aggrticks=16400/51570, aggrin_queue=68397, aggrutil=74.79%
  xvdf: ios=6913/6675, merge=512/436, ticks=37196/63708, in_queue=101336, util=74.79%
  xvdg: ios=310/6983, merge=0/436, ticks=812/51068, in_queue=52368, util=61.30%
  xvdh: ios=6880/6712, merge=435/430, ticks=26940/43828, in_queue=71076, util=59.47%
  xvdi: ios=324/7024, merge=0/430, ticks=652/47676, in_queue=48808, util=56.47%
